# nnet3-info exp/dihard3_sad_tdnn_stats/218.raw && nnet3-show-progress --use-gpu=no exp/dihard3_sad_tdnn_stats/217.raw exp/dihard3_sad_tdnn_stats/218.raw 
# Started at Sat Nov 28 18:50:24 EST 2020
#
nnet3-info exp/dihard3_sad_tdnn_stats/218.raw 
left-context: 24
right-context: 46
num-parameters: 1229878
modulus: 18
input-node name=input dim=40
component-node name=lda component=lda input=Append(Offset(input, -2), Offset(input, -1), input, Offset(input, 1), Offset(input, 2)) input-dim=200 output-dim=200
component-node name=tdnn1.affine component=tdnn1.affine input=lda input-dim=200 output-dim=255
component-node name=tdnn1.relu component=tdnn1.relu input=tdnn1.affine input-dim=255 output-dim=255
component-node name=tdnn1.renorm component=tdnn1.renorm input=tdnn1.relu input-dim=255 output-dim=256
component-node name=tdnn2.affine component=tdnn2.affine input=Append(Offset(tdnn1.renorm, -1), tdnn1.renorm, Offset(tdnn1.renorm, 1), Offset(tdnn1.renorm, 2)) input-dim=1024 output-dim=255
component-node name=tdnn2.relu component=tdnn2.relu input=tdnn2.affine input-dim=255 output-dim=255
component-node name=tdnn2.renorm component=tdnn2.renorm input=tdnn2.relu input-dim=255 output-dim=256
component-node name=tdnn3.affine component=tdnn3.affine input=Append(Offset(tdnn2.renorm, -3), tdnn2.renorm, Offset(tdnn2.renorm, 3), Offset(tdnn2.renorm, 6)) input-dim=1024 output-dim=255
component-node name=tdnn3.relu component=tdnn3.relu input=tdnn3.affine input-dim=255 output-dim=255
component-node name=tdnn3.renorm component=tdnn3.renorm input=tdnn3.relu input-dim=255 output-dim=256
component-node name=tdnn3_stats-extraction-99-99 component=tdnn3_stats-extraction-99-99 input=tdnn3.renorm input-dim=256 output-dim=257
component-node name=tdnn3_stats-pooling-99-99 component=tdnn3_stats-pooling-99-99 input=tdnn3_stats-extraction-99-99 input-dim=257 output-dim=257
component-node name=tdnn4.affine component=tdnn4.affine input=Append(Offset(tdnn3.renorm, -6), tdnn3.renorm, Offset(tdnn3.renorm, 6), Offset(tdnn3.renorm, 12), Round(tdnn3_stats-pooling-99-99, 9)) input-dim=1281 output-dim=255
component-node name=tdnn4.relu component=tdnn4.relu input=tdnn4.affine input-dim=255 output-dim=255
component-node name=tdnn4.renorm component=tdnn4.renorm input=tdnn4.relu input-dim=255 output-dim=256
component-node name=tdnn4_stats-extraction-108-108 component=tdnn4_stats-extraction-108-108 input=tdnn4.renorm input-dim=256 output-dim=257
component-node name=tdnn4_stats-pooling-108-108 component=tdnn4_stats-pooling-108-108 input=tdnn4_stats-extraction-108-108 input-dim=257 output-dim=257
component-node name=tdnn5.affine component=tdnn5.affine input=Append(Offset(tdnn4.renorm, -12), tdnn4.renorm, Offset(tdnn4.renorm, 12), Offset(tdnn4.renorm, 24), Round(tdnn4_stats-pooling-108-108, 18)) input-dim=1281 output-dim=256
component-node name=tdnn5.relu component=tdnn5.relu input=tdnn5.affine input-dim=256 output-dim=256
component-node name=tdnn5.renorm component=tdnn5.renorm input=tdnn5.relu input-dim=256 output-dim=256
component-node name=output.affine component=output.affine input=tdnn5.renorm input-dim=256 output-dim=3
component-node name=output.log-softmax component=output.log-softmax input=output.affine input-dim=3 output-dim=3
output-node name=output input=output.log-softmax dim=3 objective=linear
component name=lda type=FixedAffineComponent, input-dim=200, output-dim=200, linear-params-rms=0.0017, bias-{mean,stddev}=0.01236,0.1777
component name=tdnn1.affine type=NaturalGradientAffineComponent, input-dim=200, output-dim=255, learning-rate=0.000254257, max-change=0.75, linear-params-rms=0.1349, linear-params-row-norms=[percentiles(0,1,2,5 10,20,50,80,90 95,98,99,100)=(0.86,0.89,0.91,0.92 0.96,0.99,1.1,2.4,2.7 3.0,3.4,4.3,5.3), mean=1.71, stddev=0.842], linear-params-col-norms=[percentiles(0,1,2,5 10,20,50,80,90 95,98,99,100)=(1.4,1.7,1.8,1.8 1.9,1.9,2.1,2.3,2.5 2.5,2.6,2.7,3.9), mean=2.14, stddev=0.262], bias-{mean,stddev}=-0.03603,0.5123, rank-in=20, rank-out=80, num-samples-history=2000, update-period=4, alpha=4
component name=tdnn1.relu type=RectifiedLinearComponent, dim=255, self-repair-scale=1e-05, count=1.81e+06, self-repaired-proportion=0.489329, value-avg=[percentiles(0,1,2,5 10,20,50,80,90 95,98,99,100)=(0,0,0,0 0,0,0.006,0.17,0.54 0.88,1.3,1.4,1.7), mean=0.152, stddev=0.307], deriv-avg=[percentiles(0,1,2,5 10,20,50,80,90 95,98,99,100)=(0,0,0,0 0,0,0.20,0.98,1.0 1.0,1.0,1.0,1.0), mean=0.428, stddev=0.421], oderiv-rms=[percentiles(0,1,2,5 10,20,50,80,90 95,98,99,100)=(0.006,0.007,0.007,0.007 0.008,0.008,0.02,0.09,0.12 0.13,0.14,0.16,0.21), mean=0.0496, stddev=0.0468], oderiv-count=1.59053e+06
component name=tdnn1.renorm type=NormalizeComponent, input-dim=255, output-dim=256, target-rms=1, add-log-stddev=true
component name=tdnn2.affine type=NaturalGradientAffineComponent, input-dim=1024, output-dim=255, learning-rate=0.000254257, max-change=0.75, linear-params-rms=0.09033, linear-params-row-norms=[percentiles(0,1,2,5 10,20,50,80,90 95,98,99,100)=(1.0,1.0,1.1,1.1 1.2,1.2,1.7,3.9,5.2 5.6,5.9,6.4,7.8), mean=2.43, stddev=1.56], linear-params-col-norms=[percentiles(0,1,2,5 10,20,50,80,90 95,98,99,100)=(0.40,0.44,0.46,0.47 0.48,0.49,0.57,2.0,2.3 2.4,2.8,2.9,3.1), mean=1.21, stddev=0.785], bias-{mean,stddev}=-0.01756,0.9787, rank-in=20, rank-out=80, num-samples-history=2000, update-period=4, alpha=4
component name=tdnn2.relu type=RectifiedLinearComponent, dim=255, self-repair-scale=1e-05, count=6.32e+05, self-repaired-proportion=0.00417242, value-avg=[percentiles(0,1,2,5 10,20,50,80,90 95,98,99,100)=(0.02,0.02,0.02,0.04 0.06,0.09,0.24,0.85,1.7 3.3,5.1,6.5,9.1), mean=0.736, stddev=1.35], deriv-avg=[percentiles(0,1,2,5 10,20,50,80,90 95,98,99,100)=(0.06,0.08,0.08,0.11 0.13,0.18,0.35,0.56,0.75 0.88,0.94,0.94,0.98), mean=0.392, stddev=0.229], oderiv-rms=[percentiles(0,1,2,5 10,20,50,80,90 95,98,99,100)=(0.002,0.002,0.002,0.002 0.002,0.002,0.003,0.008,0.01 0.01,0.02,0.02,0.02), mean=0.00508, stddev=0.00409], oderiv-count=548736
component name=tdnn2.renorm type=NormalizeComponent, input-dim=255, output-dim=256, target-rms=1, add-log-stddev=true
component name=tdnn3.affine type=NaturalGradientAffineComponent, input-dim=1024, output-dim=255, learning-rate=0.000254257, max-change=0.75, linear-params-rms=0.05142, linear-params-row-norms=[percentiles(0,1,2,5 10,20,50,80,90 95,98,99,100)=(1.0,1.1,1.1,1.1 1.2,1.2,1.6,1.9,2.0 2.3,2.5,2.6,2.7), mean=1.6, stddev=0.366], linear-params-col-norms=[percentiles(0,1,2,5 10,20,50,80,90 95,98,99,100)=(0.44,0.47,0.48,0.49 0.50,0.51,0.56,0.97,1.3 1.6,1.9,2.0,2.3), mean=0.739, stddev=0.359], bias-{mean,stddev}=0.03648,0.918, rank-in=20, rank-out=80, num-samples-history=2000, update-period=4, alpha=4
component name=tdnn3.relu type=RectifiedLinearComponent, dim=255, self-repair-scale=1e-05, count=5.56e+05, self-repaired-proportion=0, value-avg=[percentiles(0,1,2,5 10,20,50,80,90 95,98,99,100)=(0.06,0.09,0.16,0.20 0.25,0.41,0.86,1.6,2.0 2.8,3.3,3.7,4.3), mean=1.06, stddev=0.795], deriv-avg=[percentiles(0,1,2,5 10,20,50,80,90 95,98,99,100)=(0.14,0.16,0.18,0.22 0.27,0.32,0.42,0.55,0.62 0.73,0.79,0.82,0.92), mean=0.435, stddev=0.149], oderiv-rms=[percentiles(0,1,2,5 10,20,50,80,90 95,98,99,100)=(0.003,0.003,0.003,0.003 0.003,0.004,0.005,0.007,0.007 0.008,0.008,0.01,0.01), mean=0.00537, stddev=0.00174], oderiv-count=539136
component name=tdnn3.renorm type=NormalizeComponent, input-dim=255, output-dim=256, target-rms=1, add-log-stddev=true
component name=tdnn3_stats-extraction-99-99 type=StatisticsExtractionComponent, input-dim=256, output-dim=257
component name=tdnn3_stats-pooling-99-99 type=StatisticsPoolingComponent, input-dim=257, output-dim=257
component name=tdnn4.affine type=NaturalGradientAffineComponent, input-dim=1281, output-dim=255, learning-rate=0.000254257, max-change=0.75, linear-params-rms=0.04799, linear-params-row-norms=[percentiles(0,1,2,5 10,20,50,80,90 95,98,99,100)=(1.1,1.1,1.1,1.2 1.2,1.3,1.6,1.9,2.2 2.3,2.7,2.8,3.2), mean=1.68, stddev=0.375], linear-params-col-norms=[percentiles(0,1,2,5 10,20,50,80,90 95,98,99,100)=(0.41,0.45,0.46,0.48 0.50,0.54,0.72,0.91,1.0 1.1,1.2,1.3,1.6), mean=0.739, stddev=0.203], bias-{mean,stddev}=-0.04672,1.067, rank-in=20, rank-out=80, num-samples-history=2000, update-period=4, alpha=4
component name=tdnn4.relu type=RectifiedLinearComponent, dim=255, self-repair-scale=1e-05, count=3.18e+05, self-repaired-proportion=0, value-avg=[percentiles(0,1,2,5 10,20,50,80,90 95,98,99,100)=(0.09,0.12,0.13,0.16 0.19,0.23,0.53,0.96,1.2 1.5,2.1,2.5,3.4), mean=0.651, stddev=0.51], deriv-avg=[percentiles(0,1,2,5 10,20,50,80,90 95,98,99,100)=(0.09,0.11,0.14,0.17 0.19,0.24,0.36,0.50,0.56 0.61,0.66,0.68,0.78), mean=0.372, stddev=0.141], oderiv-rms=[percentiles(0,1,2,5 10,20,50,80,90 95,98,99,100)=(0.007,0.007,0.008,0.008 0.009,0.01,0.01,0.01,0.01 0.02,0.02,0.02,0.02), mean=0.0117, stddev=0.00228], oderiv-count=345600
component name=tdnn4.renorm type=NormalizeComponent, input-dim=255, output-dim=256, target-rms=1, add-log-stddev=true
component name=tdnn4_stats-extraction-108-108 type=StatisticsExtractionComponent, input-dim=256, output-dim=257
component name=tdnn4_stats-pooling-108-108 type=StatisticsPoolingComponent, input-dim=257, output-dim=257
component name=tdnn5.affine type=NaturalGradientAffineComponent, input-dim=1281, output-dim=256, learning-rate=0.000254257, max-change=0.75, linear-params-rms=0.04757, linear-params-row-norms=[percentiles(0,1,2,5 10,20,50,80,90 95,98,99,100)=(0.96,0.97,0.97,0.99 1.0,1.1,1.5,2.1,2.4 2.6,2.8,2.9,3.0), mean=1.62, stddev=0.523], linear-params-col-norms=[percentiles(0,1,2,5 10,20,50,80,90 95,98,99,100)=(0.40,0.45,0.47,0.50 0.52,0.58,0.74,0.88,0.95 1.0,1.1,1.2,1.6), mean=0.742, stddev=0.168], bias-{mean,stddev}=-0.0756,0.8835, rank-in=20, rank-out=80, num-samples-history=2000, update-period=4, alpha=4
component name=tdnn5.relu type=RectifiedLinearComponent, dim=256, self-repair-scale=1e-05, count=7.16e+04, self-repaired-proportion=0.00551264, value-avg=[percentiles(0,1,2,5 10,20,50,80,90 95,98,99,100)=(0.01,0.01,0.02,0.02 0.05,0.11,0.31,0.70,0.98 1.2,1.5,1.8,2.6), mean=0.432, stddev=0.415], deriv-avg=[percentiles(0,1,2,5 10,20,50,80,90 95,98,99,100)=(0.05,0.05,0.06,0.06 0.10,0.16,0.32,0.50,0.58 0.66,0.71,0.74,0.79), mean=0.335, stddev=0.18], oderiv-rms=[percentiles(0,1,2,5 10,20,50,80,90 95,98,99,100)=(0.0006,0.0006,0.0009,0.001 0.004,0.009,0.02,0.03,0.03 0.04,0.04,0.04,0.05), mean=0.02, stddev=0.0111], oderiv-count=105653
component name=tdnn5.renorm type=NormalizeComponent, input-dim=256, output-dim=256, target-rms=1, add-log-stddev=false
component name=output.affine type=NaturalGradientAffineComponent, input-dim=256, output-dim=3, learning-rate=2.54257e-05, learning-rate-factor=0.1, max-change=1.5, linear-params-rms=0.1076, linear-params-row-norms=[ 2.1 2.0 0.53 ], linear-params-col-norms=[percentiles(0,1,2,5 10,20,50,80,90 95,98,99,100)=(0.005,0.007,0.008,0.03 0.05,0.08,0.17,0.24,0.27 0.30,0.33,0.35,0.43), mean=0.165, stddev=0.0858], bias-{mean,stddev}=-1.187e-06,0.08463, rank-in=20, rank-out=2, num-samples-history=2000, update-period=4, alpha=4
component name=output.log-softmax type=LogSoftmaxComponent, dim=3, oderiv-rms=[ 0.44 0.89 0 ], oderiv-count=102144
nnet3-show-progress --use-gpu=no exp/dihard3_sad_tdnn_stats/217.raw exp/dihard3_sad_tdnn_stats/218.raw 
LOG (nnet3-show-progress[5.5.810~1-76a979]:SelectGpuId():cu-device.cc:153) Manually selected to compute on CPU.
LOG (nnet3-show-progress[5.5.810~1-76a979]:main():nnet3-show-progress.cc:143) Parameter differences per layer are [ tdnn1.affine:0.186235 tdnn2.affine:0.256676 tdnn3.affine:0.195047 tdnn4.affine:0.321202 tdnn5.affine:0.389714 output.affine:0.0134695 ]
LOG (nnet3-show-progress[5.5.810~1-76a979]:main():nnet3-show-progress.cc:153) Norms of parameter matrices from <new-nnet-in> are [ tdnn1.affine:31.5409 tdnn2.affine:48.7326 tdnn3.affine:30.0944 tdnn4.affine:32.3012 tdnn5.affine:30.7131 output.affine:2.98563 ]
LOG (nnet3-show-progress[5.5.810~1-76a979]:main():nnet3-show-progress.cc:157) Relative parameter differences per layer are [ tdnn1.affine:0.00590568 tdnn2.affine:0.00526811 tdnn3.affine:0.0064831 tdnn4.affine:0.00994749 tdnn5.affine:0.0126944 output.affine:0.00452337 ]
# Accounting: time=1 threads=1
# Ended (code 0) at Sat Nov 28 18:50:25 EST 2020, elapsed time 1 seconds
