# nnet3-info exp/dihard3_sad_tdnn_stats/149.raw && nnet3-show-progress --use-gpu=no exp/dihard3_sad_tdnn_stats/148.raw exp/dihard3_sad_tdnn_stats/149.raw 
# Started at Sat Nov 28 18:41:50 EST 2020
#
nnet3-info exp/dihard3_sad_tdnn_stats/149.raw 
left-context: 24
right-context: 46
num-parameters: 1229878
modulus: 18
input-node name=input dim=40
component-node name=lda component=lda input=Append(Offset(input, -2), Offset(input, -1), input, Offset(input, 1), Offset(input, 2)) input-dim=200 output-dim=200
component-node name=tdnn1.affine component=tdnn1.affine input=lda input-dim=200 output-dim=255
component-node name=tdnn1.relu component=tdnn1.relu input=tdnn1.affine input-dim=255 output-dim=255
component-node name=tdnn1.renorm component=tdnn1.renorm input=tdnn1.relu input-dim=255 output-dim=256
component-node name=tdnn2.affine component=tdnn2.affine input=Append(Offset(tdnn1.renorm, -1), tdnn1.renorm, Offset(tdnn1.renorm, 1), Offset(tdnn1.renorm, 2)) input-dim=1024 output-dim=255
component-node name=tdnn2.relu component=tdnn2.relu input=tdnn2.affine input-dim=255 output-dim=255
component-node name=tdnn2.renorm component=tdnn2.renorm input=tdnn2.relu input-dim=255 output-dim=256
component-node name=tdnn3.affine component=tdnn3.affine input=Append(Offset(tdnn2.renorm, -3), tdnn2.renorm, Offset(tdnn2.renorm, 3), Offset(tdnn2.renorm, 6)) input-dim=1024 output-dim=255
component-node name=tdnn3.relu component=tdnn3.relu input=tdnn3.affine input-dim=255 output-dim=255
component-node name=tdnn3.renorm component=tdnn3.renorm input=tdnn3.relu input-dim=255 output-dim=256
component-node name=tdnn3_stats-extraction-99-99 component=tdnn3_stats-extraction-99-99 input=tdnn3.renorm input-dim=256 output-dim=257
component-node name=tdnn3_stats-pooling-99-99 component=tdnn3_stats-pooling-99-99 input=tdnn3_stats-extraction-99-99 input-dim=257 output-dim=257
component-node name=tdnn4.affine component=tdnn4.affine input=Append(Offset(tdnn3.renorm, -6), tdnn3.renorm, Offset(tdnn3.renorm, 6), Offset(tdnn3.renorm, 12), Round(tdnn3_stats-pooling-99-99, 9)) input-dim=1281 output-dim=255
component-node name=tdnn4.relu component=tdnn4.relu input=tdnn4.affine input-dim=255 output-dim=255
component-node name=tdnn4.renorm component=tdnn4.renorm input=tdnn4.relu input-dim=255 output-dim=256
component-node name=tdnn4_stats-extraction-108-108 component=tdnn4_stats-extraction-108-108 input=tdnn4.renorm input-dim=256 output-dim=257
component-node name=tdnn4_stats-pooling-108-108 component=tdnn4_stats-pooling-108-108 input=tdnn4_stats-extraction-108-108 input-dim=257 output-dim=257
component-node name=tdnn5.affine component=tdnn5.affine input=Append(Offset(tdnn4.renorm, -12), tdnn4.renorm, Offset(tdnn4.renorm, 12), Offset(tdnn4.renorm, 24), Round(tdnn4_stats-pooling-108-108, 18)) input-dim=1281 output-dim=256
component-node name=tdnn5.relu component=tdnn5.relu input=tdnn5.affine input-dim=256 output-dim=256
component-node name=tdnn5.renorm component=tdnn5.renorm input=tdnn5.relu input-dim=256 output-dim=256
component-node name=output.affine component=output.affine input=tdnn5.renorm input-dim=256 output-dim=3
component-node name=output.log-softmax component=output.log-softmax input=output.affine input-dim=3 output-dim=3
output-node name=output input=output.log-softmax dim=3 objective=linear
component name=lda type=FixedAffineComponent, input-dim=200, output-dim=200, linear-params-rms=0.0017, bias-{mean,stddev}=0.01236,0.1777
component name=tdnn1.affine type=NaturalGradientAffineComponent, input-dim=200, output-dim=255, learning-rate=0.000425909, max-change=0.75, linear-params-rms=0.1275, linear-params-row-norms=[percentiles(0,1,2,5 10,20,50,80,90 95,98,99,100)=(0.85,0.89,0.91,0.92 0.95,0.99,1.1,2.3,2.5 2.8,3.1,4.2,5.2), mean=1.63, stddev=0.769], linear-params-col-norms=[percentiles(0,1,2,5 10,20,50,80,90 95,98,99,100)=(1.4,1.5,1.6,1.7 1.8,1.8,2.0,2.2,2.3 2.4,2.5,2.6,3.8), mean=2.02, stddev=0.263], bias-{mean,stddev}=-0.04403,0.5694, rank-in=20, rank-out=80, num-samples-history=2000, update-period=4, alpha=4
component name=tdnn1.relu type=RectifiedLinearComponent, dim=255, self-repair-scale=1e-05, count=1.53e+06, self-repaired-proportion=0.539655, value-avg=[percentiles(0,1,2,5 10,20,50,80,90 95,98,99,100)=(0,0,0,0 0,0,0.005,0.24,0.63 0.98,1.4,1.5,1.9), mean=0.172, stddev=0.34], deriv-avg=[percentiles(0,1,2,5 10,20,50,80,90 95,98,99,100)=(0,0,0,0 0,0,0.17,1.0,1.0 1.0,1.0,1.0,1.0), mean=0.429, stddev=0.431], oderiv-rms=[percentiles(0,1,2,5 10,20,50,80,90 95,98,99,100)=(0.005,0.006,0.006,0.006 0.007,0.007,0.01,0.09,0.11 0.12,0.14,0.16,0.21), mean=0.047, stddev=0.0455], oderiv-count=1.5682e+06
component name=tdnn1.renorm type=NormalizeComponent, input-dim=255, output-dim=256, target-rms=1, add-log-stddev=true
component name=tdnn2.affine type=NaturalGradientAffineComponent, input-dim=1024, output-dim=255, learning-rate=0.000425909, max-change=0.75, linear-params-rms=0.08666, linear-params-row-norms=[percentiles(0,1,2,5 10,20,50,80,90 95,98,99,100)=(0.99,1.0,1.0,1.1 1.1,1.2,1.5,3.6,5.1 5.4,5.9,6.4,7.9), mean=2.31, stddev=1.53], linear-params-col-norms=[percentiles(0,1,2,5 10,20,50,80,90 95,98,99,100)=(0.40,0.43,0.45,0.47 0.48,0.49,0.56,1.9,2.2 2.4,2.7,2.8,3.0), mean=1.17, stddev=0.745], bias-{mean,stddev}=-0.01753,0.9787, rank-in=20, rank-out=80, num-samples-history=2000, update-period=4, alpha=4
component name=tdnn2.relu type=RectifiedLinearComponent, dim=255, self-repair-scale=1e-05, count=6.17e+05, self-repaired-proportion=0.00618856, value-avg=[percentiles(0,1,2,5 10,20,50,80,90 95,98,99,100)=(0.01,0.01,0.02,0.03 0.04,0.06,0.19,0.75,1.6 3.1,4.9,6.5,8.9), mean=0.685, stddev=1.34], deriv-avg=[percentiles(0,1,2,5 10,20,50,80,90 95,98,99,100)=(0.06,0.07,0.08,0.10 0.12,0.17,0.34,0.56,0.77 0.88,0.93,0.94,0.98), mean=0.381, stddev=0.232], oderiv-rms=[percentiles(0,1,2,5 10,20,50,80,90 95,98,99,100)=(0.002,0.002,0.002,0.002 0.002,0.002,0.003,0.007,0.01 0.01,0.02,0.02,0.03), mean=0.00478, stddev=0.0044], oderiv-count=490291
component name=tdnn2.renorm type=NormalizeComponent, input-dim=255, output-dim=256, target-rms=1, add-log-stddev=true
component name=tdnn3.affine type=NaturalGradientAffineComponent, input-dim=1024, output-dim=255, learning-rate=0.000425909, max-change=0.75, linear-params-rms=0.04908, linear-params-row-norms=[percentiles(0,1,2,5 10,20,50,80,90 95,98,99,100)=(1.0,1.0,1.0,1.1 1.1,1.2,1.5,1.8,2.0 2.2,2.4,2.5,2.7), mean=1.53, stddev=0.357], linear-params-col-norms=[percentiles(0,1,2,5 10,20,50,80,90 95,98,99,100)=(0.43,0.47,0.47,0.48 0.49,0.50,0.54,0.90,1.2 1.5,1.8,1.9,2.2), mean=0.707, stddev=0.338], bias-{mean,stddev}=0.0365,0.9181, rank-in=20, rank-out=80, num-samples-history=2000, update-period=4, alpha=4
component name=tdnn3.relu type=RectifiedLinearComponent, dim=255, self-repair-scale=1e-05, count=5.82e+05, self-repaired-proportion=0, value-avg=[percentiles(0,1,2,5 10,20,50,80,90 95,98,99,100)=(0.05,0.07,0.13,0.16 0.23,0.38,0.82,1.6,2.1 2.8,3.4,3.7,4.2), mean=1.06, stddev=0.829], deriv-avg=[percentiles(0,1,2,5 10,20,50,80,90 95,98,99,100)=(0.12,0.14,0.17,0.21 0.26,0.31,0.41,0.56,0.65 0.74,0.81,0.83,0.92), mean=0.439, stddev=0.155], oderiv-rms=[percentiles(0,1,2,5 10,20,50,80,90 95,98,99,100)=(0.002,0.002,0.002,0.002 0.003,0.003,0.004,0.006,0.007 0.007,0.008,0.009,0.01), mean=0.00445, stddev=0.00179], oderiv-count=494899
component name=tdnn3.renorm type=NormalizeComponent, input-dim=255, output-dim=256, target-rms=1, add-log-stddev=true
component name=tdnn3_stats-extraction-99-99 type=StatisticsExtractionComponent, input-dim=256, output-dim=257
component name=tdnn3_stats-pooling-99-99 type=StatisticsPoolingComponent, input-dim=257, output-dim=257
component name=tdnn4.affine type=NaturalGradientAffineComponent, input-dim=1281, output-dim=255, learning-rate=0.000425909, max-change=0.75, linear-params-rms=0.04536, linear-params-row-norms=[percentiles(0,1,2,5 10,20,50,80,90 95,98,99,100)=(1.0,1.1,1.1,1.1 1.1,1.2,1.5,1.8,2.1 2.2,2.6,2.7,3.0), mean=1.58, stddev=0.375], linear-params-col-norms=[percentiles(0,1,2,5 10,20,50,80,90 95,98,99,100)=(0.40,0.44,0.44,0.46 0.48,0.51,0.67,0.86,0.98 1.0,1.2,1.2,1.5), mean=0.698, stddev=0.194], bias-{mean,stddev}=-0.04671,1.067, rank-in=20, rank-out=80, num-samples-history=2000, update-period=4, alpha=4
component name=tdnn4.relu type=RectifiedLinearComponent, dim=255, self-repair-scale=1e-05, count=3.4e+05, self-repaired-proportion=0, value-avg=[percentiles(0,1,2,5 10,20,50,80,90 95,98,99,100)=(0.06,0.10,0.11,0.13 0.15,0.22,0.54,1.0,1.3 1.6,2.3,2.8,3.5), mean=0.688, stddev=0.563], deriv-avg=[percentiles(0,1,2,5 10,20,50,80,90 95,98,99,100)=(0.10,0.11,0.14,0.16 0.20,0.22,0.37,0.51,0.57 0.64,0.68,0.71,0.79), mean=0.378, stddev=0.147], oderiv-rms=[percentiles(0,1,2,5 10,20,50,80,90 95,98,99,100)=(0.004,0.005,0.005,0.006 0.006,0.007,0.008,0.01,0.01 0.01,0.01,0.02,0.02), mean=0.00887, stddev=0.0024], oderiv-count=342400
component name=tdnn4.renorm type=NormalizeComponent, input-dim=255, output-dim=256, target-rms=1, add-log-stddev=true
component name=tdnn4_stats-extraction-108-108 type=StatisticsExtractionComponent, input-dim=256, output-dim=257
component name=tdnn4_stats-pooling-108-108 type=StatisticsPoolingComponent, input-dim=257, output-dim=257
component name=tdnn5.affine type=NaturalGradientAffineComponent, input-dim=1281, output-dim=256, learning-rate=0.000425909, max-change=0.75, linear-params-rms=0.04479, linear-params-row-norms=[percentiles(0,1,2,5 10,20,50,80,90 95,98,99,100)=(0.95,0.97,0.98,0.99 1.0,1.0,1.4,2.0,2.2 2.5,2.8,2.8,2.8), mean=1.52, stddev=0.498], linear-params-col-norms=[percentiles(0,1,2,5 10,20,50,80,90 95,98,99,100)=(0.39,0.44,0.45,0.47 0.49,0.53,0.69,0.84,0.91 0.97,1.1,1.1,1.6), mean=0.697, stddev=0.165], bias-{mean,stddev}=-0.07524,0.8837, rank-in=20, rank-out=80, num-samples-history=2000, update-period=4, alpha=4
component name=tdnn5.relu type=RectifiedLinearComponent, dim=256, self-repair-scale=1e-05, count=6.18e+04, self-repaired-proportion=0.00430809, value-avg=[percentiles(0,1,2,5 10,20,50,80,90 95,98,99,100)=(0.01,0.01,0.02,0.02 0.04,0.09,0.33,1.0,1.3 1.6,1.9,2.0,3.3), mean=0.556, stddev=0.549], deriv-avg=[percentiles(0,1,2,5 10,20,50,80,90 95,98,99,100)=(0.05,0.05,0.06,0.06 0.09,0.16,0.34,0.61,0.68 0.74,0.77,0.82,0.85), mean=0.374, stddev=0.218], oderiv-rms=[percentiles(0,1,2,5 10,20,50,80,90 95,98,99,100)=(0.0001,0.0002,0.0007,0.001 0.002,0.005,0.02,0.02,0.03 0.03,0.03,0.04,0.05), mean=0.0151, stddev=0.00933], oderiv-count=98918.4
component name=tdnn5.renorm type=NormalizeComponent, input-dim=256, output-dim=256, target-rms=1, add-log-stddev=false
component name=output.affine type=NaturalGradientAffineComponent, input-dim=256, output-dim=3, learning-rate=4.25909e-05, learning-rate-factor=0.1, max-change=1.5, linear-params-rms=0.08292, linear-params-row-norms=[ 1.6 1.5 0.51 ], linear-params-col-norms=[percentiles(0,1,2,5 10,20,50,80,90 95,98,99,100)=(0.001,0.004,0.007,0.02 0.03,0.06,0.12,0.19,0.22 0.24,0.28,0.31,0.38), mean=0.125, stddev=0.071], bias-{mean,stddev}=-1.104e-06,0.06388, rank-in=20, rank-out=2, num-samples-history=2000, update-period=4, alpha=4
component name=output.log-softmax type=LogSoftmaxComponent, dim=3, oderiv-rms=[ 0.44 0.89 0 ], oderiv-count=91750.4
nnet3-show-progress --use-gpu=no exp/dihard3_sad_tdnn_stats/148.raw exp/dihard3_sad_tdnn_stats/149.raw 
LOG (nnet3-show-progress[5.5.810~1-76a979]:SelectGpuId():cu-device.cc:153) Manually selected to compute on CPU.
LOG (nnet3-show-progress[5.5.810~1-76a979]:main():nnet3-show-progress.cc:143) Parameter differences per layer are [ tdnn1.affine:0.336812 tdnn2.affine:0.469408 tdnn3.affine:0.310457 tdnn4.affine:0.48215 tdnn5.affine:0.610007 output.affine:0.0262397 ]
LOG (nnet3-show-progress[5.5.810~1-76a979]:main():nnet3-show-progress.cc:153) Norms of parameter matrices from <new-nnet-in> are [ tdnn1.affine:30.211 tdnn2.affine:46.9617 tdnn3.affine:29.0576 tdnn4.affine:31.0329 tdnn5.affine:29.3116 output.affine:2.30073 ]
LOG (nnet3-show-progress[5.5.810~1-76a979]:main():nnet3-show-progress.cc:157) Relative parameter differences per layer are [ tdnn1.affine:0.0111574 tdnn2.affine:0.0100041 tdnn3.affine:0.0106922 tdnn4.affine:0.015549 tdnn5.affine:0.0208319 output.affine:0.0114665 ]
# Accounting: time=0 threads=1
# Ended (code 0) at Sat Nov 28 18:41:50 EST 2020, elapsed time 0 seconds
