# nnet3-info exp/dihard3_sad_tdnn_stats/202.raw && nnet3-show-progress --use-gpu=no exp/dihard3_sad_tdnn_stats/201.raw exp/dihard3_sad_tdnn_stats/202.raw 
# Started at Sat Nov 28 18:48:22 EST 2020
#
nnet3-info exp/dihard3_sad_tdnn_stats/202.raw 
left-context: 24
right-context: 46
num-parameters: 1229878
modulus: 18
input-node name=input dim=40
component-node name=lda component=lda input=Append(Offset(input, -2), Offset(input, -1), input, Offset(input, 1), Offset(input, 2)) input-dim=200 output-dim=200
component-node name=tdnn1.affine component=tdnn1.affine input=lda input-dim=200 output-dim=255
component-node name=tdnn1.relu component=tdnn1.relu input=tdnn1.affine input-dim=255 output-dim=255
component-node name=tdnn1.renorm component=tdnn1.renorm input=tdnn1.relu input-dim=255 output-dim=256
component-node name=tdnn2.affine component=tdnn2.affine input=Append(Offset(tdnn1.renorm, -1), tdnn1.renorm, Offset(tdnn1.renorm, 1), Offset(tdnn1.renorm, 2)) input-dim=1024 output-dim=255
component-node name=tdnn2.relu component=tdnn2.relu input=tdnn2.affine input-dim=255 output-dim=255
component-node name=tdnn2.renorm component=tdnn2.renorm input=tdnn2.relu input-dim=255 output-dim=256
component-node name=tdnn3.affine component=tdnn3.affine input=Append(Offset(tdnn2.renorm, -3), tdnn2.renorm, Offset(tdnn2.renorm, 3), Offset(tdnn2.renorm, 6)) input-dim=1024 output-dim=255
component-node name=tdnn3.relu component=tdnn3.relu input=tdnn3.affine input-dim=255 output-dim=255
component-node name=tdnn3.renorm component=tdnn3.renorm input=tdnn3.relu input-dim=255 output-dim=256
component-node name=tdnn3_stats-extraction-99-99 component=tdnn3_stats-extraction-99-99 input=tdnn3.renorm input-dim=256 output-dim=257
component-node name=tdnn3_stats-pooling-99-99 component=tdnn3_stats-pooling-99-99 input=tdnn3_stats-extraction-99-99 input-dim=257 output-dim=257
component-node name=tdnn4.affine component=tdnn4.affine input=Append(Offset(tdnn3.renorm, -6), tdnn3.renorm, Offset(tdnn3.renorm, 6), Offset(tdnn3.renorm, 12), Round(tdnn3_stats-pooling-99-99, 9)) input-dim=1281 output-dim=255
component-node name=tdnn4.relu component=tdnn4.relu input=tdnn4.affine input-dim=255 output-dim=255
component-node name=tdnn4.renorm component=tdnn4.renorm input=tdnn4.relu input-dim=255 output-dim=256
component-node name=tdnn4_stats-extraction-108-108 component=tdnn4_stats-extraction-108-108 input=tdnn4.renorm input-dim=256 output-dim=257
component-node name=tdnn4_stats-pooling-108-108 component=tdnn4_stats-pooling-108-108 input=tdnn4_stats-extraction-108-108 input-dim=257 output-dim=257
component-node name=tdnn5.affine component=tdnn5.affine input=Append(Offset(tdnn4.renorm, -12), tdnn4.renorm, Offset(tdnn4.renorm, 12), Offset(tdnn4.renorm, 24), Round(tdnn4_stats-pooling-108-108, 18)) input-dim=1281 output-dim=256
component-node name=tdnn5.relu component=tdnn5.relu input=tdnn5.affine input-dim=256 output-dim=256
component-node name=tdnn5.renorm component=tdnn5.renorm input=tdnn5.relu input-dim=256 output-dim=256
component-node name=output.affine component=output.affine input=tdnn5.renorm input-dim=256 output-dim=3
component-node name=output.log-softmax component=output.log-softmax input=output.affine input-dim=3 output-dim=3
output-node name=output input=output.log-softmax dim=3 objective=linear
component name=lda type=FixedAffineComponent, input-dim=200, output-dim=200, linear-params-rms=0.0017, bias-{mean,stddev}=0.01236,0.1777
component name=tdnn1.affine type=NaturalGradientAffineComponent, input-dim=200, output-dim=255, learning-rate=0.000303873, max-change=0.75, linear-params-rms=0.1337, linear-params-row-norms=[percentiles(0,1,2,5 10,20,50,80,90 95,98,99,100)=(0.86,0.89,0.91,0.92 0.96,0.99,1.1,2.4,2.6 3.0,3.3,4.3,5.3), mean=1.7, stddev=0.831], linear-params-col-norms=[percentiles(0,1,2,5 10,20,50,80,90 95,98,99,100)=(1.4,1.6,1.7,1.8 1.9,1.9,2.1,2.3,2.5 2.5,2.6,2.7,3.8), mean=2.12, stddev=0.262], bias-{mean,stddev}=-0.03748,0.5224, rank-in=20, rank-out=80, num-samples-history=2000, update-period=4, alpha=4
component name=tdnn1.relu type=RectifiedLinearComponent, dim=255, self-repair-scale=1e-05, count=1.95e+06, self-repaired-proportion=0.496598, value-avg=[percentiles(0,1,2,5 10,20,50,80,90 95,98,99,100)=(0,0,0,0 0,1e-09,0.006,0.19,0.56 0.89,1.3,1.4,1.8), mean=0.155, stddev=0.312], deriv-avg=[percentiles(0,1,2,5 10,20,50,80,90 95,98,99,100)=(0,0,0,0 0,2e-07,0.20,0.99,1.0 1.0,1.0,1.0,1.0), mean=0.429, stddev=0.423], oderiv-rms=[percentiles(0,1,2,5 10,20,50,80,90 95,98,99,100)=(0.006,0.007,0.007,0.008 0.008,0.008,0.02,0.10,0.12 0.14,0.15,0.18,0.23), mean=0.0523, stddev=0.0497], oderiv-count=1.43706e+06
component name=tdnn1.renorm type=NormalizeComponent, input-dim=255, output-dim=256, target-rms=1, add-log-stddev=true
component name=tdnn2.affine type=NaturalGradientAffineComponent, input-dim=1024, output-dim=255, learning-rate=0.000303873, max-change=0.75, linear-params-rms=0.08977, linear-params-row-norms=[percentiles(0,1,2,5 10,20,50,80,90 95,98,99,100)=(1.0,1.0,1.1,1.1 1.2,1.2,1.6,3.8,5.2 5.6,5.9,6.4,7.9), mean=2.41, stddev=1.56], linear-params-col-norms=[percentiles(0,1,2,5 10,20,50,80,90 95,98,99,100)=(0.40,0.44,0.46,0.47 0.48,0.49,0.57,2.0,2.2 2.4,2.8,2.8,3.1), mean=1.2, stddev=0.779], bias-{mean,stddev}=-0.01756,0.9787, rank-in=20, rank-out=80, num-samples-history=2000, update-period=4, alpha=4
component name=tdnn2.relu type=RectifiedLinearComponent, dim=255, self-repair-scale=1e-05, count=5.91e+05, self-repaired-proportion=0.00454545, value-avg=[percentiles(0,1,2,5 10,20,50,80,90 95,98,99,100)=(0.02,0.02,0.02,0.04 0.05,0.08,0.23,0.84,1.7 3.2,5.1,6.6,9.1), mean=0.728, stddev=1.35], deriv-avg=[percentiles(0,1,2,5 10,20,50,80,90 95,98,99,100)=(0.06,0.07,0.08,0.10 0.12,0.18,0.35,0.57,0.76 0.88,0.93,0.94,0.98), mean=0.388, stddev=0.23], oderiv-rms=[percentiles(0,1,2,5 10,20,50,80,90 95,98,99,100)=(0.002,0.002,0.002,0.002 0.002,0.002,0.003,0.008,0.01 0.01,0.02,0.02,0.03), mean=0.00524, stddev=0.00437], oderiv-count=542208
component name=tdnn2.renorm type=NormalizeComponent, input-dim=255, output-dim=256, target-rms=1, add-log-stddev=true
component name=tdnn3.affine type=NaturalGradientAffineComponent, input-dim=1024, output-dim=255, learning-rate=0.000303873, max-change=0.75, linear-params-rms=0.05103, linear-params-row-norms=[percentiles(0,1,2,5 10,20,50,80,90 95,98,99,100)=(1.0,1.1,1.1,1.1 1.2,1.2,1.6,1.9,2.0 2.2,2.5,2.6,2.7), mean=1.59, stddev=0.366], linear-params-col-norms=[percentiles(0,1,2,5 10,20,50,80,90 95,98,99,100)=(0.44,0.47,0.48,0.49 0.50,0.51,0.56,0.95,1.3 1.5,1.8,1.9,2.3), mean=0.733, stddev=0.356], bias-{mean,stddev}=0.03648,0.918, rank-in=20, rank-out=80, num-samples-history=2000, update-period=4, alpha=4
component name=tdnn3.relu type=RectifiedLinearComponent, dim=255, self-repair-scale=1e-05, count=5.2e+05, self-repaired-proportion=0, value-avg=[percentiles(0,1,2,5 10,20,50,80,90 95,98,99,100)=(0.06,0.10,0.15,0.20 0.24,0.40,0.87,1.6,2.0 2.8,3.3,3.7,4.3), mean=1.06, stddev=0.803], deriv-avg=[percentiles(0,1,2,5 10,20,50,80,90 95,98,99,100)=(0.13,0.16,0.18,0.21 0.26,0.31,0.41,0.55,0.63 0.73,0.80,0.82,0.92), mean=0.435, stddev=0.15], oderiv-rms=[percentiles(0,1,2,5 10,20,50,80,90 95,98,99,100)=(0.003,0.003,0.003,0.003 0.003,0.004,0.005,0.007,0.008 0.008,0.009,0.01,0.01), mean=0.00538, stddev=0.00186], oderiv-count=502272
component name=tdnn3.renorm type=NormalizeComponent, input-dim=255, output-dim=256, target-rms=1, add-log-stddev=true
component name=tdnn3_stats-extraction-99-99 type=StatisticsExtractionComponent, input-dim=256, output-dim=257
component name=tdnn3_stats-pooling-99-99 type=StatisticsPoolingComponent, input-dim=257, output-dim=257
component name=tdnn4.affine type=NaturalGradientAffineComponent, input-dim=1281, output-dim=255, learning-rate=0.000303873, max-change=0.75, linear-params-rms=0.04755, linear-params-row-norms=[percentiles(0,1,2,5 10,20,50,80,90 95,98,99,100)=(1.1,1.1,1.1,1.2 1.2,1.3,1.6,1.9,2.2 2.3,2.7,2.8,3.1), mean=1.66, stddev=0.377], linear-params-col-norms=[percentiles(0,1,2,5 10,20,50,80,90 95,98,99,100)=(0.41,0.45,0.45,0.47 0.49,0.53,0.71,0.90,1.0 1.1,1.2,1.2,1.6), mean=0.732, stddev=0.202], bias-{mean,stddev}=-0.04671,1.067, rank-in=20, rank-out=80, num-samples-history=2000, update-period=4, alpha=4
component name=tdnn4.relu type=RectifiedLinearComponent, dim=255, self-repair-scale=1e-05, count=2.9e+05, self-repaired-proportion=0, value-avg=[percentiles(0,1,2,5 10,20,50,80,90 95,98,99,100)=(0.09,0.13,0.13,0.15 0.17,0.23,0.54,0.98,1.2 1.5,2.2,2.6,3.4), mean=0.657, stddev=0.517], deriv-avg=[percentiles(0,1,2,5 10,20,50,80,90 95,98,99,100)=(0.10,0.11,0.15,0.17 0.19,0.23,0.37,0.50,0.55 0.62,0.66,0.68,0.78), mean=0.372, stddev=0.141], oderiv-rms=[percentiles(0,1,2,5 10,20,50,80,90 95,98,99,100)=(0.007,0.007,0.007,0.008 0.009,0.009,0.01,0.01,0.01 0.02,0.02,0.02,0.02), mean=0.0114, stddev=0.00242], oderiv-count=371200
component name=tdnn4.renorm type=NormalizeComponent, input-dim=255, output-dim=256, target-rms=1, add-log-stddev=true
component name=tdnn4_stats-extraction-108-108 type=StatisticsExtractionComponent, input-dim=256, output-dim=257
component name=tdnn4_stats-pooling-108-108 type=StatisticsPoolingComponent, input-dim=257, output-dim=257
component name=tdnn5.affine type=NaturalGradientAffineComponent, input-dim=1281, output-dim=256, learning-rate=0.000303873, max-change=0.75, linear-params-rms=0.04713, linear-params-row-norms=[percentiles(0,1,2,5 10,20,50,80,90 95,98,99,100)=(0.96,0.96,0.97,0.99 1.0,1.1,1.5,2.1,2.4 2.5,2.8,2.9,2.9), mean=1.6, stddev=0.52], linear-params-col-norms=[percentiles(0,1,2,5 10,20,50,80,90 95,98,99,100)=(0.40,0.45,0.47,0.49 0.52,0.57,0.73,0.88,0.94 1.0,1.1,1.2,1.6), mean=0.735, stddev=0.169], bias-{mean,stddev}=-0.0755,0.8836, rank-in=20, rank-out=80, num-samples-history=2000, update-period=4, alpha=4
component name=tdnn5.relu type=RectifiedLinearComponent, dim=256, self-repair-scale=1e-05, count=6.15e+04, self-repaired-proportion=0.00451305, value-avg=[percentiles(0,1,2,5 10,20,50,80,90 95,98,99,100)=(0.01,0.01,0.02,0.02 0.05,0.10,0.34,0.76,1.0 1.3,1.5,1.9,2.7), mean=0.459, stddev=0.441], deriv-avg=[percentiles(0,1,2,5 10,20,50,80,90 95,98,99,100)=(0.05,0.05,0.06,0.06 0.10,0.16,0.33,0.53,0.60 0.67,0.74,0.75,0.79), mean=0.345, stddev=0.188], oderiv-rms=[percentiles(0,1,2,5 10,20,50,80,90 95,98,99,100)=(0.0005,0.0007,0.0008,0.002 0.003,0.008,0.02,0.03,0.03 0.04,0.04,0.04,0.05), mean=0.0192, stddev=0.0108], oderiv-count=102144
component name=tdnn5.renorm type=NormalizeComponent, input-dim=256, output-dim=256, target-rms=1, add-log-stddev=false
component name=output.affine type=NaturalGradientAffineComponent, input-dim=256, output-dim=3, learning-rate=3.03873e-05, learning-rate-factor=0.1, max-change=1.5, linear-params-rms=0.1024, linear-params-row-norms=[ 2.0 1.9 0.53 ], linear-params-col-norms=[percentiles(0,1,2,5 10,20,50,80,90 95,98,99,100)=(0.004,0.006,0.008,0.03 0.05,0.07,0.16,0.23,0.26 0.29,0.32,0.34,0.42), mean=0.157, stddev=0.0826], bias-{mean,stddev}=-1.202e-06,0.0806, rank-in=20, rank-out=2, num-samples-history=2000, update-period=4, alpha=4
component name=output.log-softmax type=LogSoftmaxComponent, dim=3, oderiv-rms=[ 0.44 0.89 0 ], oderiv-count=99157.3
nnet3-show-progress --use-gpu=no exp/dihard3_sad_tdnn_stats/201.raw exp/dihard3_sad_tdnn_stats/202.raw 
LOG (nnet3-show-progress[5.5.810~1-76a979]:SelectGpuId():cu-device.cc:153) Manually selected to compute on CPU.
LOG (nnet3-show-progress[5.5.810~1-76a979]:main():nnet3-show-progress.cc:143) Parameter differences per layer are [ tdnn1.affine:0.232509 tdnn2.affine:0.310527 tdnn3.affine:0.229377 tdnn4.affine:0.369155 tdnn5.affine:0.457032 output.affine:0.0163461 ]
LOG (nnet3-show-progress[5.5.810~1-76a979]:main():nnet3-show-progress.cc:153) Norms of parameter matrices from <new-nnet-in> are [ tdnn1.affine:31.3283 tdnn2.affine:48.4606 tdnn3.affine:29.9222 tdnn4.affine:32.0872 tdnn5.affine:30.4902 output.affine:2.84137 ]
LOG (nnet3-show-progress[5.5.810~1-76a979]:main():nnet3-show-progress.cc:157) Relative parameter differences per layer are [ tdnn1.affine:0.00742474 tdnn2.affine:0.00641029 tdnn3.affine:0.00766884 tdnn4.affine:0.0115102 tdnn5.affine:0.0149981 output.affine:0.00577069 ]
# Accounting: time=0 threads=1
# Ended (code 0) at Sat Nov 28 18:48:22 EST 2020, elapsed time 0 seconds
