# nnet3-info exp/dihard3_sad_tdnn_stats/53.raw && nnet3-show-progress --use-gpu=no exp/dihard3_sad_tdnn_stats/52.raw exp/dihard3_sad_tdnn_stats/53.raw 
# Started at Sat Nov 28 18:30:13 EST 2020
#
nnet3-info exp/dihard3_sad_tdnn_stats/53.raw 
left-context: 24
right-context: 46
num-parameters: 1229878
modulus: 18
input-node name=input dim=40
component-node name=lda component=lda input=Append(Offset(input, -2), Offset(input, -1), input, Offset(input, 1), Offset(input, 2)) input-dim=200 output-dim=200
component-node name=tdnn1.affine component=tdnn1.affine input=lda input-dim=200 output-dim=255
component-node name=tdnn1.relu component=tdnn1.relu input=tdnn1.affine input-dim=255 output-dim=255
component-node name=tdnn1.renorm component=tdnn1.renorm input=tdnn1.relu input-dim=255 output-dim=256
component-node name=tdnn2.affine component=tdnn2.affine input=Append(Offset(tdnn1.renorm, -1), tdnn1.renorm, Offset(tdnn1.renorm, 1), Offset(tdnn1.renorm, 2)) input-dim=1024 output-dim=255
component-node name=tdnn2.relu component=tdnn2.relu input=tdnn2.affine input-dim=255 output-dim=255
component-node name=tdnn2.renorm component=tdnn2.renorm input=tdnn2.relu input-dim=255 output-dim=256
component-node name=tdnn3.affine component=tdnn3.affine input=Append(Offset(tdnn2.renorm, -3), tdnn2.renorm, Offset(tdnn2.renorm, 3), Offset(tdnn2.renorm, 6)) input-dim=1024 output-dim=255
component-node name=tdnn3.relu component=tdnn3.relu input=tdnn3.affine input-dim=255 output-dim=255
component-node name=tdnn3.renorm component=tdnn3.renorm input=tdnn3.relu input-dim=255 output-dim=256
component-node name=tdnn3_stats-extraction-99-99 component=tdnn3_stats-extraction-99-99 input=tdnn3.renorm input-dim=256 output-dim=257
component-node name=tdnn3_stats-pooling-99-99 component=tdnn3_stats-pooling-99-99 input=tdnn3_stats-extraction-99-99 input-dim=257 output-dim=257
component-node name=tdnn4.affine component=tdnn4.affine input=Append(Offset(tdnn3.renorm, -6), tdnn3.renorm, Offset(tdnn3.renorm, 6), Offset(tdnn3.renorm, 12), Round(tdnn3_stats-pooling-99-99, 9)) input-dim=1281 output-dim=255
component-node name=tdnn4.relu component=tdnn4.relu input=tdnn4.affine input-dim=255 output-dim=255
component-node name=tdnn4.renorm component=tdnn4.renorm input=tdnn4.relu input-dim=255 output-dim=256
component-node name=tdnn4_stats-extraction-108-108 component=tdnn4_stats-extraction-108-108 input=tdnn4.renorm input-dim=256 output-dim=257
component-node name=tdnn4_stats-pooling-108-108 component=tdnn4_stats-pooling-108-108 input=tdnn4_stats-extraction-108-108 input-dim=257 output-dim=257
component-node name=tdnn5.affine component=tdnn5.affine input=Append(Offset(tdnn4.renorm, -12), tdnn4.renorm, Offset(tdnn4.renorm, 12), Offset(tdnn4.renorm, 24), Round(tdnn4_stats-pooling-108-108, 18)) input-dim=1281 output-dim=256
component-node name=tdnn5.relu component=tdnn5.relu input=tdnn5.affine input-dim=256 output-dim=256
component-node name=tdnn5.renorm component=tdnn5.renorm input=tdnn5.relu input-dim=256 output-dim=256
component-node name=output.affine component=output.affine input=tdnn5.renorm input-dim=256 output-dim=3
component-node name=output.log-softmax component=output.log-softmax input=output.affine input-dim=3 output-dim=3
output-node name=output input=output.log-softmax dim=3 objective=linear
component name=lda type=FixedAffineComponent, input-dim=200, output-dim=200, linear-params-rms=0.0017, bias-{mean,stddev}=0.01236,0.1777
component name=tdnn1.affine type=NaturalGradientAffineComponent, input-dim=200, output-dim=255, learning-rate=0.000815529, max-change=0.75, linear-params-rms=0.096, linear-params-row-norms=[percentiles(0,1,2,5 10,20,50,80,90 95,98,99,100)=(0.85,0.89,0.91,0.92 0.95,0.98,1.1,1.6,1.7 1.8,2.1,3.1,4.0), mean=1.29, stddev=0.42], linear-params-col-norms=[percentiles(0,1,2,5 10,20,50,80,90 95,98,99,100)=(1.2,1.2,1.2,1.3 1.3,1.4,1.5,1.6,1.7 1.8,1.9,2.0,3.1), mean=1.52, stddev=0.204], bias-{mean,stddev}=-0.07079,0.7808, rank-in=20, rank-out=80, num-samples-history=2000, update-period=4, alpha=4
component name=tdnn1.relu type=RectifiedLinearComponent, dim=255, self-repair-scale=1e-05, count=1.77e+06, self-repaired-proportion=0.74638, value-avg=[percentiles(0,1,2,5 10,20,50,80,90 95,98,99,100)=(0,0,0,0 0,0,0.002,0.51,0.97 1.3,1.8,1.9,2.3), mean=0.258, stddev=0.457], deriv-avg=[percentiles(0,1,2,5 10,20,50,80,90 95,98,99,100)=(0,0,0,0 0,0,0.09,1.0,1.0 1.0,1.0,1.0,1.0), mean=0.441, stddev=0.467], oderiv-rms=[percentiles(0,1,2,5 10,20,50,80,90 95,98,99,100)=(0.004,0.004,0.004,0.005 0.005,0.006,0.009,0.07,0.08 0.10,0.11,0.12,0.16), mean=0.0361, stddev=0.0355], oderiv-count=1.7004e+06
component name=tdnn1.renorm type=NormalizeComponent, input-dim=255, output-dim=256, target-rms=1, add-log-stddev=true
component name=tdnn2.affine type=NaturalGradientAffineComponent, input-dim=1024, output-dim=255, learning-rate=0.000815529, max-change=0.75, linear-params-rms=0.06645, linear-params-row-norms=[percentiles(0,1,2,5 10,20,50,80,90 95,98,99,100)=(0.97,0.98,0.99,1.0 1.0,1.0,1.2,2.5,3.6 4.2,4.7,5.2,7.1), mean=1.8, stddev=1.14], linear-params-col-norms=[percentiles(0,1,2,5 10,20,50,80,90 95,98,99,100)=(0.40,0.43,0.45,0.46 0.48,0.49,0.53,1.4,1.7 1.8,2.0,2.1,2.4), mean=0.929, stddev=0.512], bias-{mean,stddev}=-0.0174,0.9791, rank-in=20, rank-out=80, num-samples-history=2000, update-period=4, alpha=4
component name=tdnn2.relu type=RectifiedLinearComponent, dim=255, self-repair-scale=1e-05, count=4.98e+05, self-repaired-proportion=0.0233817, value-avg=[percentiles(0,1,2,5 10,20,50,80,90 95,98,99,100)=(0.003,0.003,0.005,0.005 0.01,0.02,0.08,0.50,1.3 2.7,3.8,4.5,11), mean=0.503, stddev=1.25], deriv-avg=[percentiles(0,1,2,5 10,20,50,80,90 95,98,99,100)=(0.06,0.06,0.07,0.08 0.11,0.13,0.26,0.57,0.80 0.91,0.93,0.94,1.0), mean=0.347, stddev=0.257], oderiv-rms=[percentiles(0,1,2,5 10,20,50,80,90 95,98,99,100)=(0.001,0.001,0.002,0.002 0.002,0.002,0.002,0.006,0.01 0.02,0.02,0.02,0.03), mean=0.00454, stddev=0.00496], oderiv-count=556992
component name=tdnn2.renorm type=NormalizeComponent, input-dim=255, output-dim=256, target-rms=1, add-log-stddev=true
component name=tdnn3.affine type=NaturalGradientAffineComponent, input-dim=1024, output-dim=255, learning-rate=0.000815529, max-change=0.75, linear-params-rms=0.0397, linear-params-row-norms=[percentiles(0,1,2,5 10,20,50,80,90 95,98,99,100)=(0.97,0.98,0.98,1.0 1.0,1.0,1.2,1.4,1.5 1.8,1.9,2.0,2.4), mean=1.25, stddev=0.238], linear-params-col-norms=[percentiles(0,1,2,5 10,20,50,80,90 95,98,99,100)=(0.42,0.44,0.46,0.47 0.48,0.49,0.51,0.65,0.88 1.1,1.3,1.5,1.8), mean=0.598, stddev=0.21], bias-{mean,stddev}=0.03652,0.9186, rank-in=20, rank-out=80, num-samples-history=2000, update-period=4, alpha=4
component name=tdnn3.relu type=RectifiedLinearComponent, dim=255, self-repair-scale=1e-05, count=5.74e+05, self-repaired-proportion=0.000104925, value-avg=[percentiles(0,1,2,5 10,20,50,80,90 95,98,99,100)=(0.02,0.03,0.04,0.06 0.10,0.19,0.54,1.4,2.1 2.5,2.9,3.0,4.2), mean=0.844, stddev=0.805], deriv-avg=[percentiles(0,1,2,5 10,20,50,80,90 95,98,99,100)=(0.08,0.11,0.13,0.17 0.21,0.26,0.41,0.67,0.78 0.84,0.87,0.88,0.93), mean=0.459, stddev=0.209], oderiv-rms=[percentiles(0,1,2,5 10,20,50,80,90 95,98,99,100)=(0.002,0.002,0.002,0.002 0.002,0.002,0.003,0.005,0.006 0.007,0.007,0.008,0.01), mean=0.00358, stddev=0.00187], oderiv-count=508032
component name=tdnn3.renorm type=NormalizeComponent, input-dim=255, output-dim=256, target-rms=1, add-log-stddev=true
component name=tdnn3_stats-extraction-99-99 type=StatisticsExtractionComponent, input-dim=256, output-dim=257
component name=tdnn3_stats-pooling-99-99 type=StatisticsPoolingComponent, input-dim=257, output-dim=257
component name=tdnn4.affine type=NaturalGradientAffineComponent, input-dim=1281, output-dim=255, learning-rate=0.000815529, max-change=0.75, linear-params-rms=0.03571, linear-params-row-norms=[percentiles(0,1,2,5 10,20,50,80,90 95,98,99,100)=(0.97,0.98,0.99,1.0 1.0,1.1,1.2,1.4,1.6 1.8,1.9,2.1,2.3), mean=1.25, stddev=0.249], linear-params-col-norms=[percentiles(0,1,2,5 10,20,50,80,90 95,98,99,100)=(0.39,0.41,0.42,0.43 0.44,0.45,0.53,0.65,0.74 0.79,0.87,0.89,1.1), mean=0.558, stddev=0.119], bias-{mean,stddev}=-0.04683,1.068, rank-in=20, rank-out=80, num-samples-history=2000, update-period=4, alpha=4
component name=tdnn4.relu type=RectifiedLinearComponent, dim=255, self-repair-scale=1e-05, count=3.37e+05, self-repaired-proportion=2.45866e-05, value-avg=[percentiles(0,1,2,5 10,20,50,80,90 95,98,99,100)=(0.02,0.03,0.03,0.04 0.06,0.12,0.48,0.94,1.4 1.8,2.2,3.0,3.6), mean=0.63, stddev=0.621], deriv-avg=[percentiles(0,1,2,5 10,20,50,80,90 95,98,99,100)=(0.07,0.09,0.09,0.11 0.14,0.20,0.37,0.55,0.67 0.74,0.78,0.80,0.88), mean=0.385, stddev=0.189], oderiv-rms=[percentiles(0,1,2,5 10,20,50,80,90 95,98,99,100)=(0.003,0.003,0.003,0.003 0.003,0.004,0.005,0.007,0.009 0.01,0.01,0.01,0.02), mean=0.00569, stddev=0.00256], oderiv-count=359200
component name=tdnn4.renorm type=NormalizeComponent, input-dim=255, output-dim=256, target-rms=1, add-log-stddev=true
component name=tdnn4_stats-extraction-108-108 type=StatisticsExtractionComponent, input-dim=256, output-dim=257
component name=tdnn4_stats-pooling-108-108 type=StatisticsPoolingComponent, input-dim=257, output-dim=257
component name=tdnn5.affine type=NaturalGradientAffineComponent, input-dim=1281, output-dim=256, learning-rate=0.000815529, max-change=0.75, linear-params-rms=0.03401, linear-params-row-norms=[percentiles(0,1,2,5 10,20,50,80,90 95,98,99,100)=(0.95,0.95,0.96,0.97 0.98,0.99,1.1,1.4,1.6 1.8,1.9,2.0,2.0), mean=1.19, stddev=0.264], linear-params-col-norms=[percentiles(0,1,2,5 10,20,50,80,90 95,98,99,100)=(0.38,0.42,0.42,0.43 0.44,0.46,0.51,0.61,0.66 0.71,0.76,0.81,1.2), mean=0.536, stddev=0.0925], bias-{mean,stddev}=-0.07533,0.8834, rank-in=20, rank-out=80, num-samples-history=2000, update-period=4, alpha=4
component name=tdnn5.relu type=RectifiedLinearComponent, dim=256, self-repair-scale=1e-05, count=5.8e+04, self-repaired-proportion=0.0746139, value-avg=[percentiles(0,1,2,5 10,20,50,80,90 95,98,99,100)=(0.0003,0.003,0.01,0.01 0.02,0.04,0.28,1.2,1.7 2.0,2.2,2.4,3.7), mean=0.632, stddev=0.711], deriv-avg=[percentiles(0,1,2,5 10,20,50,80,90 95,98,99,100)=(0.002,0.02,0.05,0.06 0.07,0.12,0.36,0.75,0.88 0.94,0.97,0.99,1.0), mean=0.425, stddev=0.301], oderiv-rms=[percentiles(0,1,2,5 10,20,50,80,90 95,98,99,100)=(9e-05,0.0001,0.0001,0.0003 0.0009,0.002,0.006,0.02,0.02 0.02,0.03,0.03,0.05), mean=0.00866, stddev=0.0078], oderiv-count=100240
component name=tdnn5.renorm type=NormalizeComponent, input-dim=256, output-dim=256, target-rms=1, add-log-stddev=false
component name=output.affine type=NaturalGradientAffineComponent, input-dim=256, output-dim=3, learning-rate=8.15529e-05, learning-rate-factor=0.1, max-change=1.5, linear-params-rms=0.04521, linear-params-row-norms=[ 0.87 0.80 0.42 ], linear-params-col-norms=[percentiles(0,1,2,5 10,20,50,80,90 95,98,99,100)=(7e-05,0.0006,0.001,0.002 0.006,0.01,0.05,0.10,0.13 0.15,0.18,0.21,0.29), mean=0.0599, stddev=0.0504], bias-{mean,stddev}=-2.024e-07,0.02627, rank-in=20, rank-out=2, num-samples-history=2000, update-period=4, alpha=4
component name=output.log-softmax type=LogSoftmaxComponent, dim=3, oderiv-rms=[ 0.44 0.89 0 ], oderiv-count=97552
nnet3-show-progress --use-gpu=no exp/dihard3_sad_tdnn_stats/52.raw exp/dihard3_sad_tdnn_stats/53.raw 
LOG (nnet3-show-progress[5.5.810~1-76a979]:SelectGpuId():cu-device.cc:153) Manually selected to compute on CPU.
LOG (nnet3-show-progress[5.5.810~1-76a979]:main():nnet3-show-progress.cc:143) Parameter differences per layer are [ tdnn1.affine:0.56367 tdnn2.affine:0.993739 tdnn3.affine:0.557695 tdnn4.affine:0.703863 tdnn5.affine:0.934672 output.affine:0.0547212 ]
LOG (nnet3-show-progress[5.5.810~1-76a979]:main():nnet3-show-progress.cc:153) Norms of parameter matrices from <new-nnet-in> are [ tdnn1.affine:25.0361 tdnn2.affine:37.3843 tdnn3.affine:25.0429 tdnn4.affine:26.604 tdnn5.affine:24.0956 output.affine:1.25365 ]
LOG (nnet3-show-progress[5.5.810~1-76a979]:main():nnet3-show-progress.cc:157) Relative parameter differences per layer are [ tdnn1.affine:0.0225632 tdnn2.affine:0.0267216 tdnn3.affine:0.0223252 tdnn4.affine:0.0265193 tdnn5.affine:0.0388999 output.affine:0.0437934 ]
# Accounting: time=1 threads=1
# Ended (code 0) at Sat Nov 28 18:30:14 EST 2020, elapsed time 1 seconds
