# nnet3-info exp/dihard3_sad_tdnn_stats/165.raw && nnet3-show-progress --use-gpu=no exp/dihard3_sad_tdnn_stats/164.raw exp/dihard3_sad_tdnn_stats/165.raw 
# Started at Sat Nov 28 18:43:46 EST 2020
#
nnet3-info exp/dihard3_sad_tdnn_stats/165.raw 
left-context: 24
right-context: 46
num-parameters: 1229878
modulus: 18
input-node name=input dim=40
component-node name=lda component=lda input=Append(Offset(input, -2), Offset(input, -1), input, Offset(input, 1), Offset(input, 2)) input-dim=200 output-dim=200
component-node name=tdnn1.affine component=tdnn1.affine input=lda input-dim=200 output-dim=255
component-node name=tdnn1.relu component=tdnn1.relu input=tdnn1.affine input-dim=255 output-dim=255
component-node name=tdnn1.renorm component=tdnn1.renorm input=tdnn1.relu input-dim=255 output-dim=256
component-node name=tdnn2.affine component=tdnn2.affine input=Append(Offset(tdnn1.renorm, -1), tdnn1.renorm, Offset(tdnn1.renorm, 1), Offset(tdnn1.renorm, 2)) input-dim=1024 output-dim=255
component-node name=tdnn2.relu component=tdnn2.relu input=tdnn2.affine input-dim=255 output-dim=255
component-node name=tdnn2.renorm component=tdnn2.renorm input=tdnn2.relu input-dim=255 output-dim=256
component-node name=tdnn3.affine component=tdnn3.affine input=Append(Offset(tdnn2.renorm, -3), tdnn2.renorm, Offset(tdnn2.renorm, 3), Offset(tdnn2.renorm, 6)) input-dim=1024 output-dim=255
component-node name=tdnn3.relu component=tdnn3.relu input=tdnn3.affine input-dim=255 output-dim=255
component-node name=tdnn3.renorm component=tdnn3.renorm input=tdnn3.relu input-dim=255 output-dim=256
component-node name=tdnn3_stats-extraction-99-99 component=tdnn3_stats-extraction-99-99 input=tdnn3.renorm input-dim=256 output-dim=257
component-node name=tdnn3_stats-pooling-99-99 component=tdnn3_stats-pooling-99-99 input=tdnn3_stats-extraction-99-99 input-dim=257 output-dim=257
component-node name=tdnn4.affine component=tdnn4.affine input=Append(Offset(tdnn3.renorm, -6), tdnn3.renorm, Offset(tdnn3.renorm, 6), Offset(tdnn3.renorm, 12), Round(tdnn3_stats-pooling-99-99, 9)) input-dim=1281 output-dim=255
component-node name=tdnn4.relu component=tdnn4.relu input=tdnn4.affine input-dim=255 output-dim=255
component-node name=tdnn4.renorm component=tdnn4.renorm input=tdnn4.relu input-dim=255 output-dim=256
component-node name=tdnn4_stats-extraction-108-108 component=tdnn4_stats-extraction-108-108 input=tdnn4.renorm input-dim=256 output-dim=257
component-node name=tdnn4_stats-pooling-108-108 component=tdnn4_stats-pooling-108-108 input=tdnn4_stats-extraction-108-108 input-dim=257 output-dim=257
component-node name=tdnn5.affine component=tdnn5.affine input=Append(Offset(tdnn4.renorm, -12), tdnn4.renorm, Offset(tdnn4.renorm, 12), Offset(tdnn4.renorm, 24), Round(tdnn4_stats-pooling-108-108, 18)) input-dim=1281 output-dim=256
component-node name=tdnn5.relu component=tdnn5.relu input=tdnn5.affine input-dim=256 output-dim=256
component-node name=tdnn5.renorm component=tdnn5.renorm input=tdnn5.relu input-dim=256 output-dim=256
component-node name=output.affine component=output.affine input=tdnn5.renorm input-dim=256 output-dim=3
component-node name=output.log-softmax component=output.log-softmax input=output.affine input-dim=3 output-dim=3
output-node name=output input=output.log-softmax dim=3 objective=linear
component name=lda type=FixedAffineComponent, input-dim=200, output-dim=200, linear-params-rms=0.0017, bias-{mean,stddev}=0.01236,0.1777
component name=tdnn1.affine type=NaturalGradientAffineComponent, input-dim=200, output-dim=255, learning-rate=0.000367114, max-change=0.75, linear-params-rms=0.1298, linear-params-row-norms=[percentiles(0,1,2,5 10,20,50,80,90 95,98,99,100)=(0.86,0.89,0.91,0.92 0.96,0.99,1.1,2.3,2.5 2.8,3.2,4.2,5.3), mean=1.66, stddev=0.793], linear-params-col-norms=[percentiles(0,1,2,5 10,20,50,80,90 95,98,99,100)=(1.4,1.6,1.7,1.7 1.8,1.9,2.0,2.2,2.4 2.5,2.6,2.6,3.8), mean=2.06, stddev=0.263], bias-{mean,stddev}=-0.04158,0.5527, rank-in=20, rank-out=80, num-samples-history=2000, update-period=4, alpha=4
component name=tdnn1.relu type=RectifiedLinearComponent, dim=255, self-repair-scale=1e-05, count=1.87e+06, self-repaired-proportion=0.523025, value-avg=[percentiles(0,1,2,5 10,20,50,80,90 95,98,99,100)=(0,0,0,0 0,0,0.005,0.22,0.60 0.95,1.4,1.5,1.8), mean=0.166, stddev=0.33], deriv-avg=[percentiles(0,1,2,5 10,20,50,80,90 95,98,99,100)=(0,0,0,0 0,0,0.19,1.0,1.0 1.0,1.0,1.0,1.0), mean=0.429, stddev=0.428], oderiv-rms=[percentiles(0,1,2,5 10,20,50,80,90 95,98,99,100)=(0.006,0.006,0.007,0.007 0.007,0.008,0.01,0.10,0.12 0.13,0.15,0.17,0.22), mean=0.0499, stddev=0.0481], oderiv-count=1.5403e+06
component name=tdnn1.renorm type=NormalizeComponent, input-dim=255, output-dim=256, target-rms=1, add-log-stddev=true
component name=tdnn2.affine type=NaturalGradientAffineComponent, input-dim=1024, output-dim=255, learning-rate=0.000367114, max-change=0.75, linear-params-rms=0.08784, linear-params-row-norms=[percentiles(0,1,2,5 10,20,50,80,90 95,98,99,100)=(1.0,1.0,1.0,1.1 1.1,1.2,1.6,3.7,5.1 5.5,5.9,6.4,7.9), mean=2.35, stddev=1.55], linear-params-col-norms=[percentiles(0,1,2,5 10,20,50,80,90 95,98,99,100)=(0.40,0.43,0.45,0.47 0.48,0.49,0.56,2.0,2.2 2.4,2.7,2.8,3.0), mean=1.18, stddev=0.758], bias-{mean,stddev}=-0.01755,0.9787, rank-in=20, rank-out=80, num-samples-history=2000, update-period=4, alpha=4
component name=tdnn2.relu type=RectifiedLinearComponent, dim=255, self-repair-scale=1e-05, count=5.4e+05, self-repaired-proportion=0.00479194, value-avg=[percentiles(0,1,2,5 10,20,50,80,90 95,98,99,100)=(0.02,0.02,0.02,0.03 0.05,0.07,0.20,0.84,1.7 3.1,4.9,6.6,9.1), mean=0.698, stddev=1.34], deriv-avg=[percentiles(0,1,2,5 10,20,50,80,90 95,98,99,100)=(0.06,0.07,0.08,0.10 0.12,0.17,0.34,0.58,0.76 0.88,0.93,0.94,0.98), mean=0.382, stddev=0.232], oderiv-rms=[percentiles(0,1,2,5 10,20,50,80,90 95,98,99,100)=(0.002,0.002,0.002,0.002 0.002,0.002,0.003,0.008,0.01 0.01,0.02,0.02,0.03), mean=0.00499, stddev=0.00445], oderiv-count=494899
component name=tdnn2.renorm type=NormalizeComponent, input-dim=255, output-dim=256, target-rms=1, add-log-stddev=true
component name=tdnn3.affine type=NaturalGradientAffineComponent, input-dim=1024, output-dim=255, learning-rate=0.000367114, max-change=0.75, linear-params-rms=0.0498, linear-params-row-norms=[percentiles(0,1,2,5 10,20,50,80,90 95,98,99,100)=(1.0,1.0,1.0,1.1 1.1,1.2,1.5,1.8,2.0 2.2,2.5,2.5,2.7), mean=1.55, stddev=0.362], linear-params-col-norms=[percentiles(0,1,2,5 10,20,50,80,90 95,98,99,100)=(0.43,0.47,0.48,0.48 0.49,0.51,0.55,0.92,1.2 1.5,1.8,1.9,2.2), mean=0.716, stddev=0.345], bias-{mean,stddev}=0.03649,0.9181, rank-in=20, rank-out=80, num-samples-history=2000, update-period=4, alpha=4
component name=tdnn3.relu type=RectifiedLinearComponent, dim=255, self-repair-scale=1e-05, count=5.52e+05, self-repaired-proportion=0, value-avg=[percentiles(0,1,2,5 10,20,50,80,90 95,98,99,100)=(0.05,0.08,0.14,0.17 0.24,0.38,0.84,1.6,2.1 2.8,3.4,3.7,4.3), mean=1.07, stddev=0.828], deriv-avg=[percentiles(0,1,2,5 10,20,50,80,90 95,98,99,100)=(0.13,0.15,0.17,0.21 0.26,0.31,0.41,0.56,0.64 0.74,0.82,0.83,0.93), mean=0.438, stddev=0.154], oderiv-rms=[percentiles(0,1,2,5 10,20,50,80,90 95,98,99,100)=(0.002,0.002,0.002,0.002 0.003,0.003,0.005,0.006,0.007 0.007,0.008,0.01,0.01), mean=0.00475, stddev=0.00183], oderiv-count=464947
component name=tdnn3.renorm type=NormalizeComponent, input-dim=255, output-dim=256, target-rms=1, add-log-stddev=true
component name=tdnn3_stats-extraction-99-99 type=StatisticsExtractionComponent, input-dim=256, output-dim=257
component name=tdnn3_stats-pooling-99-99 type=StatisticsPoolingComponent, input-dim=257, output-dim=257
component name=tdnn4.affine type=NaturalGradientAffineComponent, input-dim=1281, output-dim=255, learning-rate=0.000367114, max-change=0.75, linear-params-rms=0.04615, linear-params-row-norms=[percentiles(0,1,2,5 10,20,50,80,90 95,98,99,100)=(1.0,1.1,1.1,1.1 1.2,1.3,1.6,1.8,2.1 2.3,2.6,2.8,3.0), mean=1.61, stddev=0.377], linear-params-col-norms=[percentiles(0,1,2,5 10,20,50,80,90 95,98,99,100)=(0.40,0.44,0.45,0.47 0.48,0.52,0.69,0.87,0.99 1.1,1.2,1.2,1.5), mean=0.71, stddev=0.197], bias-{mean,stddev}=-0.04671,1.067, rank-in=20, rank-out=80, num-samples-history=2000, update-period=4, alpha=4
component name=tdnn4.relu type=RectifiedLinearComponent, dim=255, self-repair-scale=1e-05, count=3.37e+05, self-repaired-proportion=0, value-avg=[percentiles(0,1,2,5 10,20,50,80,90 95,98,99,100)=(0.07,0.11,0.12,0.14 0.15,0.23,0.54,1.0,1.3 1.6,2.2,2.8,3.4), mean=0.672, stddev=0.544], deriv-avg=[percentiles(0,1,2,5 10,20,50,80,90 95,98,99,100)=(0.10,0.11,0.15,0.16 0.19,0.23,0.37,0.51,0.56 0.62,0.67,0.70,0.79), mean=0.375, stddev=0.144], oderiv-rms=[percentiles(0,1,2,5 10,20,50,80,90 95,98,99,100)=(0.005,0.005,0.006,0.006 0.007,0.008,0.009,0.01,0.01 0.01,0.02,0.02,0.02), mean=0.00983, stddev=0.00249], oderiv-count=358720
component name=tdnn4.renorm type=NormalizeComponent, input-dim=255, output-dim=256, target-rms=1, add-log-stddev=true
component name=tdnn4_stats-extraction-108-108 type=StatisticsExtractionComponent, input-dim=256, output-dim=257
component name=tdnn4_stats-pooling-108-108 type=StatisticsPoolingComponent, input-dim=257, output-dim=257
component name=tdnn5.affine type=NaturalGradientAffineComponent, input-dim=1281, output-dim=256, learning-rate=0.000367114, max-change=0.75, linear-params-rms=0.04566, linear-params-row-norms=[percentiles(0,1,2,5 10,20,50,80,90 95,98,99,100)=(0.96,0.97,0.98,0.99 1.0,1.1,1.4,2.0,2.3 2.5,2.8,2.8,2.9), mean=1.55, stddev=0.508], linear-params-col-norms=[percentiles(0,1,2,5 10,20,50,80,90 95,98,99,100)=(0.39,0.44,0.46,0.48 0.50,0.54,0.71,0.85,0.92 0.99,1.1,1.1,1.6), mean=0.711, stddev=0.167], bias-{mean,stddev}=-0.07532,0.8837, rank-in=20, rank-out=80, num-samples-history=2000, update-period=4, alpha=4
component name=tdnn5.relu type=RectifiedLinearComponent, dim=256, self-repair-scale=1e-05, count=6.45e+04, self-repaired-proportion=0.00596412, value-avg=[percentiles(0,1,2,5 10,20,50,80,90 95,98,99,100)=(0.01,0.01,0.02,0.02 0.05,0.10,0.34,0.90,1.2 1.6,1.7,1.9,3.2), mean=0.52, stddev=0.51], deriv-avg=[percentiles(0,1,2,5 10,20,50,80,90 95,98,99,100)=(0.05,0.05,0.06,0.06 0.09,0.16,0.34,0.57,0.64 0.71,0.76,0.79,0.82), mean=0.363, stddev=0.206], oderiv-rms=[percentiles(0,1,2,5 10,20,50,80,90 95,98,99,100)=(0.0001,0.0003,0.0007,0.001 0.003,0.006,0.02,0.02,0.03 0.03,0.04,0.04,0.05), mean=0.0164, stddev=0.00977], oderiv-count=108506
component name=tdnn5.renorm type=NormalizeComponent, input-dim=256, output-dim=256, target-rms=1, add-log-stddev=false
component name=output.affine type=NaturalGradientAffineComponent, input-dim=256, output-dim=3, learning-rate=3.67114e-05, learning-rate-factor=0.1, max-change=1.5, linear-params-rms=0.08924, linear-params-row-norms=[ 1.7 1.7 0.51 ], linear-params-col-norms=[percentiles(0,1,2,5 10,20,50,80,90 95,98,99,100)=(0.002,0.005,0.008,0.02 0.03,0.06,0.13,0.20,0.23 0.26,0.29,0.32,0.39), mean=0.135, stddev=0.0746], bias-{mean,stddev}=-1.188e-06,0.06933, rank-in=20, rank-out=2, num-samples-history=2000, update-period=4, alpha=4
component name=output.log-softmax type=LogSoftmaxComponent, dim=3, oderiv-rms=[ 0.44 0.89 0 ], oderiv-count=108774
nnet3-show-progress --use-gpu=no exp/dihard3_sad_tdnn_stats/164.raw exp/dihard3_sad_tdnn_stats/165.raw 
LOG (nnet3-show-progress[5.5.810~1-76a979]:SelectGpuId():cu-device.cc:153) Manually selected to compute on CPU.
LOG (nnet3-show-progress[5.5.810~1-76a979]:main():nnet3-show-progress.cc:143) Parameter differences per layer are [ tdnn1.affine:0.303501 tdnn2.affine:0.407601 tdnn3.affine:0.280418 tdnn4.affine:0.44332 tdnn5.affine:0.55289 output.affine:0.0239642 ]
LOG (nnet3-show-progress[5.5.810~1-76a979]:main():nnet3-show-progress.cc:153) Norms of parameter matrices from <new-nnet-in> are [ tdnn1.affine:30.6258 tdnn2.affine:47.5298 tdnn3.affine:29.3745 tdnn4.affine:31.413 tdnn5.affine:29.7474 output.affine:2.47595 ]
LOG (nnet3-show-progress[5.5.810~1-76a979]:main():nnet3-show-progress.cc:157) Relative parameter differences per layer are [ tdnn1.affine:0.00991966 tdnn2.affine:0.00858303 tdnn3.affine:0.00955195 tdnn4.affine:0.0141221 tdnn5.affine:0.0186015 output.affine:0.00972437 ]
# Accounting: time=0 threads=1
# Ended (code 0) at Sat Nov 28 18:43:46 EST 2020, elapsed time 0 seconds
