# nnet3-info exp/dihard3_sad_tdnn_stats/189.raw && nnet3-show-progress --use-gpu=no exp/dihard3_sad_tdnn_stats/188.raw exp/dihard3_sad_tdnn_stats/189.raw 
# Started at Sat Nov 28 18:46:42 EST 2020
#
nnet3-info exp/dihard3_sad_tdnn_stats/189.raw 
left-context: 24
right-context: 46
num-parameters: 1229878
modulus: 18
input-node name=input dim=40
component-node name=lda component=lda input=Append(Offset(input, -2), Offset(input, -1), input, Offset(input, 1), Offset(input, 2)) input-dim=200 output-dim=200
component-node name=tdnn1.affine component=tdnn1.affine input=lda input-dim=200 output-dim=255
component-node name=tdnn1.relu component=tdnn1.relu input=tdnn1.affine input-dim=255 output-dim=255
component-node name=tdnn1.renorm component=tdnn1.renorm input=tdnn1.relu input-dim=255 output-dim=256
component-node name=tdnn2.affine component=tdnn2.affine input=Append(Offset(tdnn1.renorm, -1), tdnn1.renorm, Offset(tdnn1.renorm, 1), Offset(tdnn1.renorm, 2)) input-dim=1024 output-dim=255
component-node name=tdnn2.relu component=tdnn2.relu input=tdnn2.affine input-dim=255 output-dim=255
component-node name=tdnn2.renorm component=tdnn2.renorm input=tdnn2.relu input-dim=255 output-dim=256
component-node name=tdnn3.affine component=tdnn3.affine input=Append(Offset(tdnn2.renorm, -3), tdnn2.renorm, Offset(tdnn2.renorm, 3), Offset(tdnn2.renorm, 6)) input-dim=1024 output-dim=255
component-node name=tdnn3.relu component=tdnn3.relu input=tdnn3.affine input-dim=255 output-dim=255
component-node name=tdnn3.renorm component=tdnn3.renorm input=tdnn3.relu input-dim=255 output-dim=256
component-node name=tdnn3_stats-extraction-99-99 component=tdnn3_stats-extraction-99-99 input=tdnn3.renorm input-dim=256 output-dim=257
component-node name=tdnn3_stats-pooling-99-99 component=tdnn3_stats-pooling-99-99 input=tdnn3_stats-extraction-99-99 input-dim=257 output-dim=257
component-node name=tdnn4.affine component=tdnn4.affine input=Append(Offset(tdnn3.renorm, -6), tdnn3.renorm, Offset(tdnn3.renorm, 6), Offset(tdnn3.renorm, 12), Round(tdnn3_stats-pooling-99-99, 9)) input-dim=1281 output-dim=255
component-node name=tdnn4.relu component=tdnn4.relu input=tdnn4.affine input-dim=255 output-dim=255
component-node name=tdnn4.renorm component=tdnn4.renorm input=tdnn4.relu input-dim=255 output-dim=256
component-node name=tdnn4_stats-extraction-108-108 component=tdnn4_stats-extraction-108-108 input=tdnn4.renorm input-dim=256 output-dim=257
component-node name=tdnn4_stats-pooling-108-108 component=tdnn4_stats-pooling-108-108 input=tdnn4_stats-extraction-108-108 input-dim=257 output-dim=257
component-node name=tdnn5.affine component=tdnn5.affine input=Append(Offset(tdnn4.renorm, -12), tdnn4.renorm, Offset(tdnn4.renorm, 12), Offset(tdnn4.renorm, 24), Round(tdnn4_stats-pooling-108-108, 18)) input-dim=1281 output-dim=256
component-node name=tdnn5.relu component=tdnn5.relu input=tdnn5.affine input-dim=256 output-dim=256
component-node name=tdnn5.renorm component=tdnn5.renorm input=tdnn5.relu input-dim=256 output-dim=256
component-node name=output.affine component=output.affine input=tdnn5.renorm input-dim=256 output-dim=3
component-node name=output.log-softmax component=output.log-softmax input=output.affine input-dim=3 output-dim=3
output-node name=output input=output.log-softmax dim=3 objective=linear
component name=lda type=FixedAffineComponent, input-dim=200, output-dim=200, linear-params-rms=0.0017, bias-{mean,stddev}=0.01236,0.1777
component name=tdnn1.affine type=NaturalGradientAffineComponent, input-dim=200, output-dim=255, learning-rate=0.000351233, max-change=0.75, linear-params-rms=0.1324, linear-params-row-norms=[percentiles(0,1,2,5 10,20,50,80,90 95,98,99,100)=(0.86,0.89,0.91,0.92 0.96,0.99,1.1,2.4,2.6 2.9,3.2,4.3,5.3), mean=1.68, stddev=0.818], linear-params-col-norms=[percentiles(0,1,2,5 10,20,50,80,90 95,98,99,100)=(1.4,1.6,1.7,1.8 1.8,1.9,2.1,2.3,2.4 2.5,2.6,2.7,3.8), mean=2.1, stddev=0.262], bias-{mean,stddev}=-0.0388,0.5324, rank-in=20, rank-out=80, num-samples-history=2000, update-period=4, alpha=4
component name=tdnn1.relu type=RectifiedLinearComponent, dim=255, self-repair-scale=1e-05, count=1.58e+06, self-repaired-proportion=0.505491, value-avg=[percentiles(0,1,2,5 10,20,50,80,90 95,98,99,100)=(0,0,0,0 0,0,0.006,0.20,0.57 0.91,1.3,1.4,1.8), mean=0.159, stddev=0.318], deriv-avg=[percentiles(0,1,2,5 10,20,50,80,90 95,98,99,100)=(0,0,0,0 0,0,0.20,0.99,1.0 1.0,1.0,1.0,1.0), mean=0.429, stddev=0.425], oderiv-rms=[percentiles(0,1,2,5 10,20,50,80,90 95,98,99,100)=(0.006,0.007,0.007,0.007 0.008,0.008,0.02,0.10,0.12 0.13,0.15,0.17,0.22), mean=0.051, stddev=0.0487], oderiv-count=1.5103e+06
component name=tdnn1.renorm type=NormalizeComponent, input-dim=255, output-dim=256, target-rms=1, add-log-stddev=true
component name=tdnn2.affine type=NaturalGradientAffineComponent, input-dim=1024, output-dim=255, learning-rate=0.000351233, max-change=0.75, linear-params-rms=0.08913, linear-params-row-norms=[percentiles(0,1,2,5 10,20,50,80,90 95,98,99,100)=(1.0,1.0,1.0,1.1 1.1,1.2,1.6,3.8,5.1 5.5,5.9,6.4,7.9), mean=2.39, stddev=1.56], linear-params-col-norms=[percentiles(0,1,2,5 10,20,50,80,90 95,98,99,100)=(0.40,0.43,0.46,0.47 0.48,0.49,0.56,2.0,2.2 2.4,2.7,2.8,3.0), mean=1.2, stddev=0.772], bias-{mean,stddev}=-0.01756,0.9787, rank-in=20, rank-out=80, num-samples-history=2000, update-period=4, alpha=4
component name=tdnn2.relu type=RectifiedLinearComponent, dim=255, self-repair-scale=1e-05, count=5.97e+05, self-repaired-proportion=0.00443224, value-avg=[percentiles(0,1,2,5 10,20,50,80,90 95,98,99,100)=(0.02,0.02,0.02,0.04 0.05,0.08,0.21,0.86,1.7 3.1,5.0,6.7,9.2), mean=0.716, stddev=1.35], deriv-avg=[percentiles(0,1,2,5 10,20,50,80,90 95,98,99,100)=(0.06,0.07,0.08,0.10 0.13,0.17,0.34,0.57,0.76 0.88,0.93,0.94,0.98), mean=0.386, stddev=0.231], oderiv-rms=[percentiles(0,1,2,5 10,20,50,80,90 95,98,99,100)=(0.002,0.002,0.002,0.002 0.002,0.002,0.003,0.008,0.01 0.01,0.02,0.02,0.03), mean=0.00519, stddev=0.00441], oderiv-count=491904
component name=tdnn2.renorm type=NormalizeComponent, input-dim=255, output-dim=256, target-rms=1, add-log-stddev=true
component name=tdnn3.affine type=NaturalGradientAffineComponent, input-dim=1024, output-dim=255, learning-rate=0.000351233, max-change=0.75, linear-params-rms=0.05062, linear-params-row-norms=[percentiles(0,1,2,5 10,20,50,80,90 95,98,99,100)=(1.0,1.0,1.1,1.1 1.1,1.2,1.6,1.9,2.0 2.2,2.5,2.5,2.7), mean=1.58, stddev=0.365], linear-params-col-norms=[percentiles(0,1,2,5 10,20,50,80,90 95,98,99,100)=(0.44,0.47,0.48,0.49 0.50,0.51,0.56,0.94,1.3 1.5,1.8,1.9,2.2), mean=0.727, stddev=0.353], bias-{mean,stddev}=0.03647,0.918, rank-in=20, rank-out=80, num-samples-history=2000, update-period=4, alpha=4
component name=tdnn3.relu type=RectifiedLinearComponent, dim=255, self-repair-scale=1e-05, count=5.68e+05, self-repaired-proportion=0, value-avg=[percentiles(0,1,2,5 10,20,50,80,90 95,98,99,100)=(0.06,0.09,0.14,0.18 0.24,0.39,0.87,1.6,2.0 2.7,3.3,3.7,4.3), mean=1.06, stddev=0.814], deriv-avg=[percentiles(0,1,2,5 10,20,50,80,90 95,98,99,100)=(0.14,0.15,0.18,0.22 0.26,0.31,0.41,0.55,0.64 0.74,0.81,0.83,0.93), mean=0.436, stddev=0.153], oderiv-rms=[percentiles(0,1,2,5 10,20,50,80,90 95,98,99,100)=(0.002,0.003,0.003,0.003 0.003,0.003,0.005,0.006,0.007 0.008,0.009,0.01,0.01), mean=0.00519, stddev=0.00186], oderiv-count=542208
component name=tdnn3.renorm type=NormalizeComponent, input-dim=255, output-dim=256, target-rms=1, add-log-stddev=true
component name=tdnn3_stats-extraction-99-99 type=StatisticsExtractionComponent, input-dim=256, output-dim=257
component name=tdnn3_stats-pooling-99-99 type=StatisticsPoolingComponent, input-dim=257, output-dim=257
component name=tdnn4.affine type=NaturalGradientAffineComponent, input-dim=1281, output-dim=255, learning-rate=0.000351233, max-change=0.75, linear-params-rms=0.04708, linear-params-row-norms=[percentiles(0,1,2,5 10,20,50,80,90 95,98,99,100)=(1.1,1.1,1.1,1.1 1.2,1.3,1.6,1.9,2.1 2.3,2.6,2.8,3.1), mean=1.64, stddev=0.378], linear-params-col-norms=[percentiles(0,1,2,5 10,20,50,80,90 95,98,99,100)=(0.41,0.44,0.45,0.47 0.49,0.53,0.71,0.89,1.0 1.1,1.2,1.2,1.6), mean=0.724, stddev=0.201], bias-{mean,stddev}=-0.04671,1.067, rank-in=20, rank-out=80, num-samples-history=2000, update-period=4, alpha=4
component name=tdnn4.relu type=RectifiedLinearComponent, dim=255, self-repair-scale=1e-05, count=3.4e+05, self-repaired-proportion=0, value-avg=[percentiles(0,1,2,5 10,20,50,80,90 95,98,99,100)=(0.08,0.12,0.13,0.15 0.17,0.23,0.54,0.99,1.2 1.5,2.2,2.7,3.3), mean=0.661, stddev=0.525], deriv-avg=[percentiles(0,1,2,5 10,20,50,80,90 95,98,99,100)=(0.10,0.11,0.15,0.17 0.19,0.23,0.37,0.50,0.56 0.62,0.66,0.69,0.80), mean=0.373, stddev=0.142], oderiv-rms=[percentiles(0,1,2,5 10,20,50,80,90 95,98,99,100)=(0.006,0.006,0.007,0.007 0.008,0.009,0.01,0.01,0.01 0.02,0.02,0.02,0.02), mean=0.0108, stddev=0.00242], oderiv-count=354133
component name=tdnn4.renorm type=NormalizeComponent, input-dim=255, output-dim=256, target-rms=1, add-log-stddev=true
component name=tdnn4_stats-extraction-108-108 type=StatisticsExtractionComponent, input-dim=256, output-dim=257
component name=tdnn4_stats-pooling-108-108 type=StatisticsPoolingComponent, input-dim=257, output-dim=257
component name=tdnn5.affine type=NaturalGradientAffineComponent, input-dim=1281, output-dim=256, learning-rate=0.000351233, max-change=0.75, linear-params-rms=0.04664, linear-params-row-norms=[percentiles(0,1,2,5 10,20,50,80,90 95,98,99,100)=(0.96,0.96,0.98,0.99 1.0,1.1,1.5,2.1,2.3 2.5,2.8,2.9,2.9), mean=1.59, stddev=0.517], linear-params-col-norms=[percentiles(0,1,2,5 10,20,50,80,90 95,98,99,100)=(0.40,0.45,0.46,0.48 0.51,0.56,0.73,0.87,0.94 1.0,1.1,1.2,1.6), mean=0.727, stddev=0.168], bias-{mean,stddev}=-0.07543,0.8836, rank-in=20, rank-out=80, num-samples-history=2000, update-period=4, alpha=4
component name=tdnn5.relu type=RectifiedLinearComponent, dim=256, self-repair-scale=1e-05, count=6.69e+04, self-repaired-proportion=0.00443004, value-avg=[percentiles(0,1,2,5 10,20,50,80,90 95,98,99,100)=(0.01,0.01,0.02,0.02 0.05,0.10,0.34,0.81,1.1 1.4,1.6,1.9,2.9), mean=0.48, stddev=0.464], deriv-avg=[percentiles(0,1,2,5 10,20,50,80,90 95,98,99,100)=(0.05,0.05,0.06,0.06 0.10,0.17,0.33,0.53,0.61 0.67,0.74,0.77,0.78), mean=0.351, stddev=0.194], oderiv-rms=[percentiles(0,1,2,5 10,20,50,80,90 95,98,99,100)=(0.0004,0.0005,0.0008,0.001 0.003,0.007,0.02,0.03,0.03 0.03,0.04,0.04,0.05), mean=0.0181, stddev=0.0104], oderiv-count=105728
component name=tdnn5.renorm type=NormalizeComponent, input-dim=256, output-dim=256, target-rms=1, add-log-stddev=false
component name=output.affine type=NaturalGradientAffineComponent, input-dim=256, output-dim=3, learning-rate=3.51233e-05, learning-rate-factor=0.1, max-change=1.5, linear-params-rms=0.09788, linear-params-row-norms=[ 1.9 1.8 0.52 ], linear-params-col-norms=[percentiles(0,1,2,5 10,20,50,80,90 95,98,99,100)=(0.003,0.006,0.008,0.03 0.04,0.07,0.15,0.22,0.25 0.27,0.31,0.34,0.41), mean=0.15, stddev=0.0799], bias-{mean,stddev}=-1.167e-06,0.07674, rank-in=20, rank-out=2, num-samples-history=2000, update-period=4, alpha=4
component name=output.log-softmax type=LogSoftmaxComponent, dim=3, oderiv-rms=[ 0.44 0.89 0 ], oderiv-count=97738.7
nnet3-show-progress --use-gpu=no exp/dihard3_sad_tdnn_stats/188.raw exp/dihard3_sad_tdnn_stats/189.raw 
LOG (nnet3-show-progress[5.5.810~1-76a979]:SelectGpuId():cu-device.cc:153) Manually selected to compute on CPU.
LOG (nnet3-show-progress[5.5.810~1-76a979]:main():nnet3-show-progress.cc:143) Parameter differences per layer are [ tdnn1.affine:0.27016 tdnn2.affine:0.35907 tdnn3.affine:0.265489 tdnn4.affine:0.421255 tdnn5.affine:0.514238 output.affine:0.0201371 ]
LOG (nnet3-show-progress[5.5.810~1-76a979]:main():nnet3-show-progress.cc:153) Norms of parameter matrices from <new-nnet-in> are [ tdnn1.affine:31.0924 tdnn2.affine:48.1518 tdnn3.affine:29.7377 tdnn4.affine:31.859 tdnn5.affine:30.2425 output.affine:2.71592 ]
LOG (nnet3-show-progress[5.5.810~1-76a979]:main():nnet3-show-progress.cc:157) Relative parameter differences per layer are [ tdnn1.affine:0.0086959 tdnn2.affine:0.00746221 tdnn3.affine:0.00893231 tdnn4.affine:0.0132308 tdnn5.affine:0.0170158 output.affine:0.00744169 ]
# Accounting: time=0 threads=1
# Ended (code 0) at Sat Nov 28 18:46:42 EST 2020, elapsed time 0 seconds
