# nnet3-info exp/dihard3_sad_tdnn_stats/111.raw && nnet3-show-progress --use-gpu=no exp/dihard3_sad_tdnn_stats/110.raw exp/dihard3_sad_tdnn_stats/111.raw 
# Started at Sat Nov 28 18:37:13 EST 2020
#
nnet3-info exp/dihard3_sad_tdnn_stats/111.raw 
left-context: 24
right-context: 46
num-parameters: 1229878
modulus: 18
input-node name=input dim=40
component-node name=lda component=lda input=Append(Offset(input, -2), Offset(input, -1), input, Offset(input, 1), Offset(input, 2)) input-dim=200 output-dim=200
component-node name=tdnn1.affine component=tdnn1.affine input=lda input-dim=200 output-dim=255
component-node name=tdnn1.relu component=tdnn1.relu input=tdnn1.affine input-dim=255 output-dim=255
component-node name=tdnn1.renorm component=tdnn1.renorm input=tdnn1.relu input-dim=255 output-dim=256
component-node name=tdnn2.affine component=tdnn2.affine input=Append(Offset(tdnn1.renorm, -1), tdnn1.renorm, Offset(tdnn1.renorm, 1), Offset(tdnn1.renorm, 2)) input-dim=1024 output-dim=255
component-node name=tdnn2.relu component=tdnn2.relu input=tdnn2.affine input-dim=255 output-dim=255
component-node name=tdnn2.renorm component=tdnn2.renorm input=tdnn2.relu input-dim=255 output-dim=256
component-node name=tdnn3.affine component=tdnn3.affine input=Append(Offset(tdnn2.renorm, -3), tdnn2.renorm, Offset(tdnn2.renorm, 3), Offset(tdnn2.renorm, 6)) input-dim=1024 output-dim=255
component-node name=tdnn3.relu component=tdnn3.relu input=tdnn3.affine input-dim=255 output-dim=255
component-node name=tdnn3.renorm component=tdnn3.renorm input=tdnn3.relu input-dim=255 output-dim=256
component-node name=tdnn3_stats-extraction-99-99 component=tdnn3_stats-extraction-99-99 input=tdnn3.renorm input-dim=256 output-dim=257
component-node name=tdnn3_stats-pooling-99-99 component=tdnn3_stats-pooling-99-99 input=tdnn3_stats-extraction-99-99 input-dim=257 output-dim=257
component-node name=tdnn4.affine component=tdnn4.affine input=Append(Offset(tdnn3.renorm, -6), tdnn3.renorm, Offset(tdnn3.renorm, 6), Offset(tdnn3.renorm, 12), Round(tdnn3_stats-pooling-99-99, 9)) input-dim=1281 output-dim=255
component-node name=tdnn4.relu component=tdnn4.relu input=tdnn4.affine input-dim=255 output-dim=255
component-node name=tdnn4.renorm component=tdnn4.renorm input=tdnn4.relu input-dim=255 output-dim=256
component-node name=tdnn4_stats-extraction-108-108 component=tdnn4_stats-extraction-108-108 input=tdnn4.renorm input-dim=256 output-dim=257
component-node name=tdnn4_stats-pooling-108-108 component=tdnn4_stats-pooling-108-108 input=tdnn4_stats-extraction-108-108 input-dim=257 output-dim=257
component-node name=tdnn5.affine component=tdnn5.affine input=Append(Offset(tdnn4.renorm, -12), tdnn4.renorm, Offset(tdnn4.renorm, 12), Offset(tdnn4.renorm, 24), Round(tdnn4_stats-pooling-108-108, 18)) input-dim=1281 output-dim=256
component-node name=tdnn5.relu component=tdnn5.relu input=tdnn5.affine input-dim=256 output-dim=256
component-node name=tdnn5.renorm component=tdnn5.renorm input=tdnn5.relu input-dim=256 output-dim=256
component-node name=output.affine component=output.affine input=tdnn5.renorm input-dim=256 output-dim=3
component-node name=output.log-softmax component=output.log-softmax input=output.affine input-dim=3 output-dim=3
output-node name=output input=output.log-softmax dim=3 objective=linear
component name=lda type=FixedAffineComponent, input-dim=200, output-dim=200, linear-params-rms=0.0017, bias-{mean,stddev}=0.01236,0.1777
component name=tdnn1.affine type=NaturalGradientAffineComponent, input-dim=200, output-dim=255, learning-rate=0.000606098, max-change=0.75, linear-params-rms=0.1193, linear-params-row-norms=[percentiles(0,1,2,5 10,20,50,80,90 95,98,99,100)=(0.85,0.89,0.91,0.92 0.95,0.99,1.1,2.1,2.3 2.4,2.8,4.0,5.0), mean=1.54, stddev=0.683], linear-params-col-norms=[percentiles(0,1,2,5 10,20,50,80,90 95,98,99,100)=(1.4,1.4,1.5,1.6 1.6,1.7,1.9,2.1,2.2 2.3,2.4,2.4,3.7), mean=1.89, stddev=0.257], bias-{mean,stddev}=-0.05129,0.6269, rank-in=20, rank-out=80, num-samples-history=2000, update-period=4, alpha=4
component name=tdnn1.relu type=RectifiedLinearComponent, dim=255, self-repair-scale=1e-05, count=1.72e+06, self-repaired-proportion=0.597354, value-avg=[percentiles(0,1,2,5 10,20,50,80,90 95,98,99,100)=(0,0,0,0 0,0,0.004,0.32,0.73 1.1,1.5,1.6,2.0), mean=0.193, stddev=0.373], deriv-avg=[percentiles(0,1,2,5 10,20,50,80,90 95,98,99,100)=(0,0,0,0 0,0,0.14,1.0,1.0 1.0,1.0,1.0,1.0), mean=0.431, stddev=0.441], oderiv-rms=[percentiles(0,1,2,5 10,20,50,80,90 95,98,99,100)=(0.005,0.005,0.005,0.006 0.006,0.006,0.01,0.08,0.10 0.11,0.13,0.15,0.20), mean=0.0428, stddev=0.0421], oderiv-count=1.46636e+06
component name=tdnn1.renorm type=NormalizeComponent, input-dim=255, output-dim=256, target-rms=1, add-log-stddev=true
component name=tdnn2.affine type=NaturalGradientAffineComponent, input-dim=1024, output-dim=255, learning-rate=0.000606098, max-change=0.75, linear-params-rms=0.08211, linear-params-row-norms=[percentiles(0,1,2,5 10,20,50,80,90 95,98,99,100)=(0.99,1.0,1.0,1.1 1.1,1.1,1.4,3.3,4.8 5.1,5.6,6.3,7.8), mean=2.18, stddev=1.46], linear-params-col-norms=[percentiles(0,1,2,5 10,20,50,80,90 95,98,99,100)=(0.40,0.43,0.45,0.47 0.48,0.49,0.54,1.8,2.1 2.3,2.5,2.6,2.9), mean=1.11, stddev=0.694], bias-{mean,stddev}=-0.01752,0.9788, rank-in=20, rank-out=80, num-samples-history=2000, update-period=4, alpha=4
component name=tdnn2.relu type=RectifiedLinearComponent, dim=255, self-repair-scale=1e-05, count=5.89e+05, self-repaired-proportion=0.00892959, value-avg=[percentiles(0,1,2,5 10,20,50,80,90 95,98,99,100)=(0.009,0.01,0.01,0.02 0.03,0.05,0.15,0.66,1.5 3.1,5.1,6.3,8.7), mean=0.623, stddev=1.31], deriv-avg=[percentiles(0,1,2,5 10,20,50,80,90 95,98,99,100)=(0.06,0.06,0.07,0.09 0.12,0.17,0.32,0.56,0.77 0.89,0.92,0.93,0.99), mean=0.369, stddev=0.234], oderiv-rms=[percentiles(0,1,2,5 10,20,50,80,90 95,98,99,100)=(0.001,0.001,0.001,0.002 0.002,0.002,0.002,0.006,0.01 0.01,0.02,0.02,0.03), mean=0.00429, stddev=0.00427], oderiv-count=515174
component name=tdnn2.renorm type=NormalizeComponent, input-dim=255, output-dim=256, target-rms=1, add-log-stddev=true
component name=tdnn3.affine type=NaturalGradientAffineComponent, input-dim=1024, output-dim=255, learning-rate=0.000606098, max-change=0.75, linear-params-rms=0.04662, linear-params-row-norms=[percentiles(0,1,2,5 10,20,50,80,90 95,98,99,100)=(1.0,1.0,1.0,1.0 1.1,1.1,1.4,1.7,1.9 2.1,2.3,2.4,2.6), mean=1.45, stddev=0.334], linear-params-col-norms=[percentiles(0,1,2,5 10,20,50,80,90 95,98,99,100)=(0.42,0.46,0.47,0.48 0.48,0.50,0.53,0.83,1.1 1.4,1.7,1.8,2.1), mean=0.677, stddev=0.31], bias-{mean,stddev}=0.03653,0.9182, rank-in=20, rank-out=80, num-samples-history=2000, update-period=4, alpha=4
component name=tdnn3.relu type=RectifiedLinearComponent, dim=255, self-repair-scale=1e-05, count=5.15e+05, self-repaired-proportion=0, value-avg=[percentiles(0,1,2,5 10,20,50,80,90 95,98,99,100)=(0.04,0.05,0.12,0.14 0.19,0.34,0.75,1.5,2.2 2.8,3.5,3.7,4.2), mean=1.04, stddev=0.849], deriv-avg=[percentiles(0,1,2,5 10,20,50,80,90 95,98,99,100)=(0.11,0.13,0.16,0.21 0.25,0.31,0.41,0.57,0.68 0.76,0.82,0.84,0.91), mean=0.444, stddev=0.163], oderiv-rms=[percentiles(0,1,2,5 10,20,50,80,90 95,98,99,100)=(0.002,0.002,0.002,0.002 0.002,0.002,0.004,0.005,0.006 0.006,0.007,0.008,0.01), mean=0.00374, stddev=0.00171], oderiv-count=500890
component name=tdnn3.renorm type=NormalizeComponent, input-dim=255, output-dim=256, target-rms=1, add-log-stddev=true
component name=tdnn3_stats-extraction-99-99 type=StatisticsExtractionComponent, input-dim=256, output-dim=257
component name=tdnn3_stats-pooling-99-99 type=StatisticsPoolingComponent, input-dim=257, output-dim=257
component name=tdnn4.affine type=NaturalGradientAffineComponent, input-dim=1281, output-dim=255, learning-rate=0.000606098, max-change=0.75, linear-params-rms=0.04271, linear-params-row-norms=[percentiles(0,1,2,5 10,20,50,80,90 95,98,99,100)=(0.99,1.0,1.0,1.1 1.1,1.2,1.4,1.7,2.0 2.2,2.4,2.6,2.8), mean=1.49, stddev=0.354], linear-params-col-norms=[percentiles(0,1,2,5 10,20,50,80,90 95,98,99,100)=(0.39,0.43,0.44,0.45 0.46,0.49,0.63,0.80,0.92 0.98,1.1,1.1,1.4), mean=0.658, stddev=0.178], bias-{mean,stddev}=-0.04674,1.067, rank-in=20, rank-out=80, num-samples-history=2000, update-period=4, alpha=4
component name=tdnn4.relu type=RectifiedLinearComponent, dim=255, self-repair-scale=1e-05, count=3.35e+05, self-repaired-proportion=0, value-avg=[percentiles(0,1,2,5 10,20,50,80,90 95,98,99,100)=(0.04,0.07,0.09,0.10 0.12,0.21,0.54,1.1,1.4 1.7,2.3,3.1,3.8), mean=0.701, stddev=0.602], deriv-avg=[percentiles(0,1,2,5 10,20,50,80,90 95,98,99,100)=(0.11,0.12,0.12,0.15 0.19,0.22,0.37,0.52,0.59 0.65,0.69,0.72,0.80), mean=0.383, stddev=0.156], oderiv-rms=[percentiles(0,1,2,5 10,20,50,80,90 95,98,99,100)=(0.003,0.004,0.004,0.004 0.004,0.005,0.006,0.008,0.01 0.01,0.01,0.01,0.02), mean=0.00683, stddev=0.00231], oderiv-count=361920
component name=tdnn4.renorm type=NormalizeComponent, input-dim=255, output-dim=256, target-rms=1, add-log-stddev=true
component name=tdnn4_stats-extraction-108-108 type=StatisticsExtractionComponent, input-dim=256, output-dim=257
component name=tdnn4_stats-pooling-108-108 type=StatisticsPoolingComponent, input-dim=257, output-dim=257
component name=tdnn5.affine type=NaturalGradientAffineComponent, input-dim=1281, output-dim=256, learning-rate=0.000606098, max-change=0.75, linear-params-rms=0.04182, linear-params-row-norms=[percentiles(0,1,2,5 10,20,50,80,90 95,98,99,100)=(0.95,0.97,0.98,0.98 0.99,1.0,1.3,1.9,2.1 2.3,2.5,2.6,2.7), mean=1.43, stddev=0.453], linear-params-col-norms=[percentiles(0,1,2,5 10,20,50,80,90 95,98,99,100)=(0.38,0.43,0.44,0.45 0.47,0.50,0.64,0.79,0.85 0.91,0.99,1.1,1.5), mean=0.652, stddev=0.152], bias-{mean,stddev}=-0.07522,0.8837, rank-in=20, rank-out=80, num-samples-history=2000, update-period=4, alpha=4
component name=tdnn5.relu type=RectifiedLinearComponent, dim=256, self-repair-scale=1e-05, count=6.67e+04, self-repaired-proportion=0.00467739, value-avg=[percentiles(0,1,2,5 10,20,50,80,90 95,98,99,100)=(0.01,0.01,0.01,0.02 0.03,0.08,0.37,1.2,1.6 1.8,2.2,2.2,3.9), mean=0.636, stddev=0.657], deriv-avg=[percentiles(0,1,2,5 10,20,50,80,90 95,98,99,100)=(0.05,0.05,0.06,0.06 0.09,0.14,0.35,0.67,0.78 0.82,0.86,0.88,0.92), mean=0.398, stddev=0.25], oderiv-rms=[percentiles(0,1,2,5 10,20,50,80,90 95,98,99,100)=(0.0002,0.0003,0.0005,0.0009 0.002,0.004,0.01,0.02,0.02 0.03,0.03,0.03,0.04), mean=0.0115, stddev=0.008], oderiv-count=100173
component name=tdnn5.renorm type=NormalizeComponent, input-dim=256, output-dim=256, target-rms=1, add-log-stddev=false
component name=output.affine type=NaturalGradientAffineComponent, input-dim=256, output-dim=3, learning-rate=6.06098e-05, learning-rate-factor=0.1, max-change=1.5, linear-params-rms=0.06711, linear-params-row-norms=[ 1.3 1.2 0.48 ], linear-params-col-norms=[percentiles(0,1,2,5 10,20,50,80,90 95,98,99,100)=(0.001,0.003,0.004,0.01 0.02,0.04,0.09,0.15,0.18 0.20,0.24,0.26,0.35), mean=0.098, stddev=0.0626], bias-{mean,stddev}=-8.953e-07,0.04883, rank-in=20, rank-out=2, num-samples-history=2000, update-period=4, alpha=4
component name=output.log-softmax type=LogSoftmaxComponent, dim=3, oderiv-rms=[ 0.44 0.89 0 ], oderiv-count=100979
nnet3-show-progress --use-gpu=no exp/dihard3_sad_tdnn_stats/110.raw exp/dihard3_sad_tdnn_stats/111.raw 
LOG (nnet3-show-progress[5.5.810~1-76a979]:SelectGpuId():cu-device.cc:153) Manually selected to compute on CPU.
LOG (nnet3-show-progress[5.5.810~1-76a979]:main():nnet3-show-progress.cc:143) Parameter differences per layer are [ tdnn1.affine:0.442778 tdnn2.affine:0.635464 tdnn3.affine:0.393905 tdnn4.affine:0.568572 tdnn5.affine:0.741065 output.affine:0.0408857 ]
LOG (nnet3-show-progress[5.5.810~1-76a979]:main():nnet3-show-progress.cc:153) Norms of parameter matrices from <new-nnet-in> are [ tdnn1.affine:28.7452 tdnn2.affine:44.7735 tdnn3.affine:27.9796 tdnn4.affine:29.7808 tdnn5.affine:27.8377 output.affine:1.86183 ]
LOG (nnet3-show-progress[5.5.810~1-76a979]:main():nnet3-show-progress.cc:157) Relative parameter differences per layer are [ tdnn1.affine:0.0154264 tdnn2.affine:0.0142137 tdnn3.affine:0.0140956 tdnn4.affine:0.0191173 tdnn5.affine:0.0266624 output.affine:0.0220495 ]
# Accounting: time=0 threads=1
# Ended (code 0) at Sat Nov 28 18:37:13 EST 2020, elapsed time 0 seconds
