# nnet3-info exp/dihard3_sad_tdnn_stats/82.raw && nnet3-show-progress --use-gpu=no exp/dihard3_sad_tdnn_stats/81.raw exp/dihard3_sad_tdnn_stats/82.raw 
# Started at Sat Nov 28 18:33:42 EST 2020
#
nnet3-info exp/dihard3_sad_tdnn_stats/82.raw 
left-context: 24
right-context: 46
num-parameters: 1229878
modulus: 18
input-node name=input dim=40
component-node name=lda component=lda input=Append(Offset(input, -2), Offset(input, -1), input, Offset(input, 1), Offset(input, 2)) input-dim=200 output-dim=200
component-node name=tdnn1.affine component=tdnn1.affine input=lda input-dim=200 output-dim=255
component-node name=tdnn1.relu component=tdnn1.relu input=tdnn1.affine input-dim=255 output-dim=255
component-node name=tdnn1.renorm component=tdnn1.renorm input=tdnn1.relu input-dim=255 output-dim=256
component-node name=tdnn2.affine component=tdnn2.affine input=Append(Offset(tdnn1.renorm, -1), tdnn1.renorm, Offset(tdnn1.renorm, 1), Offset(tdnn1.renorm, 2)) input-dim=1024 output-dim=255
component-node name=tdnn2.relu component=tdnn2.relu input=tdnn2.affine input-dim=255 output-dim=255
component-node name=tdnn2.renorm component=tdnn2.renorm input=tdnn2.relu input-dim=255 output-dim=256
component-node name=tdnn3.affine component=tdnn3.affine input=Append(Offset(tdnn2.renorm, -3), tdnn2.renorm, Offset(tdnn2.renorm, 3), Offset(tdnn2.renorm, 6)) input-dim=1024 output-dim=255
component-node name=tdnn3.relu component=tdnn3.relu input=tdnn3.affine input-dim=255 output-dim=255
component-node name=tdnn3.renorm component=tdnn3.renorm input=tdnn3.relu input-dim=255 output-dim=256
component-node name=tdnn3_stats-extraction-99-99 component=tdnn3_stats-extraction-99-99 input=tdnn3.renorm input-dim=256 output-dim=257
component-node name=tdnn3_stats-pooling-99-99 component=tdnn3_stats-pooling-99-99 input=tdnn3_stats-extraction-99-99 input-dim=257 output-dim=257
component-node name=tdnn4.affine component=tdnn4.affine input=Append(Offset(tdnn3.renorm, -6), tdnn3.renorm, Offset(tdnn3.renorm, 6), Offset(tdnn3.renorm, 12), Round(tdnn3_stats-pooling-99-99, 9)) input-dim=1281 output-dim=255
component-node name=tdnn4.relu component=tdnn4.relu input=tdnn4.affine input-dim=255 output-dim=255
component-node name=tdnn4.renorm component=tdnn4.renorm input=tdnn4.relu input-dim=255 output-dim=256
component-node name=tdnn4_stats-extraction-108-108 component=tdnn4_stats-extraction-108-108 input=tdnn4.renorm input-dim=256 output-dim=257
component-node name=tdnn4_stats-pooling-108-108 component=tdnn4_stats-pooling-108-108 input=tdnn4_stats-extraction-108-108 input-dim=257 output-dim=257
component-node name=tdnn5.affine component=tdnn5.affine input=Append(Offset(tdnn4.renorm, -12), tdnn4.renorm, Offset(tdnn4.renorm, 12), Offset(tdnn4.renorm, 24), Round(tdnn4_stats-pooling-108-108, 18)) input-dim=1281 output-dim=256
component-node name=tdnn5.relu component=tdnn5.relu input=tdnn5.affine input-dim=256 output-dim=256
component-node name=tdnn5.renorm component=tdnn5.renorm input=tdnn5.relu input-dim=256 output-dim=256
component-node name=output.affine component=output.affine input=tdnn5.renorm input-dim=256 output-dim=3
component-node name=output.log-softmax component=output.log-softmax input=output.affine input-dim=3 output-dim=3
output-node name=output input=output.log-softmax dim=3 objective=linear
component name=lda type=FixedAffineComponent, input-dim=200, output-dim=200, linear-params-rms=0.0017, bias-{mean,stddev}=0.01236,0.1777
component name=tdnn1.affine type=NaturalGradientAffineComponent, input-dim=200, output-dim=255, learning-rate=0.000793375, max-change=0.75, linear-params-rms=0.1093, linear-params-row-norms=[percentiles(0,1,2,5 10,20,50,80,90 95,98,99,100)=(0.85,0.89,0.91,0.92 0.95,0.99,1.1,1.9,2.0 2.2,2.6,3.7,4.7), mean=1.44, stddev=0.576], linear-params-col-norms=[percentiles(0,1,2,5 10,20,50,80,90 95,98,99,100)=(1.3,1.3,1.3,1.4 1.5,1.5,1.7,1.9,2.0 2.1,2.2,2.3,3.5), mean=1.73, stddev=0.242], bias-{mean,stddev}=-0.0596,0.6927, rank-in=20, rank-out=80, num-samples-history=2000, update-period=4, alpha=4
component name=tdnn1.relu type=RectifiedLinearComponent, dim=255, self-repair-scale=1e-05, count=1.77e+06, self-repaired-proportion=0.667242, value-avg=[percentiles(0,1,2,5 10,20,50,80,90 95,98,99,100)=(0,0,0,0 0,0,0.003,0.41,0.83 1.1,1.6,1.7,2.1), mean=0.22, stddev=0.409], deriv-avg=[percentiles(0,1,2,5 10,20,50,80,90 95,98,99,100)=(0,0,0,0 0,0,0.12,1.0,1.0 1.0,1.0,1.0,1.0), mean=0.436, stddev=0.453], oderiv-rms=[percentiles(0,1,2,5 10,20,50,80,90 95,98,99,100)=(0.004,0.004,0.005,0.005 0.005,0.006,0.009,0.07,0.09 0.10,0.12,0.14,0.17), mean=0.0374, stddev=0.0369], oderiv-count=1.52077e+06
component name=tdnn1.renorm type=NormalizeComponent, input-dim=255, output-dim=256, target-rms=1, add-log-stddev=true
component name=tdnn2.affine type=NaturalGradientAffineComponent, input-dim=1024, output-dim=255, learning-rate=0.000793375, max-change=0.75, linear-params-rms=0.07617, linear-params-row-norms=[percentiles(0,1,2,5 10,20,50,80,90 95,98,99,100)=(0.98,1.0,1.0,1.0 1.1,1.1,1.3,3.0,4.4 4.8,5.2,5.9,7.7), mean=2.03, stddev=1.35], linear-params-col-norms=[percentiles(0,1,2,5 10,20,50,80,90 95,98,99,100)=(0.40,0.43,0.45,0.47 0.48,0.49,0.54,1.7,1.9 2.1,2.3,2.5,2.7), mean=1.04, stddev=0.627], bias-{mean,stddev}=-0.01747,0.9789, rank-in=20, rank-out=80, num-samples-history=2000, update-period=4, alpha=4
component name=tdnn2.relu type=RectifiedLinearComponent, dim=255, self-repair-scale=1e-05, count=6.26e+05, self-repaired-proportion=0.0120858, value-avg=[percentiles(0,1,2,5 10,20,50,80,90 95,98,99,100)=(0.006,0.007,0.01,0.01 0.02,0.03,0.11,0.56,1.4 3.2,4.8,5.8,9.7), mean=0.57, stddev=1.29], deriv-avg=[percentiles(0,1,2,5 10,20,50,80,90 95,98,99,100)=(0.06,0.06,0.07,0.09 0.11,0.15,0.28,0.54,0.80 0.88,0.93,0.94,1.0), mean=0.354, stddev=0.241], oderiv-rms=[percentiles(0,1,2,5 10,20,50,80,90 95,98,99,100)=(0.001,0.001,0.001,0.001 0.002,0.002,0.002,0.006,0.01 0.01,0.02,0.02,0.03), mean=0.00413, stddev=0.0044], oderiv-count=504115
component name=tdnn2.renorm type=NormalizeComponent, input-dim=255, output-dim=256, target-rms=1, add-log-stddev=true
component name=tdnn3.affine type=NaturalGradientAffineComponent, input-dim=1024, output-dim=255, learning-rate=0.000793375, max-change=0.75, linear-params-rms=0.04373, linear-params-row-norms=[percentiles(0,1,2,5 10,20,50,80,90 95,98,99,100)=(0.99,1.0,1.0,1.0 1.0,1.1,1.3,1.6,1.8 1.9,2.2,2.2,2.5), mean=1.37, stddev=0.299], linear-params-col-norms=[percentiles(0,1,2,5 10,20,50,80,90 95,98,99,100)=(0.42,0.45,0.46,0.47 0.48,0.49,0.52,0.75,1.0 1.3,1.5,1.7,2.0), mean=0.643, stddev=0.272], bias-{mean,stddev}=0.03657,0.9183, rank-in=20, rank-out=80, num-samples-history=2000, update-period=4, alpha=4
component name=tdnn3.relu type=RectifiedLinearComponent, dim=255, self-repair-scale=1e-05, count=4.91e+05, self-repaired-proportion=0, value-avg=[percentiles(0,1,2,5 10,20,50,80,90 95,98,99,100)=(0.03,0.06,0.07,0.11 0.17,0.28,0.66,1.5,2.3 2.7,3.2,3.6,4.3), mean=0.986, stddev=0.855], deriv-avg=[percentiles(0,1,2,5 10,20,50,80,90 95,98,99,100)=(0.09,0.13,0.16,0.21 0.25,0.29,0.43,0.62,0.72 0.79,0.84,0.86,0.93), mean=0.452, stddev=0.178], oderiv-rms=[percentiles(0,1,2,5 10,20,50,80,90 95,98,99,100)=(0.001,0.001,0.001,0.002 0.002,0.002,0.003,0.004,0.005 0.006,0.007,0.008,0.01), mean=0.00338, stddev=0.0017], oderiv-count=521165
component name=tdnn3.renorm type=NormalizeComponent, input-dim=255, output-dim=256, target-rms=1, add-log-stddev=true
component name=tdnn3_stats-extraction-99-99 type=StatisticsExtractionComponent, input-dim=256, output-dim=257
component name=tdnn3_stats-pooling-99-99 type=StatisticsPoolingComponent, input-dim=257, output-dim=257
component name=tdnn4.affine type=NaturalGradientAffineComponent, input-dim=1281, output-dim=255, learning-rate=0.000793375, max-change=0.75, linear-params-rms=0.0397, linear-params-row-norms=[percentiles(0,1,2,5 10,20,50,80,90 95,98,99,100)=(0.98,1.0,1.0,1.0 1.0,1.1,1.3,1.6,1.8 2.0,2.2,2.4,2.6), mean=1.39, stddev=0.316], linear-params-col-norms=[percentiles(0,1,2,5 10,20,50,80,90 95,98,99,100)=(0.39,0.42,0.43,0.44 0.45,0.47,0.58,0.74,0.85 0.90,1.0,1.0,1.3), mean=0.615, stddev=0.156], bias-{mean,stddev}=-0.04675,1.067, rank-in=20, rank-out=80, num-samples-history=2000, update-period=4, alpha=4
component name=tdnn4.relu type=RectifiedLinearComponent, dim=255, self-repair-scale=1e-05, count=3.06e+05, self-repaired-proportion=0, value-avg=[percentiles(0,1,2,5 10,20,50,80,90 95,98,99,100)=(0.03,0.04,0.05,0.08 0.09,0.16,0.54,1.0,1.4 1.8,2.2,3.2,3.9), mean=0.693, stddev=0.635], deriv-avg=[percentiles(0,1,2,5 10,20,50,80,90 95,98,99,100)=(0.09,0.12,0.12,0.14 0.16,0.21,0.37,0.53,0.63 0.68,0.74,0.77,0.83), mean=0.386, stddev=0.17], oderiv-rms=[percentiles(0,1,2,5 10,20,50,80,90 95,98,99,100)=(0.002,0.003,0.003,0.003 0.004,0.004,0.005,0.007,0.009 0.01,0.01,0.01,0.02), mean=0.00582, stddev=0.0023], oderiv-count=333440
component name=tdnn4.renorm type=NormalizeComponent, input-dim=255, output-dim=256, target-rms=1, add-log-stddev=true
component name=tdnn4_stats-extraction-108-108 type=StatisticsExtractionComponent, input-dim=256, output-dim=257
component name=tdnn4_stats-pooling-108-108 type=StatisticsPoolingComponent, input-dim=257, output-dim=257
component name=tdnn5.affine type=NaturalGradientAffineComponent, input-dim=1281, output-dim=256, learning-rate=0.000793375, max-change=0.75, linear-params-rms=0.03835, linear-params-row-norms=[percentiles(0,1,2,5 10,20,50,80,90 95,98,99,100)=(0.94,0.96,0.97,0.98 0.99,1.0,1.1,1.7,1.9 2.1,2.3,2.4,2.4), mean=1.32, stddev=0.38], linear-params-col-norms=[percentiles(0,1,2,5 10,20,50,80,90 95,98,99,100)=(0.38,0.42,0.43,0.44 0.46,0.48,0.58,0.71,0.78 0.83,0.90,0.96,1.4), mean=0.6, stddev=0.129], bias-{mean,stddev}=-0.07528,0.8835, rank-in=20, rank-out=80, num-samples-history=2000, update-period=4, alpha=4
component name=tdnn5.relu type=RectifiedLinearComponent, dim=256, self-repair-scale=1e-05, count=7.45e+04, self-repaired-proportion=0.0189665, value-avg=[percentiles(0,1,2,5 10,20,50,80,90 95,98,99,100)=(0.004,0.01,0.01,0.02 0.03,0.06,0.35,1.3,1.7 2.1,2.3,2.6,4.0), mean=0.676, stddev=0.725], deriv-avg=[percentiles(0,1,2,5 10,20,50,80,90 95,98,99,100)=(0.02,0.05,0.05,0.06 0.08,0.14,0.36,0.73,0.83 0.89,0.93,0.93,0.96), mean=0.418, stddev=0.278], oderiv-rms=[percentiles(0,1,2,5 10,20,50,80,90 95,98,99,100)=(0.0002,0.0002,0.0003,0.0007 0.001,0.003,0.008,0.02,0.02 0.02,0.03,0.03,0.04), mean=0.00954, stddev=0.00753], oderiv-count=96947.2
component name=tdnn5.renorm type=NormalizeComponent, input-dim=256, output-dim=256, target-rms=1, add-log-stddev=false
component name=output.affine type=NaturalGradientAffineComponent, input-dim=256, output-dim=3, learning-rate=7.93375e-05, learning-rate-factor=0.1, max-change=1.5, linear-params-rms=0.05519, linear-params-row-norms=[ 1.1 1.0 0.46 ], linear-params-col-norms=[percentiles(0,1,2,5 10,20,50,80,90 95,98,99,100)=(0.001,0.002,0.003,0.005 0.01,0.03,0.07,0.12,0.16 0.18,0.21,0.24,0.32), mean=0.0773, stddev=0.0562], bias-{mean,stddev}=-5.852e-07,0.03653, rank-in=20, rank-out=2, num-samples-history=2000, update-period=4, alpha=4
component name=output.log-softmax type=LogSoftmaxComponent, dim=3, oderiv-rms=[ 0.44 0.89 0 ], oderiv-count=96230.4
nnet3-show-progress --use-gpu=no exp/dihard3_sad_tdnn_stats/81.raw exp/dihard3_sad_tdnn_stats/82.raw 
LOG (nnet3-show-progress[5.5.810~1-76a979]:SelectGpuId():cu-device.cc:153) Manually selected to compute on CPU.
LOG (nnet3-show-progress[5.5.810~1-76a979]:main():nnet3-show-progress.cc:143) Parameter differences per layer are [ tdnn1.affine:0.519492 tdnn2.affine:0.82423 tdnn3.affine:0.477228 tdnn4.affine:0.641229 tdnn5.affine:0.854901 output.affine:0.0461782 ]
LOG (nnet3-show-progress[5.5.810~1-76a979]:main():nnet3-show-progress.cc:153) Norms of parameter matrices from <new-nnet-in> are [ tdnn1.affine:27.0755 tdnn2.affine:41.9437 tdnn3.affine:26.7363 tdnn4.affine:28.3877 tdnn5.affine:26.1477 output.affine:1.53078 ]
LOG (nnet3-show-progress[5.5.810~1-76a979]:main():nnet3-show-progress.cc:157) Relative parameter differences per layer are [ tdnn1.affine:0.0192323 tdnn2.affine:0.0197037 tdnn3.affine:0.0178813 tdnn4.affine:0.0226311 tdnn5.affine:0.0327766 output.affine:0.0304073 ]
# Accounting: time=0 threads=1
# Ended (code 0) at Sat Nov 28 18:33:42 EST 2020, elapsed time 0 seconds
