# nnet3-info exp/dihard3_sad_tdnn_stats/231.raw && nnet3-show-progress --use-gpu=no exp/dihard3_sad_tdnn_stats/230.raw exp/dihard3_sad_tdnn_stats/231.raw 
# Started at Sat Nov 28 18:52:04 EST 2020
#
nnet3-info exp/dihard3_sad_tdnn_stats/231.raw 
left-context: 24
right-context: 46
num-parameters: 1229878
modulus: 18
input-node name=input dim=40
component-node name=lda component=lda input=Append(Offset(input, -2), Offset(input, -1), input, Offset(input, 1), Offset(input, 2)) input-dim=200 output-dim=200
component-node name=tdnn1.affine component=tdnn1.affine input=lda input-dim=200 output-dim=255
component-node name=tdnn1.relu component=tdnn1.relu input=tdnn1.affine input-dim=255 output-dim=255
component-node name=tdnn1.renorm component=tdnn1.renorm input=tdnn1.relu input-dim=255 output-dim=256
component-node name=tdnn2.affine component=tdnn2.affine input=Append(Offset(tdnn1.renorm, -1), tdnn1.renorm, Offset(tdnn1.renorm, 1), Offset(tdnn1.renorm, 2)) input-dim=1024 output-dim=255
component-node name=tdnn2.relu component=tdnn2.relu input=tdnn2.affine input-dim=255 output-dim=255
component-node name=tdnn2.renorm component=tdnn2.renorm input=tdnn2.relu input-dim=255 output-dim=256
component-node name=tdnn3.affine component=tdnn3.affine input=Append(Offset(tdnn2.renorm, -3), tdnn2.renorm, Offset(tdnn2.renorm, 3), Offset(tdnn2.renorm, 6)) input-dim=1024 output-dim=255
component-node name=tdnn3.relu component=tdnn3.relu input=tdnn3.affine input-dim=255 output-dim=255
component-node name=tdnn3.renorm component=tdnn3.renorm input=tdnn3.relu input-dim=255 output-dim=256
component-node name=tdnn3_stats-extraction-99-99 component=tdnn3_stats-extraction-99-99 input=tdnn3.renorm input-dim=256 output-dim=257
component-node name=tdnn3_stats-pooling-99-99 component=tdnn3_stats-pooling-99-99 input=tdnn3_stats-extraction-99-99 input-dim=257 output-dim=257
component-node name=tdnn4.affine component=tdnn4.affine input=Append(Offset(tdnn3.renorm, -6), tdnn3.renorm, Offset(tdnn3.renorm, 6), Offset(tdnn3.renorm, 12), Round(tdnn3_stats-pooling-99-99, 9)) input-dim=1281 output-dim=255
component-node name=tdnn4.relu component=tdnn4.relu input=tdnn4.affine input-dim=255 output-dim=255
component-node name=tdnn4.renorm component=tdnn4.renorm input=tdnn4.relu input-dim=255 output-dim=256
component-node name=tdnn4_stats-extraction-108-108 component=tdnn4_stats-extraction-108-108 input=tdnn4.renorm input-dim=256 output-dim=257
component-node name=tdnn4_stats-pooling-108-108 component=tdnn4_stats-pooling-108-108 input=tdnn4_stats-extraction-108-108 input-dim=257 output-dim=257
component-node name=tdnn5.affine component=tdnn5.affine input=Append(Offset(tdnn4.renorm, -12), tdnn4.renorm, Offset(tdnn4.renorm, 12), Offset(tdnn4.renorm, 24), Round(tdnn4_stats-pooling-108-108, 18)) input-dim=1281 output-dim=256
component-node name=tdnn5.relu component=tdnn5.relu input=tdnn5.affine input-dim=256 output-dim=256
component-node name=tdnn5.renorm component=tdnn5.renorm input=tdnn5.relu input-dim=256 output-dim=256
component-node name=output.affine component=output.affine input=tdnn5.renorm input-dim=256 output-dim=3
component-node name=output.log-softmax component=output.log-softmax input=output.affine input-dim=3 output-dim=3
output-node name=output input=output.log-softmax dim=3 objective=linear
component name=lda type=FixedAffineComponent, input-dim=200, output-dim=200, linear-params-rms=0.0017, bias-{mean,stddev}=0.01236,0.1777
component name=tdnn1.affine type=NaturalGradientAffineComponent, input-dim=200, output-dim=255, learning-rate=0.000219973, max-change=0.75, linear-params-rms=0.1355, linear-params-row-norms=[percentiles(0,1,2,5 10,20,50,80,90 95,98,99,100)=(0.86,0.89,0.91,0.92 0.96,0.99,1.1,2.4,2.7 3.1,3.4,4.3,5.3), mean=1.72, stddev=0.848], linear-params-col-norms=[percentiles(0,1,2,5 10,20,50,80,90 95,98,99,100)=(1.4,1.7,1.8,1.8 1.9,1.9,2.1,2.3,2.5 2.5,2.7,2.7,3.8), mean=2.15, stddev=0.261], bias-{mean,stddev}=-0.03495,0.5053, rank-in=20, rank-out=80, num-samples-history=2000, update-period=4, alpha=4
component name=tdnn1.relu type=RectifiedLinearComponent, dim=255, self-repair-scale=1e-05, count=1.72e+06, self-repaired-proportion=0.485676, value-avg=[percentiles(0,1,2,5 10,20,50,80,90 95,98,99,100)=(0,0,0,0 0,1e-09,0.006,0.16,0.52 0.87,1.3,1.4,1.7), mean=0.15, stddev=0.303], deriv-avg=[percentiles(0,1,2,5 10,20,50,80,90 95,98,99,100)=(0,0,0,0 0,5e-07,0.20,0.98,1.0 1.0,1.0,1.0,1.0), mean=0.429, stddev=0.42], oderiv-rms=[percentiles(0,1,2,5 10,20,50,80,90 95,98,99,100)=(0.006,0.007,0.007,0.007 0.008,0.008,0.02,0.09,0.11 0.13,0.13,0.16,0.20), mean=0.0479, stddev=0.0449], oderiv-count=1.47775e+06
component name=tdnn1.renorm type=NormalizeComponent, input-dim=255, output-dim=256, target-rms=1, add-log-stddev=true
component name=tdnn2.affine type=NaturalGradientAffineComponent, input-dim=1024, output-dim=255, learning-rate=0.000219973, max-change=0.75, linear-params-rms=0.09065, linear-params-row-norms=[percentiles(0,1,2,5 10,20,50,80,90 95,98,99,100)=(1.0,1.0,1.1,1.1 1.2,1.3,1.7,3.9,5.2 5.6,5.9,6.4,7.8), mean=2.45, stddev=1.56], linear-params-col-norms=[percentiles(0,1,2,5 10,20,50,80,90 95,98,99,100)=(0.40,0.44,0.46,0.47 0.48,0.49,0.58,2.0,2.3 2.5,2.8,2.9,3.1), mean=1.21, stddev=0.788], bias-{mean,stddev}=-0.01757,0.9787, rank-in=20, rank-out=80, num-samples-history=2000, update-period=4, alpha=4
component name=tdnn2.relu type=RectifiedLinearComponent, dim=255, self-repair-scale=1e-05, count=6.24e+05, self-repaired-proportion=0.00509084, value-avg=[percentiles(0,1,2,5 10,20,50,80,90 95,98,99,100)=(0.02,0.02,0.02,0.04 0.06,0.08,0.24,0.85,1.8 3.2,5.0,6.6,9.0), mean=0.739, stddev=1.35], deriv-avg=[percentiles(0,1,2,5 10,20,50,80,90 95,98,99,100)=(0.06,0.07,0.08,0.10 0.13,0.19,0.35,0.56,0.74 0.88,0.94,0.94,0.98), mean=0.393, stddev=0.229], oderiv-rms=[percentiles(0,1,2,5 10,20,50,80,90 95,98,99,100)=(0.002,0.002,0.002,0.002 0.002,0.002,0.003,0.008,0.01 0.01,0.02,0.02,0.02), mean=0.00501, stddev=0.00392], oderiv-count=516096
component name=tdnn2.renorm type=NormalizeComponent, input-dim=255, output-dim=256, target-rms=1, add-log-stddev=true
component name=tdnn3.affine type=NaturalGradientAffineComponent, input-dim=1024, output-dim=255, learning-rate=0.000219973, max-change=0.75, linear-params-rms=0.05166, linear-params-row-norms=[percentiles(0,1,2,5 10,20,50,80,90 95,98,99,100)=(1.0,1.1,1.1,1.1 1.2,1.2,1.6,1.9,2.0 2.3,2.5,2.6,2.7), mean=1.61, stddev=0.365], linear-params-col-norms=[percentiles(0,1,2,5 10,20,50,80,90 95,98,99,100)=(0.44,0.48,0.48,0.49 0.50,0.52,0.57,0.97,1.3 1.6,1.9,2.0,2.3), mean=0.742, stddev=0.36], bias-{mean,stddev}=0.03647,0.918, rank-in=20, rank-out=80, num-samples-history=2000, update-period=4, alpha=4
component name=tdnn3.relu type=RectifiedLinearComponent, dim=255, self-repair-scale=1e-05, count=5.49e+05, self-repaired-proportion=0, value-avg=[percentiles(0,1,2,5 10,20,50,80,90 95,98,99,100)=(0.06,0.10,0.16,0.20 0.27,0.40,0.90,1.6,2.0 2.7,3.3,3.6,4.3), mean=1.05, stddev=0.787], deriv-avg=[percentiles(0,1,2,5 10,20,50,80,90 95,98,99,100)=(0.14,0.17,0.18,0.22 0.27,0.31,0.40,0.55,0.63 0.73,0.80,0.82,0.93), mean=0.435, stddev=0.149], oderiv-rms=[percentiles(0,1,2,5 10,20,50,80,90 95,98,99,100)=(0.003,0.003,0.003,0.003 0.004,0.004,0.005,0.007,0.008 0.008,0.009,0.01,0.01), mean=0.00549, stddev=0.00173], oderiv-count=520704
component name=tdnn3.renorm type=NormalizeComponent, input-dim=255, output-dim=256, target-rms=1, add-log-stddev=true
component name=tdnn3_stats-extraction-99-99 type=StatisticsExtractionComponent, input-dim=256, output-dim=257
component name=tdnn3_stats-pooling-99-99 type=StatisticsPoolingComponent, input-dim=257, output-dim=257
component name=tdnn4.affine type=NaturalGradientAffineComponent, input-dim=1281, output-dim=255, learning-rate=0.000219973, max-change=0.75, linear-params-rms=0.04826, linear-params-row-norms=[percentiles(0,1,2,5 10,20,50,80,90 95,98,99,100)=(1.1,1.1,1.1,1.2 1.3,1.3,1.6,1.9,2.2 2.4,2.7,2.8,3.2), mean=1.69, stddev=0.373], linear-params-col-norms=[percentiles(0,1,2,5 10,20,50,80,90 95,98,99,100)=(0.41,0.45,0.46,0.48 0.50,0.54,0.73,0.91,1.0 1.1,1.2,1.3,1.6), mean=0.743, stddev=0.204], bias-{mean,stddev}=-0.04673,1.067, rank-in=20, rank-out=80, num-samples-history=2000, update-period=4, alpha=4
component name=tdnn4.relu type=RectifiedLinearComponent, dim=255, self-repair-scale=1e-05, count=3.76e+05, self-repaired-proportion=0, value-avg=[percentiles(0,1,2,5 10,20,50,80,90 95,98,99,100)=(0.10,0.13,0.14,0.16 0.18,0.23,0.53,0.95,1.2 1.5,2.1,2.5,3.2), mean=0.643, stddev=0.498], deriv-avg=[percentiles(0,1,2,5 10,20,50,80,90 95,98,99,100)=(0.09,0.11,0.14,0.17 0.19,0.24,0.36,0.50,0.56 0.61,0.67,0.68,0.79), mean=0.371, stddev=0.139], oderiv-rms=[percentiles(0,1,2,5 10,20,50,80,90 95,98,99,100)=(0.007,0.008,0.008,0.009 0.009,0.01,0.01,0.01,0.01 0.02,0.02,0.02,0.02), mean=0.0119, stddev=0.00222], oderiv-count=357333
component name=tdnn4.renorm type=NormalizeComponent, input-dim=255, output-dim=256, target-rms=1, add-log-stddev=true
component name=tdnn4_stats-extraction-108-108 type=StatisticsExtractionComponent, input-dim=256, output-dim=257
component name=tdnn4_stats-pooling-108-108 type=StatisticsPoolingComponent, input-dim=257, output-dim=257
component name=tdnn5.affine type=NaturalGradientAffineComponent, input-dim=1281, output-dim=256, learning-rate=0.000219973, max-change=0.75, linear-params-rms=0.04782, linear-params-row-norms=[percentiles(0,1,2,5 10,20,50,80,90 95,98,99,100)=(0.96,0.97,0.97,0.99 1.0,1.1,1.5,2.1,2.4 2.6,2.9,2.9,3.0), mean=1.63, stddev=0.523], linear-params-col-norms=[percentiles(0,1,2,5 10,20,50,80,90 95,98,99,100)=(0.41,0.46,0.47,0.50 0.53,0.58,0.75,0.88,0.95 1.0,1.1,1.2,1.6), mean=0.747, stddev=0.167], bias-{mean,stddev}=-0.07568,0.8835, rank-in=20, rank-out=80, num-samples-history=2000, update-period=4, alpha=4
component name=tdnn5.relu type=RectifiedLinearComponent, dim=256, self-repair-scale=1e-05, count=6.68e+04, self-repaired-proportion=0.00732991, value-avg=[percentiles(0,1,2,5 10,20,50,80,90 95,98,99,100)=(0.01,0.01,0.02,0.02 0.05,0.11,0.28,0.67,0.96 1.2,1.4,1.7,2.4), mean=0.413, stddev=0.393], deriv-avg=[percentiles(0,1,2,5 10,20,50,80,90 95,98,99,100)=(0.05,0.05,0.05,0.06 0.10,0.16,0.32,0.49,0.57 0.63,0.69,0.73,0.78), mean=0.329, stddev=0.175], oderiv-rms=[percentiles(0,1,2,5 10,20,50,80,90 95,98,99,100)=(0.0005,0.0007,0.0009,0.001 0.004,0.009,0.02,0.03,0.03 0.04,0.04,0.04,0.05), mean=0.0202, stddev=0.011], oderiv-count=98560
component name=tdnn5.renorm type=NormalizeComponent, input-dim=256, output-dim=256, target-rms=1, add-log-stddev=false
component name=output.affine type=NaturalGradientAffineComponent, input-dim=256, output-dim=3, learning-rate=2.19973e-05, learning-rate-factor=0.1, max-change=1.5, linear-params-rms=0.1114, linear-params-row-norms=[ 2.2 2.1 0.54 ], linear-params-col-norms=[percentiles(0,1,2,5 10,20,50,80,90 95,98,99,100)=(0.006,0.007,0.009,0.03 0.05,0.08,0.18,0.25,0.28 0.31,0.34,0.36,0.43), mean=0.172, stddev=0.0882], bias-{mean,stddev}=-1.192e-06,0.0874, rank-in=20, rank-out=2, num-samples-history=2000, update-period=4, alpha=4
component name=output.log-softmax type=LogSoftmaxComponent, dim=3, oderiv-rms=[ 0.44 0.89 0 ], oderiv-count=98037.3
nnet3-show-progress --use-gpu=no exp/dihard3_sad_tdnn_stats/230.raw exp/dihard3_sad_tdnn_stats/231.raw 
LOG (nnet3-show-progress[5.5.810~1-76a979]:SelectGpuId():cu-device.cc:153) Manually selected to compute on CPU.
LOG (nnet3-show-progress[5.5.810~1-76a979]:main():nnet3-show-progress.cc:143) Parameter differences per layer are [ tdnn1.affine:0.155679 tdnn2.affine:0.214741 tdnn3.affine:0.168702 tdnn4.affine:0.282483 tdnn5.affine:0.336945 output.affine:0.0127281 ]
LOG (nnet3-show-progress[5.5.810~1-76a979]:main():nnet3-show-progress.cc:153) Norms of parameter matrices from <new-nnet-in> are [ tdnn1.affine:31.6594 tdnn2.affine:48.8895 tdnn3.affine:30.202 tdnn4.affine:32.4321 tdnn5.affine:30.8428 output.affine:3.09139 ]
LOG (nnet3-show-progress[5.5.810~1-76a979]:main():nnet3-show-progress.cc:157) Relative parameter differences per layer are [ tdnn1.affine:0.0049187 tdnn2.affine:0.00439369 tdnn3.affine:0.00558712 tdnn4.affine:0.00871222 tdnn5.affine:0.0109275 output.affine:0.0041279 ]
# Accounting: time=1 threads=1
# Ended (code 0) at Sat Nov 28 18:52:05 EST 2020, elapsed time 1 seconds
