# nnet3-info exp/dihard3_sad_tdnn_stats/78.raw && nnet3-show-progress --use-gpu=no exp/dihard3_sad_tdnn_stats/77.raw exp/dihard3_sad_tdnn_stats/78.raw 
# Started at Sat Nov 28 18:33:12 EST 2020
#
nnet3-info exp/dihard3_sad_tdnn_stats/78.raw 
left-context: 24
right-context: 46
num-parameters: 1229878
modulus: 18
input-node name=input dim=40
component-node name=lda component=lda input=Append(Offset(input, -2), Offset(input, -1), input, Offset(input, 1), Offset(input, 2)) input-dim=200 output-dim=200
component-node name=tdnn1.affine component=tdnn1.affine input=lda input-dim=200 output-dim=255
component-node name=tdnn1.relu component=tdnn1.relu input=tdnn1.affine input-dim=255 output-dim=255
component-node name=tdnn1.renorm component=tdnn1.renorm input=tdnn1.relu input-dim=255 output-dim=256
component-node name=tdnn2.affine component=tdnn2.affine input=Append(Offset(tdnn1.renorm, -1), tdnn1.renorm, Offset(tdnn1.renorm, 1), Offset(tdnn1.renorm, 2)) input-dim=1024 output-dim=255
component-node name=tdnn2.relu component=tdnn2.relu input=tdnn2.affine input-dim=255 output-dim=255
component-node name=tdnn2.renorm component=tdnn2.renorm input=tdnn2.relu input-dim=255 output-dim=256
component-node name=tdnn3.affine component=tdnn3.affine input=Append(Offset(tdnn2.renorm, -3), tdnn2.renorm, Offset(tdnn2.renorm, 3), Offset(tdnn2.renorm, 6)) input-dim=1024 output-dim=255
component-node name=tdnn3.relu component=tdnn3.relu input=tdnn3.affine input-dim=255 output-dim=255
component-node name=tdnn3.renorm component=tdnn3.renorm input=tdnn3.relu input-dim=255 output-dim=256
component-node name=tdnn3_stats-extraction-99-99 component=tdnn3_stats-extraction-99-99 input=tdnn3.renorm input-dim=256 output-dim=257
component-node name=tdnn3_stats-pooling-99-99 component=tdnn3_stats-pooling-99-99 input=tdnn3_stats-extraction-99-99 input-dim=257 output-dim=257
component-node name=tdnn4.affine component=tdnn4.affine input=Append(Offset(tdnn3.renorm, -6), tdnn3.renorm, Offset(tdnn3.renorm, 6), Offset(tdnn3.renorm, 12), Round(tdnn3_stats-pooling-99-99, 9)) input-dim=1281 output-dim=255
component-node name=tdnn4.relu component=tdnn4.relu input=tdnn4.affine input-dim=255 output-dim=255
component-node name=tdnn4.renorm component=tdnn4.renorm input=tdnn4.relu input-dim=255 output-dim=256
component-node name=tdnn4_stats-extraction-108-108 component=tdnn4_stats-extraction-108-108 input=tdnn4.renorm input-dim=256 output-dim=257
component-node name=tdnn4_stats-pooling-108-108 component=tdnn4_stats-pooling-108-108 input=tdnn4_stats-extraction-108-108 input-dim=257 output-dim=257
component-node name=tdnn5.affine component=tdnn5.affine input=Append(Offset(tdnn4.renorm, -12), tdnn4.renorm, Offset(tdnn4.renorm, 12), Offset(tdnn4.renorm, 24), Round(tdnn4_stats-pooling-108-108, 18)) input-dim=1281 output-dim=256
component-node name=tdnn5.relu component=tdnn5.relu input=tdnn5.affine input-dim=256 output-dim=256
component-node name=tdnn5.renorm component=tdnn5.renorm input=tdnn5.relu input-dim=256 output-dim=256
component-node name=output.affine component=output.affine input=tdnn5.renorm input-dim=256 output-dim=3
component-node name=output.log-softmax component=output.log-softmax input=output.affine input-dim=3 output-dim=3
output-node name=output input=output.log-softmax dim=3 objective=linear
component name=lda type=FixedAffineComponent, input-dim=200, output-dim=200, linear-params-rms=0.0017, bias-{mean,stddev}=0.01236,0.1777
component name=tdnn1.affine type=NaturalGradientAffineComponent, input-dim=200, output-dim=255, learning-rate=0.000823393, max-change=0.75, linear-params-rms=0.1078, linear-params-row-norms=[percentiles(0,1,2,5 10,20,50,80,90 95,98,99,100)=(0.85,0.89,0.91,0.92 0.95,0.99,1.1,1.9,2.0 2.1,2.6,3.6,4.6), mean=1.42, stddev=0.559], linear-params-col-norms=[percentiles(0,1,2,5 10,20,50,80,90 95,98,99,100)=(1.3,1.3,1.3,1.4 1.5,1.5,1.7,1.8,2.0 2.0,2.1,2.3,3.4), mean=1.7, stddev=0.238], bias-{mean,stddev}=-0.06124,0.7041, rank-in=20, rank-out=80, num-samples-history=2000, update-period=4, alpha=4
component name=tdnn1.relu type=RectifiedLinearComponent, dim=255, self-repair-scale=1e-05, count=1.68e+06, self-repaired-proportion=0.672223, value-avg=[percentiles(0,1,2,5 10,20,50,80,90 95,98,99,100)=(0,0,0,0 0,0,0.002,0.42,0.84 1.2,1.7,1.7,2.2), mean=0.225, stddev=0.415], deriv-avg=[percentiles(0,1,2,5 10,20,50,80,90 95,98,99,100)=(0,0,0,0 0,0,0.12,1.0,1.0 1.0,1.0,1.0,1.0), mean=0.437, stddev=0.455], oderiv-rms=[percentiles(0,1,2,5 10,20,50,80,90 95,98,99,100)=(0.004,0.004,0.005,0.005 0.006,0.006,0.009,0.08,0.09 0.11,0.12,0.14,0.17), mean=0.0386, stddev=0.0381], oderiv-count=1.4831e+06
component name=tdnn1.renorm type=NormalizeComponent, input-dim=255, output-dim=256, target-rms=1, add-log-stddev=true
component name=tdnn2.affine type=NaturalGradientAffineComponent, input-dim=1024, output-dim=255, learning-rate=0.000823393, max-change=0.75, linear-params-rms=0.07516, linear-params-row-norms=[percentiles(0,1,2,5 10,20,50,80,90 95,98,99,100)=(0.98,0.99,1.0,1.0 1.0,1.1,1.3,2.9,4.3 4.8,5.2,5.9,7.7), mean=2, stddev=1.33], linear-params-col-norms=[percentiles(0,1,2,5 10,20,50,80,90 95,98,99,100)=(0.40,0.43,0.45,0.47 0.48,0.49,0.54,1.7,1.9 2.1,2.3,2.4,2.7), mean=1.03, stddev=0.615], bias-{mean,stddev}=-0.01746,0.9789, rank-in=20, rank-out=80, num-samples-history=2000, update-period=4, alpha=4
component name=tdnn2.relu type=RectifiedLinearComponent, dim=255, self-repair-scale=1e-05, count=6.35e+05, self-repaired-proportion=0.0115079, value-avg=[percentiles(0,1,2,5 10,20,50,80,90 95,98,99,100)=(0.004,0.007,0.008,0.01 0.02,0.03,0.11,0.56,1.5 3.0,4.9,5.5,9.9), mean=0.559, stddev=1.29], deriv-avg=[percentiles(0,1,2,5 10,20,50,80,90 95,98,99,100)=(0.06,0.06,0.07,0.09 0.11,0.15,0.26,0.53,0.77 0.88,0.93,0.94,1.0), mean=0.348, stddev=0.242], oderiv-rms=[percentiles(0,1,2,5 10,20,50,80,90 95,98,99,100)=(0.001,0.001,0.001,0.001 0.002,0.002,0.002,0.006,0.01 0.01,0.02,0.02,0.03), mean=0.00423, stddev=0.00453], oderiv-count=499046
component name=tdnn2.renorm type=NormalizeComponent, input-dim=255, output-dim=256, target-rms=1, add-log-stddev=true
component name=tdnn3.affine type=NaturalGradientAffineComponent, input-dim=1024, output-dim=255, learning-rate=0.000823393, max-change=0.75, linear-params-rms=0.04325, linear-params-row-norms=[percentiles(0,1,2,5 10,20,50,80,90 95,98,99,100)=(0.99,0.99,1.0,1.0 1.0,1.1,1.3,1.6,1.7 1.9,2.1,2.2,2.5), mean=1.35, stddev=0.293], linear-params-col-norms=[percentiles(0,1,2,5 10,20,50,80,90 95,98,99,100)=(0.42,0.45,0.46,0.47 0.48,0.49,0.52,0.73,1.0 1.2,1.5,1.7,2.0), mean=0.638, stddev=0.265], bias-{mean,stddev}=0.03657,0.9184, rank-in=20, rank-out=80, num-samples-history=2000, update-period=4, alpha=4
component name=tdnn3.relu type=RectifiedLinearComponent, dim=255, self-repair-scale=1e-05, count=5.4e+05, self-repaired-proportion=0, value-avg=[percentiles(0,1,2,5 10,20,50,80,90 95,98,99,100)=(0.02,0.05,0.07,0.10 0.16,0.25,0.67,1.5,2.2 2.8,3.1,3.5,4.3), mean=0.965, stddev=0.851], deriv-avg=[percentiles(0,1,2,5 10,20,50,80,90 95,98,99,100)=(0.08,0.12,0.17,0.20 0.24,0.29,0.42,0.61,0.72 0.80,0.84,0.87,0.93), mean=0.452, stddev=0.183], oderiv-rms=[percentiles(0,1,2,5 10,20,50,80,90 95,98,99,100)=(0.001,0.001,0.002,0.002 0.002,0.002,0.003,0.004,0.005 0.006,0.007,0.008,0.01), mean=0.00342, stddev=0.00172], oderiv-count=505498
component name=tdnn3.renorm type=NormalizeComponent, input-dim=255, output-dim=256, target-rms=1, add-log-stddev=true
component name=tdnn3_stats-extraction-99-99 type=StatisticsExtractionComponent, input-dim=256, output-dim=257
component name=tdnn3_stats-pooling-99-99 type=StatisticsPoolingComponent, input-dim=257, output-dim=257
component name=tdnn4.affine type=NaturalGradientAffineComponent, input-dim=1281, output-dim=255, learning-rate=0.000823393, max-change=0.75, linear-params-rms=0.0392, linear-params-row-norms=[percentiles(0,1,2,5 10,20,50,80,90 95,98,99,100)=(0.98,1.0,1.0,1.0 1.0,1.1,1.3,1.6,1.8 2.0,2.2,2.4,2.6), mean=1.37, stddev=0.309], linear-params-col-norms=[percentiles(0,1,2,5 10,20,50,80,90 95,98,99,100)=(0.39,0.42,0.43,0.44 0.45,0.47,0.57,0.73,0.83 0.89,0.99,1.0,1.3), mean=0.607, stddev=0.152], bias-{mean,stddev}=-0.04675,1.067, rank-in=20, rank-out=80, num-samples-history=2000, update-period=4, alpha=4
component name=tdnn4.relu type=RectifiedLinearComponent, dim=255, self-repair-scale=1e-05, count=3.57e+05, self-repaired-proportion=0, value-avg=[percentiles(0,1,2,5 10,20,50,80,90 95,98,99,100)=(0.03,0.04,0.05,0.07 0.09,0.16,0.54,1.0,1.5 1.8,2.2,3.3,4.0), mean=0.692, stddev=0.643], deriv-avg=[percentiles(0,1,2,5 10,20,50,80,90 95,98,99,100)=(0.09,0.11,0.12,0.13 0.16,0.20,0.38,0.54,0.63 0.68,0.75,0.78,0.84), mean=0.387, stddev=0.174], oderiv-rms=[percentiles(0,1,2,5 10,20,50,80,90 95,98,99,100)=(0.003,0.003,0.003,0.003 0.004,0.004,0.005,0.007,0.009 0.01,0.01,0.01,0.02), mean=0.00593, stddev=0.00242], oderiv-count=362560
component name=tdnn4.renorm type=NormalizeComponent, input-dim=255, output-dim=256, target-rms=1, add-log-stddev=true
component name=tdnn4_stats-extraction-108-108 type=StatisticsExtractionComponent, input-dim=256, output-dim=257
component name=tdnn4_stats-pooling-108-108 type=StatisticsPoolingComponent, input-dim=257, output-dim=257
component name=tdnn5.affine type=NaturalGradientAffineComponent, input-dim=1281, output-dim=256, learning-rate=0.000823393, max-change=0.75, linear-params-rms=0.0378, linear-params-row-norms=[percentiles(0,1,2,5 10,20,50,80,90 95,98,99,100)=(0.94,0.96,0.97,0.98 0.99,1.0,1.1,1.6,1.9 2.1,2.2,2.3,2.4), mean=1.3, stddev=0.367], linear-params-col-norms=[percentiles(0,1,2,5 10,20,50,80,90 95,98,99,100)=(0.38,0.42,0.43,0.44 0.45,0.48,0.57,0.70,0.76 0.82,0.88,0.93,1.4), mean=0.592, stddev=0.125], bias-{mean,stddev}=-0.07528,0.8835, rank-in=20, rank-out=80, num-samples-history=2000, update-period=4, alpha=4
component name=tdnn5.relu type=RectifiedLinearComponent, dim=256, self-repair-scale=1e-05, count=6.3e+04, self-repaired-proportion=0.0186644, value-avg=[percentiles(0,1,2,5 10,20,50,80,90 95,98,99,100)=(0.004,0.01,0.02,0.02 0.03,0.05,0.34,1.3,1.7 2.1,2.3,2.5,4.0), mean=0.661, stddev=0.715], deriv-avg=[percentiles(0,1,2,5 10,20,50,80,90 95,98,99,100)=(0.02,0.05,0.06,0.06 0.07,0.13,0.36,0.72,0.83 0.90,0.93,0.93,0.95), mean=0.416, stddev=0.279], oderiv-rms=[percentiles(0,1,2,5 10,20,50,80,90 95,98,99,100)=(0.0002,0.0003,0.0003,0.0007 0.001,0.003,0.008,0.02,0.02 0.02,0.03,0.03,0.04), mean=0.00938, stddev=0.00759], oderiv-count=94976
component name=tdnn5.renorm type=NormalizeComponent, input-dim=256, output-dim=256, target-rms=1, add-log-stddev=false
component name=output.affine type=NaturalGradientAffineComponent, input-dim=256, output-dim=3, learning-rate=8.23393e-05, learning-rate-factor=0.1, max-change=1.5, linear-params-rms=0.05363, linear-params-row-norms=[ 1.0 0.97 0.45 ], linear-params-col-norms=[percentiles(0,1,2,5 10,20,50,80,90 95,98,99,100)=(0.001,0.002,0.003,0.005 0.01,0.02,0.06,0.12,0.16 0.18,0.21,0.23,0.32), mean=0.0744, stddev=0.0556], bias-{mean,stddev}=-5.516e-07,0.035, rank-in=20, rank-out=2, num-samples-history=2000, update-period=4, alpha=4
component name=output.log-softmax type=LogSoftmaxComponent, dim=3, oderiv-rms=[ 0.44 0.89 0 ], oderiv-count=105638
nnet3-show-progress --use-gpu=no exp/dihard3_sad_tdnn_stats/77.raw exp/dihard3_sad_tdnn_stats/78.raw 
LOG (nnet3-show-progress[5.5.810~1-76a979]:SelectGpuId():cu-device.cc:153) Manually selected to compute on CPU.
LOG (nnet3-show-progress[5.5.810~1-76a979]:main():nnet3-show-progress.cc:143) Parameter differences per layer are [ tdnn1.affine:0.547948 tdnn2.affine:0.875148 tdnn3.affine:0.476956 tdnn4.affine:0.634753 tdnn5.affine:0.857339 output.affine:0.0480826 ]
LOG (nnet3-show-progress[5.5.810~1-76a979]:main():nnet3-show-progress.cc:153) Norms of parameter matrices from <new-nnet-in> are [ tdnn1.affine:26.8286 tdnn2.affine:41.4674 tdnn3.affine:26.5318 tdnn4.affine:28.1625 tdnn5.affine:25.8801 output.affine:1.4874 ]
LOG (nnet3-show-progress[5.5.810~1-76a979]:main():nnet3-show-progress.cc:157) Relative parameter differences per layer are [ tdnn1.affine:0.0204826 tdnn2.affine:0.0211941 tdnn3.affine:0.0180146 tdnn4.affine:0.0225859 tdnn5.affine:0.033219 output.affine:0.0325473 ]
# Accounting: time=0 threads=1
# Ended (code 0) at Sat Nov 28 18:33:12 EST 2020, elapsed time 0 seconds
