# nnet3-info exp/dihard3_sad_tdnn_stats/94.raw && nnet3-show-progress --use-gpu=no exp/dihard3_sad_tdnn_stats/93.raw exp/dihard3_sad_tdnn_stats/94.raw 
# Started at Sat Nov 28 18:35:09 EST 2020
#
nnet3-info exp/dihard3_sad_tdnn_stats/94.raw 
left-context: 24
right-context: 46
num-parameters: 1229878
modulus: 18
input-node name=input dim=40
component-node name=lda component=lda input=Append(Offset(input, -2), Offset(input, -1), input, Offset(input, 1), Offset(input, 2)) input-dim=200 output-dim=200
component-node name=tdnn1.affine component=tdnn1.affine input=lda input-dim=200 output-dim=255
component-node name=tdnn1.relu component=tdnn1.relu input=tdnn1.affine input-dim=255 output-dim=255
component-node name=tdnn1.renorm component=tdnn1.renorm input=tdnn1.relu input-dim=255 output-dim=256
component-node name=tdnn2.affine component=tdnn2.affine input=Append(Offset(tdnn1.renorm, -1), tdnn1.renorm, Offset(tdnn1.renorm, 1), Offset(tdnn1.renorm, 2)) input-dim=1024 output-dim=255
component-node name=tdnn2.relu component=tdnn2.relu input=tdnn2.affine input-dim=255 output-dim=255
component-node name=tdnn2.renorm component=tdnn2.renorm input=tdnn2.relu input-dim=255 output-dim=256
component-node name=tdnn3.affine component=tdnn3.affine input=Append(Offset(tdnn2.renorm, -3), tdnn2.renorm, Offset(tdnn2.renorm, 3), Offset(tdnn2.renorm, 6)) input-dim=1024 output-dim=255
component-node name=tdnn3.relu component=tdnn3.relu input=tdnn3.affine input-dim=255 output-dim=255
component-node name=tdnn3.renorm component=tdnn3.renorm input=tdnn3.relu input-dim=255 output-dim=256
component-node name=tdnn3_stats-extraction-99-99 component=tdnn3_stats-extraction-99-99 input=tdnn3.renorm input-dim=256 output-dim=257
component-node name=tdnn3_stats-pooling-99-99 component=tdnn3_stats-pooling-99-99 input=tdnn3_stats-extraction-99-99 input-dim=257 output-dim=257
component-node name=tdnn4.affine component=tdnn4.affine input=Append(Offset(tdnn3.renorm, -6), tdnn3.renorm, Offset(tdnn3.renorm, 6), Offset(tdnn3.renorm, 12), Round(tdnn3_stats-pooling-99-99, 9)) input-dim=1281 output-dim=255
component-node name=tdnn4.relu component=tdnn4.relu input=tdnn4.affine input-dim=255 output-dim=255
component-node name=tdnn4.renorm component=tdnn4.renorm input=tdnn4.relu input-dim=255 output-dim=256
component-node name=tdnn4_stats-extraction-108-108 component=tdnn4_stats-extraction-108-108 input=tdnn4.renorm input-dim=256 output-dim=257
component-node name=tdnn4_stats-pooling-108-108 component=tdnn4_stats-pooling-108-108 input=tdnn4_stats-extraction-108-108 input-dim=257 output-dim=257
component-node name=tdnn5.affine component=tdnn5.affine input=Append(Offset(tdnn4.renorm, -12), tdnn4.renorm, Offset(tdnn4.renorm, 12), Offset(tdnn4.renorm, 24), Round(tdnn4_stats-pooling-108-108, 18)) input-dim=1281 output-dim=256
component-node name=tdnn5.relu component=tdnn5.relu input=tdnn5.affine input-dim=256 output-dim=256
component-node name=tdnn5.renorm component=tdnn5.renorm input=tdnn5.relu input-dim=256 output-dim=256
component-node name=output.affine component=output.affine input=tdnn5.renorm input-dim=256 output-dim=3
component-node name=output.log-softmax component=output.log-softmax input=output.affine input-dim=3 output-dim=3
output-node name=output input=output.log-softmax dim=3 objective=linear
component name=lda type=FixedAffineComponent, input-dim=200, output-dim=200, linear-params-rms=0.0017, bias-{mean,stddev}=0.01236,0.1777
component name=tdnn1.affine type=NaturalGradientAffineComponent, input-dim=200, output-dim=255, learning-rate=0.000709727, max-change=0.75, linear-params-rms=0.1139, linear-params-row-norms=[percentiles(0,1,2,5 10,20,50,80,90 95,98,99,100)=(0.85,0.89,0.91,0.92 0.95,0.99,1.1,2.0,2.2 2.3,2.7,3.8,4.9), mean=1.48, stddev=0.626], linear-params-col-norms=[percentiles(0,1,2,5 10,20,50,80,90 95,98,99,100)=(1.4,1.4,1.4,1.5 1.6,1.6,1.8,2.0,2.1 2.2,2.3,2.4,3.6), mean=1.8, stddev=0.25], bias-{mean,stddev}=-0.05614,0.6623, rank-in=20, rank-out=80, num-samples-history=2000, update-period=4, alpha=4
component name=tdnn1.relu type=RectifiedLinearComponent, dim=255, self-repair-scale=1e-05, count=1.91e+06, self-repaired-proportion=0.631512, value-avg=[percentiles(0,1,2,5 10,20,50,80,90 95,98,99,100)=(0,0,0,0 0,0,0.003,0.36,0.78 1.1,1.6,1.7,2.1), mean=0.208, stddev=0.392], deriv-avg=[percentiles(0,1,2,5 10,20,50,80,90 95,98,99,100)=(0,0,0,0 0,0,0.13,1.0,1.0 1.0,1.0,1.0,1.0), mean=0.434, stddev=0.448], oderiv-rms=[percentiles(0,1,2,5 10,20,50,80,90 95,98,99,100)=(0.004,0.005,0.005,0.005 0.006,0.006,0.009,0.08,0.09 0.11,0.12,0.14,0.18), mean=0.0392, stddev=0.0386], oderiv-count=1.56262e+06
component name=tdnn1.renorm type=NormalizeComponent, input-dim=255, output-dim=256, target-rms=1, add-log-stddev=true
component name=tdnn2.affine type=NaturalGradientAffineComponent, input-dim=1024, output-dim=255, learning-rate=0.000709727, max-change=0.75, linear-params-rms=0.07903, linear-params-row-norms=[percentiles(0,1,2,5 10,20,50,80,90 95,98,99,100)=(0.99,1.0,1.0,1.0 1.1,1.1,1.4,3.1,4.6 5.0,5.4,6.1,7.7), mean=2.1, stddev=1.41], linear-params-col-norms=[percentiles(0,1,2,5 10,20,50,80,90 95,98,99,100)=(0.40,0.43,0.45,0.47 0.48,0.49,0.54,1.7,2.0 2.2,2.4,2.5,2.8), mean=1.08, stddev=0.66], bias-{mean,stddev}=-0.01748,0.9788, rank-in=20, rank-out=80, num-samples-history=2000, update-period=4, alpha=4
component name=tdnn2.relu type=RectifiedLinearComponent, dim=255, self-repair-scale=1e-05, count=5.47e+05, self-repaired-proportion=0.0106654, value-avg=[percentiles(0,1,2,5 10,20,50,80,90 95,98,99,100)=(0.007,0.008,0.01,0.01 0.02,0.04,0.13,0.58,1.6 3.2,5.1,6.2,9.1), mean=0.6, stddev=1.31], deriv-avg=[percentiles(0,1,2,5 10,20,50,80,90 95,98,99,100)=(0.06,0.07,0.08,0.09 0.11,0.16,0.30,0.54,0.78 0.89,0.92,0.94,0.99), mean=0.361, stddev=0.237], oderiv-rms=[percentiles(0,1,2,5 10,20,50,80,90 95,98,99,100)=(0.001,0.001,0.001,0.002 0.002,0.002,0.002,0.006,0.01 0.01,0.02,0.02,0.03), mean=0.00418, stddev=0.00434], oderiv-count=524851
component name=tdnn2.renorm type=NormalizeComponent, input-dim=255, output-dim=256, target-rms=1, add-log-stddev=true
component name=tdnn3.affine type=NaturalGradientAffineComponent, input-dim=1024, output-dim=255, learning-rate=0.000709727, max-change=0.75, linear-params-rms=0.04507, linear-params-row-norms=[percentiles(0,1,2,5 10,20,50,80,90 95,98,99,100)=(1.0,1.0,1.0,1.0 1.1,1.1,1.4,1.6,1.8 2.0,2.2,2.3,2.5), mean=1.41, stddev=0.317], linear-params-col-norms=[percentiles(0,1,2,5 10,20,50,80,90 95,98,99,100)=(0.42,0.45,0.47,0.47 0.48,0.49,0.52,0.79,1.1 1.3,1.6,1.7,2.1), mean=0.659, stddev=0.29], bias-{mean,stddev}=0.03655,0.9183, rank-in=20, rank-out=80, num-samples-history=2000, update-period=4, alpha=4
component name=tdnn3.relu type=RectifiedLinearComponent, dim=255, self-repair-scale=1e-05, count=5.87e+05, self-repaired-proportion=0, value-avg=[percentiles(0,1,2,5 10,20,50,80,90 95,98,99,100)=(0.03,0.04,0.09,0.12 0.18,0.29,0.71,1.6,2.2 2.8,3.3,3.7,4.2), mean=1.01, stddev=0.855], deriv-avg=[percentiles(0,1,2,5 10,20,50,80,90 95,98,99,100)=(0.09,0.13,0.15,0.21 0.25,0.30,0.42,0.60,0.71 0.78,0.83,0.85,0.92), mean=0.448, stddev=0.172], oderiv-rms=[percentiles(0,1,2,5 10,20,50,80,90 95,98,99,100)=(0.001,0.002,0.002,0.002 0.002,0.002,0.003,0.005,0.006 0.006,0.007,0.008,0.01), mean=0.00352, stddev=0.00168], oderiv-count=497664
component name=tdnn3.renorm type=NormalizeComponent, input-dim=255, output-dim=256, target-rms=1, add-log-stddev=true
component name=tdnn3_stats-extraction-99-99 type=StatisticsExtractionComponent, input-dim=256, output-dim=257
component name=tdnn3_stats-pooling-99-99 type=StatisticsPoolingComponent, input-dim=257, output-dim=257
component name=tdnn4.affine type=NaturalGradientAffineComponent, input-dim=1281, output-dim=255, learning-rate=0.000709727, max-change=0.75, linear-params-rms=0.04106, linear-params-row-norms=[percentiles(0,1,2,5 10,20,50,80,90 95,98,99,100)=(0.99,1.0,1.0,1.0 1.1,1.1,1.4,1.7,1.9 2.1,2.3,2.5,2.7), mean=1.43, stddev=0.335], linear-params-col-norms=[percentiles(0,1,2,5 10,20,50,80,90 95,98,99,100)=(0.39,0.43,0.43,0.44 0.46,0.48,0.60,0.76,0.88 0.93,1.0,1.1,1.4), mean=0.634, stddev=0.166], bias-{mean,stddev}=-0.04673,1.067, rank-in=20, rank-out=80, num-samples-history=2000, update-period=4, alpha=4
component name=tdnn4.relu type=RectifiedLinearComponent, dim=255, self-repair-scale=1e-05, count=3.23e+05, self-repaired-proportion=0, value-avg=[percentiles(0,1,2,5 10,20,50,80,90 95,98,99,100)=(0.04,0.06,0.06,0.08 0.11,0.18,0.55,1.1,1.4 1.8,2.3,3.2,3.9), mean=0.702, stddev=0.626], deriv-avg=[percentiles(0,1,2,5 10,20,50,80,90 95,98,99,100)=(0.11,0.12,0.13,0.14 0.17,0.21,0.38,0.53,0.61 0.67,0.70,0.74,0.81), mean=0.385, stddev=0.164], oderiv-rms=[percentiles(0,1,2,5 10,20,50,80,90 95,98,99,100)=(0.003,0.003,0.003,0.003 0.004,0.004,0.006,0.008,0.009 0.01,0.01,0.01,0.02), mean=0.00624, stddev=0.00231], oderiv-count=339200
component name=tdnn4.renorm type=NormalizeComponent, input-dim=255, output-dim=256, target-rms=1, add-log-stddev=true
component name=tdnn4_stats-extraction-108-108 type=StatisticsExtractionComponent, input-dim=256, output-dim=257
component name=tdnn4_stats-pooling-108-108 type=StatisticsPoolingComponent, input-dim=257, output-dim=257
component name=tdnn5.affine type=NaturalGradientAffineComponent, input-dim=1281, output-dim=256, learning-rate=0.000709727, max-change=0.75, linear-params-rms=0.03993, linear-params-row-norms=[percentiles(0,1,2,5 10,20,50,80,90 95,98,99,100)=(0.94,0.96,0.97,0.98 0.99,1.0,1.2,1.8,2.0 2.2,2.4,2.5,2.6), mean=1.37, stddev=0.415], linear-params-col-norms=[percentiles(0,1,2,5 10,20,50,80,90 95,98,99,100)=(0.38,0.43,0.43,0.45 0.46,0.49,0.60,0.75,0.81 0.87,0.94,1.0,1.5), mean=0.623, stddev=0.14], bias-{mean,stddev}=-0.07524,0.8836, rank-in=20, rank-out=80, num-samples-history=2000, update-period=4, alpha=4
component name=tdnn5.relu type=RectifiedLinearComponent, dim=256, self-repair-scale=1e-05, count=7.35e+04, self-repaired-proportion=0.0100543, value-avg=[percentiles(0,1,2,5 10,20,50,80,90 95,98,99,100)=(0.01,0.01,0.02,0.02 0.03,0.07,0.36,1.2,1.6 2.0,2.3,2.5,4.0), mean=0.657, stddev=0.697], deriv-avg=[percentiles(0,1,2,5 10,20,50,80,90 95,98,99,100)=(0.04,0.05,0.06,0.06 0.08,0.14,0.36,0.70,0.80 0.85,0.90,0.91,0.94), mean=0.407, stddev=0.264], oderiv-rms=[percentiles(0,1,2,5 10,20,50,80,90 95,98,99,100)=(0.0001,0.0003,0.0004,0.0008 0.001,0.003,0.009,0.02,0.02 0.02,0.03,0.03,0.04), mean=0.0102, stddev=0.00764], oderiv-count=102144
component name=tdnn5.renorm type=NormalizeComponent, input-dim=256, output-dim=256, target-rms=1, add-log-stddev=false
component name=output.affine type=NaturalGradientAffineComponent, input-dim=256, output-dim=3, learning-rate=7.09727e-05, learning-rate-factor=0.1, max-change=1.5, linear-params-rms=0.05988, linear-params-row-norms=[ 1.2 1.1 0.47 ], linear-params-col-norms=[percentiles(0,1,2,5 10,20,50,80,90 95,98,99,100)=(0.002,0.002,0.004,0.007 0.02,0.03,0.08,0.13,0.17 0.19,0.22,0.25,0.33), mean=0.0855, stddev=0.0587], bias-{mean,stddev}=-7.326e-07,0.04159, rank-in=20, rank-out=2, num-samples-history=2000, update-period=4, alpha=4
component name=output.log-softmax type=LogSoftmaxComponent, dim=3, oderiv-rms=[ 0.44 0.89 0 ], oderiv-count=94080
nnet3-show-progress --use-gpu=no exp/dihard3_sad_tdnn_stats/93.raw exp/dihard3_sad_tdnn_stats/94.raw 
LOG (nnet3-show-progress[5.5.810~1-76a979]:SelectGpuId():cu-device.cc:153) Manually selected to compute on CPU.
LOG (nnet3-show-progress[5.5.810~1-76a979]:main():nnet3-show-progress.cc:143) Parameter differences per layer are [ tdnn1.affine:0.495303 tdnn2.affine:0.754002 tdnn3.affine:0.440064 tdnn4.affine:0.612082 tdnn5.affine:0.813551 output.affine:0.0462308 ]
LOG (nnet3-show-progress[5.5.810~1-76a979]:main():nnet3-show-progress.cc:153) Norms of parameter matrices from <new-nnet-in> are [ tdnn1.affine:27.8339 tdnn2.affine:43.3066 tdnn3.affine:27.3095 tdnn4.affine:29.016 tdnn5.affine:26.9121 output.affine:1.66106 ]
LOG (nnet3-show-progress[5.5.810~1-76a979]:main():nnet3-show-progress.cc:157) Relative parameter differences per layer are [ tdnn1.affine:0.0178352 tdnn2.affine:0.0174575 tdnn3.affine:0.0161416 tdnn4.affine:0.0211316 tdnn5.affine:0.0302989 output.affine:0.0279793 ]
# Accounting: time=0 threads=1
# Ended (code 0) at Sat Nov 28 18:35:09 EST 2020, elapsed time 0 seconds
