# nnet3-info exp/dihard3_sad_tdnn_stats/176.raw && nnet3-show-progress --use-gpu=no exp/dihard3_sad_tdnn_stats/175.raw exp/dihard3_sad_tdnn_stats/176.raw 
# Started at Sat Nov 28 18:45:06 EST 2020
#
nnet3-info exp/dihard3_sad_tdnn_stats/176.raw 
left-context: 24
right-context: 46
num-parameters: 1229878
modulus: 18
input-node name=input dim=40
component-node name=lda component=lda input=Append(Offset(input, -2), Offset(input, -1), input, Offset(input, 1), Offset(input, 2)) input-dim=200 output-dim=200
component-node name=tdnn1.affine component=tdnn1.affine input=lda input-dim=200 output-dim=255
component-node name=tdnn1.relu component=tdnn1.relu input=tdnn1.affine input-dim=255 output-dim=255
component-node name=tdnn1.renorm component=tdnn1.renorm input=tdnn1.relu input-dim=255 output-dim=256
component-node name=tdnn2.affine component=tdnn2.affine input=Append(Offset(tdnn1.renorm, -1), tdnn1.renorm, Offset(tdnn1.renorm, 1), Offset(tdnn1.renorm, 2)) input-dim=1024 output-dim=255
component-node name=tdnn2.relu component=tdnn2.relu input=tdnn2.affine input-dim=255 output-dim=255
component-node name=tdnn2.renorm component=tdnn2.renorm input=tdnn2.relu input-dim=255 output-dim=256
component-node name=tdnn3.affine component=tdnn3.affine input=Append(Offset(tdnn2.renorm, -3), tdnn2.renorm, Offset(tdnn2.renorm, 3), Offset(tdnn2.renorm, 6)) input-dim=1024 output-dim=255
component-node name=tdnn3.relu component=tdnn3.relu input=tdnn3.affine input-dim=255 output-dim=255
component-node name=tdnn3.renorm component=tdnn3.renorm input=tdnn3.relu input-dim=255 output-dim=256
component-node name=tdnn3_stats-extraction-99-99 component=tdnn3_stats-extraction-99-99 input=tdnn3.renorm input-dim=256 output-dim=257
component-node name=tdnn3_stats-pooling-99-99 component=tdnn3_stats-pooling-99-99 input=tdnn3_stats-extraction-99-99 input-dim=257 output-dim=257
component-node name=tdnn4.affine component=tdnn4.affine input=Append(Offset(tdnn3.renorm, -6), tdnn3.renorm, Offset(tdnn3.renorm, 6), Offset(tdnn3.renorm, 12), Round(tdnn3_stats-pooling-99-99, 9)) input-dim=1281 output-dim=255
component-node name=tdnn4.relu component=tdnn4.relu input=tdnn4.affine input-dim=255 output-dim=255
component-node name=tdnn4.renorm component=tdnn4.renorm input=tdnn4.relu input-dim=255 output-dim=256
component-node name=tdnn4_stats-extraction-108-108 component=tdnn4_stats-extraction-108-108 input=tdnn4.renorm input-dim=256 output-dim=257
component-node name=tdnn4_stats-pooling-108-108 component=tdnn4_stats-pooling-108-108 input=tdnn4_stats-extraction-108-108 input-dim=257 output-dim=257
component-node name=tdnn5.affine component=tdnn5.affine input=Append(Offset(tdnn4.renorm, -12), tdnn4.renorm, Offset(tdnn4.renorm, 12), Offset(tdnn4.renorm, 24), Round(tdnn4_stats-pooling-108-108, 18)) input-dim=1281 output-dim=256
component-node name=tdnn5.relu component=tdnn5.relu input=tdnn5.affine input-dim=256 output-dim=256
component-node name=tdnn5.renorm component=tdnn5.renorm input=tdnn5.relu input-dim=256 output-dim=256
component-node name=output.affine component=output.affine input=tdnn5.renorm input-dim=256 output-dim=3
component-node name=output.log-softmax component=output.log-softmax input=output.affine input-dim=3 output-dim=3
output-node name=output input=output.log-softmax dim=3 objective=linear
component name=lda type=FixedAffineComponent, input-dim=200, output-dim=200, linear-params-rms=0.0017, bias-{mean,stddev}=0.01236,0.1777
component name=tdnn1.affine type=NaturalGradientAffineComponent, input-dim=200, output-dim=255, learning-rate=0.000331471, max-change=0.75, linear-params-rms=0.131, linear-params-row-norms=[percentiles(0,1,2,5 10,20,50,80,90 95,98,99,100)=(0.86,0.89,0.91,0.92 0.96,0.99,1.1,2.4,2.6 2.9,3.2,4.2,5.3), mean=1.67, stddev=0.804], linear-params-col-norms=[percentiles(0,1,2,5 10,20,50,80,90 95,98,99,100)=(1.4,1.6,1.7,1.7 1.8,1.9,2.0,2.3,2.4 2.5,2.6,2.7,3.8), mean=2.08, stddev=0.263], bias-{mean,stddev}=-0.0401,0.5427, rank-in=20, rank-out=80, num-samples-history=2000, update-period=4, alpha=4
component name=tdnn1.relu type=RectifiedLinearComponent, dim=255, self-repair-scale=1e-05, count=1.53e+06, self-repaired-proportion=0.516491, value-avg=[percentiles(0,1,2,5 10,20,50,80,90 95,98,99,100)=(0,0,0,0 0,0,0.006,0.21,0.59 0.93,1.4,1.4,1.8), mean=0.162, stddev=0.324], deriv-avg=[percentiles(0,1,2,5 10,20,50,80,90 95,98,99,100)=(0,0,0,0 0,0,0.19,1.0,1.0 1.0,1.0,1.0,1.0), mean=0.429, stddev=0.426], oderiv-rms=[percentiles(0,1,2,5 10,20,50,80,90 95,98,99,100)=(0.006,0.007,0.007,0.007 0.008,0.008,0.02,0.10,0.12 0.14,0.15,0.17,0.23), mean=0.0518, stddev=0.0498], oderiv-count=1.46217e+06
component name=tdnn1.renorm type=NormalizeComponent, input-dim=255, output-dim=256, target-rms=1, add-log-stddev=true
component name=tdnn2.affine type=NaturalGradientAffineComponent, input-dim=1024, output-dim=255, learning-rate=0.000331471, max-change=0.75, linear-params-rms=0.08844, linear-params-row-norms=[percentiles(0,1,2,5 10,20,50,80,90 95,98,99,100)=(1.0,1.0,1.0,1.1 1.1,1.2,1.6,3.8,5.1 5.5,5.9,6.4,7.9), mean=2.37, stddev=1.55], linear-params-col-norms=[percentiles(0,1,2,5 10,20,50,80,90 95,98,99,100)=(0.40,0.43,0.45,0.47 0.48,0.49,0.56,2.0,2.2 2.4,2.7,2.8,3.0), mean=1.19, stddev=0.765], bias-{mean,stddev}=-0.01755,0.9787, rank-in=20, rank-out=80, num-samples-history=2000, update-period=4, alpha=4
component name=tdnn2.relu type=RectifiedLinearComponent, dim=255, self-repair-scale=1e-05, count=5.66e+05, self-repaired-proportion=0.00474653, value-avg=[percentiles(0,1,2,5 10,20,50,80,90 95,98,99,100)=(0.02,0.02,0.02,0.03 0.05,0.07,0.21,0.80,1.7 3.3,5.0,6.6,9.1), mean=0.704, stddev=1.34], deriv-avg=[percentiles(0,1,2,5 10,20,50,80,90 95,98,99,100)=(0.06,0.07,0.08,0.10 0.12,0.18,0.34,0.55,0.75 0.87,0.93,0.94,0.98), mean=0.382, stddev=0.231], oderiv-rms=[percentiles(0,1,2,5 10,20,50,80,90 95,98,99,100)=(0.002,0.002,0.002,0.002 0.002,0.002,0.003,0.008,0.01 0.01,0.02,0.02,0.03), mean=0.00508, stddev=0.00444], oderiv-count=471859
component name=tdnn2.renorm type=NormalizeComponent, input-dim=255, output-dim=256, target-rms=1, add-log-stddev=true
component name=tdnn3.affine type=NaturalGradientAffineComponent, input-dim=1024, output-dim=255, learning-rate=0.000331471, max-change=0.75, linear-params-rms=0.0502, linear-params-row-norms=[percentiles(0,1,2,5 10,20,50,80,90 95,98,99,100)=(1.0,1.0,1.0,1.1 1.1,1.2,1.5,1.9,2.0 2.2,2.5,2.5,2.7), mean=1.56, stddev=0.364], linear-params-col-norms=[percentiles(0,1,2,5 10,20,50,80,90 95,98,99,100)=(0.43,0.47,0.48,0.48 0.49,0.51,0.55,0.93,1.3 1.5,1.8,1.9,2.2), mean=0.722, stddev=0.349], bias-{mean,stddev}=0.03648,0.918, rank-in=20, rank-out=80, num-samples-history=2000, update-period=4, alpha=4
component name=tdnn3.relu type=RectifiedLinearComponent, dim=255, self-repair-scale=1e-05, count=5.5e+05, self-repaired-proportion=0, value-avg=[percentiles(0,1,2,5 10,20,50,80,90 95,98,99,100)=(0.05,0.08,0.13,0.18 0.24,0.39,0.87,1.6,2.1 2.9,3.4,3.7,4.2), mean=1.06, stddev=0.823], deriv-avg=[percentiles(0,1,2,5 10,20,50,80,90 95,98,99,100)=(0.13,0.15,0.17,0.21 0.26,0.31,0.41,0.56,0.64 0.75,0.80,0.83,0.92), mean=0.437, stddev=0.154], oderiv-rms=[percentiles(0,1,2,5 10,20,50,80,90 95,98,99,100)=(0.002,0.002,0.003,0.003 0.003,0.003,0.005,0.006,0.007 0.008,0.008,0.01,0.01), mean=0.00496, stddev=0.00185], oderiv-count=531763
component name=tdnn3.renorm type=NormalizeComponent, input-dim=255, output-dim=256, target-rms=1, add-log-stddev=true
component name=tdnn3_stats-extraction-99-99 type=StatisticsExtractionComponent, input-dim=256, output-dim=257
component name=tdnn3_stats-pooling-99-99 type=StatisticsPoolingComponent, input-dim=257, output-dim=257
component name=tdnn4.affine type=NaturalGradientAffineComponent, input-dim=1281, output-dim=255, learning-rate=0.000331471, max-change=0.75, linear-params-rms=0.0466, linear-params-row-norms=[percentiles(0,1,2,5 10,20,50,80,90 95,98,99,100)=(1.1,1.1,1.1,1.1 1.2,1.3,1.6,1.9,2.1 2.3,2.6,2.8,3.1), mean=1.62, stddev=0.378], linear-params-col-norms=[percentiles(0,1,2,5 10,20,50,80,90 95,98,99,100)=(0.40,0.44,0.45,0.47 0.49,0.52,0.70,0.88,1.0 1.1,1.2,1.2,1.6), mean=0.717, stddev=0.199], bias-{mean,stddev}=-0.04671,1.067, rank-in=20, rank-out=80, num-samples-history=2000, update-period=4, alpha=4
component name=tdnn4.relu type=RectifiedLinearComponent, dim=255, self-repair-scale=1e-05, count=3.27e+05, self-repaired-proportion=0, value-avg=[percentiles(0,1,2,5 10,20,50,80,90 95,98,99,100)=(0.08,0.12,0.13,0.14 0.16,0.23,0.54,1.0,1.3 1.6,2.2,2.7,3.5), mean=0.673, stddev=0.541], deriv-avg=[percentiles(0,1,2,5 10,20,50,80,90 95,98,99,100)=(0.10,0.11,0.15,0.17 0.20,0.23,0.36,0.51,0.56 0.62,0.68,0.70,0.79), mean=0.377, stddev=0.142], oderiv-rms=[percentiles(0,1,2,5 10,20,50,80,90 95,98,99,100)=(0.006,0.006,0.006,0.007 0.007,0.008,0.01,0.01,0.01 0.01,0.02,0.02,0.02), mean=0.0103, stddev=0.00248], oderiv-count=353280
component name=tdnn4.renorm type=NormalizeComponent, input-dim=255, output-dim=256, target-rms=1, add-log-stddev=true
component name=tdnn4_stats-extraction-108-108 type=StatisticsExtractionComponent, input-dim=256, output-dim=257
component name=tdnn4_stats-pooling-108-108 type=StatisticsPoolingComponent, input-dim=257, output-dim=257
component name=tdnn5.affine type=NaturalGradientAffineComponent, input-dim=1281, output-dim=256, learning-rate=0.000331471, max-change=0.75, linear-params-rms=0.04613, linear-params-row-norms=[percentiles(0,1,2,5 10,20,50,80,90 95,98,99,100)=(0.96,0.96,0.98,0.99 1.0,1.1,1.4,2.1,2.3 2.5,2.8,2.9,2.9), mean=1.57, stddev=0.513], linear-params-col-norms=[percentiles(0,1,2,5 10,20,50,80,90 95,98,99,100)=(0.40,0.44,0.46,0.48 0.51,0.55,0.72,0.86,0.93 1.0,1.1,1.1,1.6), mean=0.719, stddev=0.168], bias-{mean,stddev}=-0.07536,0.8837, rank-in=20, rank-out=80, num-samples-history=2000, update-period=4, alpha=4
component name=tdnn5.relu type=RectifiedLinearComponent, dim=256, self-repair-scale=1e-05, count=7.26e+04, self-repaired-proportion=0.00376013, value-avg=[percentiles(0,1,2,5 10,20,50,80,90 95,98,99,100)=(0.01,0.01,0.02,0.02 0.05,0.10,0.34,0.84,1.2 1.5,1.6,1.9,3.0), mean=0.503, stddev=0.488], deriv-avg=[percentiles(0,1,2,5 10,20,50,80,90 95,98,99,100)=(0.05,0.05,0.06,0.06 0.10,0.16,0.33,0.56,0.63 0.69,0.75,0.79,0.80), mean=0.359, stddev=0.201], oderiv-rms=[percentiles(0,1,2,5 10,20,50,80,90 95,98,99,100)=(0.0003,0.0004,0.0008,0.001 0.003,0.007,0.02,0.03,0.03 0.03,0.04,0.04,0.05), mean=0.0173, stddev=0.0102], oderiv-count=98470.4
component name=tdnn5.renorm type=NormalizeComponent, input-dim=256, output-dim=256, target-rms=1, add-log-stddev=false
component name=output.affine type=NaturalGradientAffineComponent, input-dim=256, output-dim=3, learning-rate=3.31471e-05, learning-rate-factor=0.1, max-change=1.5, linear-params-rms=0.0933, linear-params-row-norms=[ 1.8 1.7 0.52 ], linear-params-col-norms=[percentiles(0,1,2,5 10,20,50,80,90 95,98,99,100)=(0.002,0.005,0.008,0.02 0.04,0.06,0.14,0.21,0.24 0.26,0.30,0.33,0.40), mean=0.142, stddev=0.0771], bias-{mean,stddev}=-1.167e-06,0.07284, rank-in=20, rank-out=2, num-samples-history=2000, update-period=4, alpha=4
component name=output.log-softmax type=LogSoftmaxComponent, dim=3, oderiv-rms=[ 0.44 0.89 0 ], oderiv-count=103398
nnet3-show-progress --use-gpu=no exp/dihard3_sad_tdnn_stats/175.raw exp/dihard3_sad_tdnn_stats/176.raw 
LOG (nnet3-show-progress[5.5.810~1-76a979]:SelectGpuId():cu-device.cc:153) Manually selected to compute on CPU.
LOG (nnet3-show-progress[5.5.810~1-76a979]:main():nnet3-show-progress.cc:143) Parameter differences per layer are [ tdnn1.affine:0.281054 tdnn2.affine:0.381253 tdnn3.affine:0.269047 tdnn4.affine:0.428077 tdnn5.affine:0.532639 output.affine:0.021668 ]
LOG (nnet3-show-progress[5.5.810~1-76a979]:main():nnet3-show-progress.cc:153) Norms of parameter matrices from <new-nnet-in> are [ tdnn1.affine:30.8363 tdnn2.affine:47.82 tdnn3.affine:29.5499 tdnn4.affine:31.6297 tdnn5.affine:29.9874 output.affine:2.58872 ]
LOG (nnet3-show-progress[5.5.810~1-76a979]:main():nnet3-show-progress.cc:157) Relative parameter differences per layer are [ tdnn1.affine:0.00911966 tdnn2.affine:0.00797559 tdnn3.affine:0.00910986 tdnn4.affine:0.0135429 tdnn5.affine:0.0177759 output.affine:0.00840252 ]
# Accounting: time=0 threads=1
# Ended (code 0) at Sat Nov 28 18:45:06 EST 2020, elapsed time 0 seconds
