# nnet3-info exp/dihard3_sad_tdnn_stats/208.raw && nnet3-show-progress --use-gpu=no exp/dihard3_sad_tdnn_stats/207.raw exp/dihard3_sad_tdnn_stats/208.raw 
# Started at Sat Nov 28 18:49:08 EST 2020
#
nnet3-info exp/dihard3_sad_tdnn_stats/208.raw 
left-context: 24
right-context: 46
num-parameters: 1229878
modulus: 18
input-node name=input dim=40
component-node name=lda component=lda input=Append(Offset(input, -2), Offset(input, -1), input, Offset(input, 1), Offset(input, 2)) input-dim=200 output-dim=200
component-node name=tdnn1.affine component=tdnn1.affine input=lda input-dim=200 output-dim=255
component-node name=tdnn1.relu component=tdnn1.relu input=tdnn1.affine input-dim=255 output-dim=255
component-node name=tdnn1.renorm component=tdnn1.renorm input=tdnn1.relu input-dim=255 output-dim=256
component-node name=tdnn2.affine component=tdnn2.affine input=Append(Offset(tdnn1.renorm, -1), tdnn1.renorm, Offset(tdnn1.renorm, 1), Offset(tdnn1.renorm, 2)) input-dim=1024 output-dim=255
component-node name=tdnn2.relu component=tdnn2.relu input=tdnn2.affine input-dim=255 output-dim=255
component-node name=tdnn2.renorm component=tdnn2.renorm input=tdnn2.relu input-dim=255 output-dim=256
component-node name=tdnn3.affine component=tdnn3.affine input=Append(Offset(tdnn2.renorm, -3), tdnn2.renorm, Offset(tdnn2.renorm, 3), Offset(tdnn2.renorm, 6)) input-dim=1024 output-dim=255
component-node name=tdnn3.relu component=tdnn3.relu input=tdnn3.affine input-dim=255 output-dim=255
component-node name=tdnn3.renorm component=tdnn3.renorm input=tdnn3.relu input-dim=255 output-dim=256
component-node name=tdnn3_stats-extraction-99-99 component=tdnn3_stats-extraction-99-99 input=tdnn3.renorm input-dim=256 output-dim=257
component-node name=tdnn3_stats-pooling-99-99 component=tdnn3_stats-pooling-99-99 input=tdnn3_stats-extraction-99-99 input-dim=257 output-dim=257
component-node name=tdnn4.affine component=tdnn4.affine input=Append(Offset(tdnn3.renorm, -6), tdnn3.renorm, Offset(tdnn3.renorm, 6), Offset(tdnn3.renorm, 12), Round(tdnn3_stats-pooling-99-99, 9)) input-dim=1281 output-dim=255
component-node name=tdnn4.relu component=tdnn4.relu input=tdnn4.affine input-dim=255 output-dim=255
component-node name=tdnn4.renorm component=tdnn4.renorm input=tdnn4.relu input-dim=255 output-dim=256
component-node name=tdnn4_stats-extraction-108-108 component=tdnn4_stats-extraction-108-108 input=tdnn4.renorm input-dim=256 output-dim=257
component-node name=tdnn4_stats-pooling-108-108 component=tdnn4_stats-pooling-108-108 input=tdnn4_stats-extraction-108-108 input-dim=257 output-dim=257
component-node name=tdnn5.affine component=tdnn5.affine input=Append(Offset(tdnn4.renorm, -12), tdnn4.renorm, Offset(tdnn4.renorm, 12), Offset(tdnn4.renorm, 24), Round(tdnn4_stats-pooling-108-108, 18)) input-dim=1281 output-dim=256
component-node name=tdnn5.relu component=tdnn5.relu input=tdnn5.affine input-dim=256 output-dim=256
component-node name=tdnn5.renorm component=tdnn5.renorm input=tdnn5.relu input-dim=256 output-dim=256
component-node name=output.affine component=output.affine input=tdnn5.renorm input-dim=256 output-dim=3
component-node name=output.log-softmax component=output.log-softmax input=output.affine input-dim=3 output-dim=3
output-node name=output input=output.log-softmax dim=3 objective=linear
component name=lda type=FixedAffineComponent, input-dim=200, output-dim=200, linear-params-rms=0.0017, bias-{mean,stddev}=0.01236,0.1777
component name=tdnn1.affine type=NaturalGradientAffineComponent, input-dim=200, output-dim=255, learning-rate=0.000284223, max-change=0.75, linear-params-rms=0.1342, linear-params-row-norms=[percentiles(0,1,2,5 10,20,50,80,90 95,98,99,100)=(0.86,0.89,0.91,0.92 0.96,0.99,1.1,2.4,2.7 3.0,3.3,4.3,5.3), mean=1.7, stddev=0.836], linear-params-col-norms=[percentiles(0,1,2,5 10,20,50,80,90 95,98,99,100)=(1.4,1.6,1.7,1.8 1.9,1.9,2.1,2.3,2.5 2.5,2.6,2.7,3.8), mean=2.13, stddev=0.262], bias-{mean,stddev}=-0.03685,0.5183, rank-in=20, rank-out=80, num-samples-history=2000, update-period=4, alpha=4
component name=tdnn1.relu type=RectifiedLinearComponent, dim=255, self-repair-scale=1e-05, count=1.95e+06, self-repaired-proportion=0.496248, value-avg=[percentiles(0,1,2,5 10,20,50,80,90 95,98,99,100)=(0,0,0,0 0,1e-09,0.006,0.18,0.55 0.89,1.3,1.4,1.7), mean=0.154, stddev=0.31], deriv-avg=[percentiles(0,1,2,5 10,20,50,80,90 95,98,99,100)=(0,0,0,0 0,9e-08,0.20,0.99,1.0 1.0,1.0,1.0,1.0), mean=0.429, stddev=0.422], oderiv-rms=[percentiles(0,1,2,5 10,20,50,80,90 95,98,99,100)=(0.006,0.007,0.007,0.007 0.008,0.008,0.02,0.09,0.11 0.13,0.14,0.17,0.21), mean=0.0495, stddev=0.0468], oderiv-count=1.48938e+06
component name=tdnn1.renorm type=NormalizeComponent, input-dim=255, output-dim=256, target-rms=1, add-log-stddev=true
component name=tdnn2.affine type=NaturalGradientAffineComponent, input-dim=1024, output-dim=255, learning-rate=0.000284223, max-change=0.75, linear-params-rms=0.08999, linear-params-row-norms=[percentiles(0,1,2,5 10,20,50,80,90 95,98,99,100)=(1.0,1.0,1.1,1.1 1.2,1.2,1.6,3.8,5.2 5.6,5.9,6.4,7.9), mean=2.42, stddev=1.56], linear-params-col-norms=[percentiles(0,1,2,5 10,20,50,80,90 95,98,99,100)=(0.40,0.44,0.46,0.47 0.48,0.49,0.57,2.0,2.3 2.4,2.8,2.8,3.1), mean=1.21, stddev=0.781], bias-{mean,stddev}=-0.01757,0.9787, rank-in=20, rank-out=80, num-samples-history=2000, update-period=4, alpha=4
component name=tdnn2.relu type=RectifiedLinearComponent, dim=255, self-repair-scale=1e-05, count=5.68e+05, self-repaired-proportion=0.00532213, value-avg=[percentiles(0,1,2,5 10,20,50,80,90 95,98,99,100)=(0.02,0.02,0.03,0.04 0.06,0.08,0.24,0.83,1.7 3.2,5.1,6.5,9.1), mean=0.729, stddev=1.34], deriv-avg=[percentiles(0,1,2,5 10,20,50,80,90 95,98,99,100)=(0.06,0.07,0.08,0.10 0.13,0.18,0.35,0.56,0.75 0.88,0.93,0.94,0.98), mean=0.39, stddev=0.229], oderiv-rms=[percentiles(0,1,2,5 10,20,50,80,90 95,98,99,100)=(0.002,0.002,0.002,0.002 0.002,0.002,0.003,0.008,0.01 0.01,0.02,0.02,0.02), mean=0.00506, stddev=0.00412], oderiv-count=493824
component name=tdnn2.renorm type=NormalizeComponent, input-dim=255, output-dim=256, target-rms=1, add-log-stddev=true
component name=tdnn3.affine type=NaturalGradientAffineComponent, input-dim=1024, output-dim=255, learning-rate=0.000284223, max-change=0.75, linear-params-rms=0.05119, linear-params-row-norms=[percentiles(0,1,2,5 10,20,50,80,90 95,98,99,100)=(1.0,1.1,1.1,1.1 1.2,1.2,1.6,1.9,2.0 2.2,2.5,2.6,2.7), mean=1.6, stddev=0.366], linear-params-col-norms=[percentiles(0,1,2,5 10,20,50,80,90 95,98,99,100)=(0.44,0.47,0.48,0.49 0.50,0.51,0.56,0.96,1.3 1.6,1.8,1.9,2.3), mean=0.735, stddev=0.357], bias-{mean,stddev}=0.03648,0.918, rank-in=20, rank-out=80, num-samples-history=2000, update-period=4, alpha=4
component name=tdnn3.relu type=RectifiedLinearComponent, dim=255, self-repair-scale=1e-05, count=5.44e+05, self-repaired-proportion=0, value-avg=[percentiles(0,1,2,5 10,20,50,80,90 95,98,99,100)=(0.06,0.09,0.15,0.20 0.25,0.41,0.88,1.6,2.0 2.8,3.3,3.7,4.3), mean=1.06, stddev=0.8], deriv-avg=[percentiles(0,1,2,5 10,20,50,80,90 95,98,99,100)=(0.13,0.16,0.18,0.22 0.27,0.31,0.41,0.55,0.63 0.73,0.79,0.82,0.92), mean=0.435, stddev=0.15], oderiv-rms=[percentiles(0,1,2,5 10,20,50,80,90 95,98,99,100)=(0.003,0.003,0.003,0.003 0.003,0.004,0.005,0.007,0.007 0.008,0.009,0.01,0.01), mean=0.00533, stddev=0.00178], oderiv-count=474624
component name=tdnn3.renorm type=NormalizeComponent, input-dim=255, output-dim=256, target-rms=1, add-log-stddev=true
component name=tdnn3_stats-extraction-99-99 type=StatisticsExtractionComponent, input-dim=256, output-dim=257
component name=tdnn3_stats-pooling-99-99 type=StatisticsPoolingComponent, input-dim=257, output-dim=257
component name=tdnn4.affine type=NaturalGradientAffineComponent, input-dim=1281, output-dim=255, learning-rate=0.000284223, max-change=0.75, linear-params-rms=0.04773, linear-params-row-norms=[percentiles(0,1,2,5 10,20,50,80,90 95,98,99,100)=(1.1,1.1,1.1,1.2 1.2,1.3,1.6,1.9,2.2 2.3,2.7,2.8,3.1), mean=1.67, stddev=0.377], linear-params-col-norms=[percentiles(0,1,2,5 10,20,50,80,90 95,98,99,100)=(0.41,0.45,0.45,0.48 0.50,0.54,0.72,0.90,1.0 1.1,1.2,1.3,1.6), mean=0.735, stddev=0.203], bias-{mean,stddev}=-0.04672,1.067, rank-in=20, rank-out=80, num-samples-history=2000, update-period=4, alpha=4
component name=tdnn4.relu type=RectifiedLinearComponent, dim=255, self-repair-scale=1e-05, count=3.57e+05, self-repaired-proportion=0, value-avg=[percentiles(0,1,2,5 10,20,50,80,90 95,98,99,100)=(0.09,0.13,0.13,0.15 0.18,0.23,0.54,0.97,1.2 1.5,2.2,2.6,3.4), mean=0.658, stddev=0.518], deriv-avg=[percentiles(0,1,2,5 10,20,50,80,90 95,98,99,100)=(0.09,0.11,0.14,0.17 0.19,0.23,0.37,0.50,0.55 0.62,0.67,0.68,0.79), mean=0.374, stddev=0.141], oderiv-rms=[percentiles(0,1,2,5 10,20,50,80,90 95,98,99,100)=(0.007,0.007,0.007,0.008 0.009,0.009,0.01,0.01,0.01 0.02,0.02,0.02,0.02), mean=0.0114, stddev=0.00231], oderiv-count=378133
component name=tdnn4.renorm type=NormalizeComponent, input-dim=255, output-dim=256, target-rms=1, add-log-stddev=true
component name=tdnn4_stats-extraction-108-108 type=StatisticsExtractionComponent, input-dim=256, output-dim=257
component name=tdnn4_stats-pooling-108-108 type=StatisticsPoolingComponent, input-dim=257, output-dim=257
component name=tdnn5.affine type=NaturalGradientAffineComponent, input-dim=1281, output-dim=256, learning-rate=0.000284223, max-change=0.75, linear-params-rms=0.04731, linear-params-row-norms=[percentiles(0,1,2,5 10,20,50,80,90 95,98,99,100)=(0.96,0.97,0.97,0.99 1.0,1.1,1.5,2.1,2.4 2.6,2.8,2.9,2.9), mean=1.61, stddev=0.521], linear-params-col-norms=[percentiles(0,1,2,5 10,20,50,80,90 95,98,99,100)=(0.40,0.45,0.47,0.49 0.52,0.57,0.73,0.88,0.95 1.0,1.1,1.2,1.6), mean=0.738, stddev=0.168], bias-{mean,stddev}=-0.07553,0.8836, rank-in=20, rank-out=80, num-samples-history=2000, update-period=4, alpha=4
component name=tdnn5.relu type=RectifiedLinearComponent, dim=256, self-repair-scale=1e-05, count=7.01e+04, self-repaired-proportion=0.00692305, value-avg=[percentiles(0,1,2,5 10,20,50,80,90 95,98,99,100)=(0.01,0.01,0.02,0.02 0.05,0.11,0.32,0.72,1.0 1.3,1.5,1.8,2.6), mean=0.448, stddev=0.43], deriv-avg=[percentiles(0,1,2,5 10,20,50,80,90 95,98,99,100)=(0.05,0.05,0.06,0.06 0.10,0.16,0.32,0.51,0.60 0.66,0.73,0.74,0.79), mean=0.342, stddev=0.185], oderiv-rms=[percentiles(0,1,2,5 10,20,50,80,90 95,98,99,100)=(0.0005,0.0007,0.0008,0.001 0.003,0.008,0.02,0.03,0.03 0.04,0.04,0.04,0.05), mean=0.0194, stddev=0.0109], oderiv-count=105877
component name=tdnn5.renorm type=NormalizeComponent, input-dim=256, output-dim=256, target-rms=1, add-log-stddev=false
component name=output.affine type=NaturalGradientAffineComponent, input-dim=256, output-dim=3, learning-rate=2.84223e-05, learning-rate-factor=0.1, max-change=1.5, linear-params-rms=0.1045, linear-params-row-norms=[ 2.1 2.0 0.53 ], linear-params-col-norms=[percentiles(0,1,2,5 10,20,50,80,90 95,98,99,100)=(0.004,0.006,0.008,0.03 0.05,0.07,0.17,0.23,0.26 0.29,0.32,0.35,0.42), mean=0.16, stddev=0.0839], bias-{mean,stddev}=-1.195e-06,0.08221, rank-in=20, rank-out=2, num-samples-history=2000, update-period=4, alpha=4
component name=output.log-softmax type=LogSoftmaxComponent, dim=3, oderiv-rms=[ 0.44 0.89 0 ], oderiv-count=101397
nnet3-show-progress --use-gpu=no exp/dihard3_sad_tdnn_stats/207.raw exp/dihard3_sad_tdnn_stats/208.raw 
LOG (nnet3-show-progress[5.5.810~1-76a979]:SelectGpuId():cu-device.cc:153) Manually selected to compute on CPU.
LOG (nnet3-show-progress[5.5.810~1-76a979]:main():nnet3-show-progress.cc:143) Parameter differences per layer are [ tdnn1.affine:0.201578 tdnn2.affine:0.283627 tdnn3.affine:0.215461 tdnn4.affine:0.352729 tdnn5.affine:0.430456 output.affine:0.0173129 ]
LOG (nnet3-show-progress[5.5.810~1-76a979]:main():nnet3-show-progress.cc:153) Norms of parameter matrices from <new-nnet-in> are [ tdnn1.affine:31.4223 tdnn2.affine:48.5698 tdnn3.affine:29.9919 tdnn4.affine:32.1748 tdnn5.affine:30.5817 output.affine:2.8983 ]
LOG (nnet3-show-progress[5.5.810~1-76a979]:main():nnet3-show-progress.cc:157) Relative parameter differences per layer are [ tdnn1.affine:0.00641819 tdnn2.affine:0.00584133 tdnn3.affine:0.00718666 tdnn4.affine:0.0109674 tdnn5.affine:0.0140821 output.affine:0.00599207 ]
# Accounting: time=0 threads=1
# Ended (code 0) at Sat Nov 28 18:49:08 EST 2020, elapsed time 0 seconds
