# nnet3-train --use-gpu=yes --read-cache=exp/dihard3_sad_tdnn_stats/cache.9 --print-interval=10 --momentum=0.5 --max-param-change=0.2 --backstitch-training-scale=0.0 --l2-regularize-factor=0.25 --backstitch-training-interval=1 --srand=9 --optimization.min-deriv-time=-34 --optimization.max-deriv-time-relative=56 "nnet3-copy --learning-rate=0.001122403437189742 --scale=1.0 exp/dihard3_sad_tdnn_stats/9.raw - |" "ark,bg:nnet3-copy-egs               ark:exp/dihard3_sad_tdnn_stats/egs/egs.8.ark ark:- |             nnet3-shuffle-egs --buffer-size=5000             --srand=9 ark:- ark:- |              nnet3-merge-egs --minibatch-size=128,64 ark:- ark:- |" exp/dihard3_sad_tdnn_stats/10.3.raw 
# Started at Sat Nov 28 18:25:11 EST 2020
#
nnet3-train --use-gpu=yes --read-cache=exp/dihard3_sad_tdnn_stats/cache.9 --print-interval=10 --momentum=0.5 --max-param-change=0.2 --backstitch-training-scale=0.0 --l2-regularize-factor=0.25 --backstitch-training-interval=1 --srand=9 --optimization.min-deriv-time=-34 --optimization.max-deriv-time-relative=56 'nnet3-copy --learning-rate=0.001122403437189742 --scale=1.0 exp/dihard3_sad_tdnn_stats/9.raw - |' 'ark,bg:nnet3-copy-egs               ark:exp/dihard3_sad_tdnn_stats/egs/egs.8.ark ark:- |             nnet3-shuffle-egs --buffer-size=5000             --srand=9 ark:- ark:- |              nnet3-merge-egs --minibatch-size=128,64 ark:- ark:- |' exp/dihard3_sad_tdnn_stats/10.3.raw 
LOG (nnet3-train[5.5.810~1-76a979]:SelectGpuId():cu-device.cc:223) CUDA setup operating under Compute Exclusive Mode.
LOG (nnet3-train[5.5.810~1-76a979]:FinalizeActiveGpu():cu-device.cc:308) The active GPU is [3]: GeForce GTX 1080	free:7856M, used:262M, total:8119M, free/total:0.967617 version 6.1
nnet3-copy --learning-rate=0.001122403437189742 --scale=1.0 exp/dihard3_sad_tdnn_stats/9.raw - 
LOG (nnet3-copy[5.5.810~1-76a979]:main():nnet3-copy.cc:114) Copied raw neural net from exp/dihard3_sad_tdnn_stats/9.raw to -
LOG (nnet3-train[5.5.810~1-76a979]:NnetTrainer():nnet-training.cc:48) Read computation cache from exp/dihard3_sad_tdnn_stats/cache.9
nnet3-shuffle-egs --buffer-size=5000 --srand=9 ark:- ark:- 
nnet3-merge-egs --minibatch-size=128,64 ark:- ark:- 
nnet3-copy-egs ark:exp/dihard3_sad_tdnn_stats/egs/egs.8.ark ark:- 
WARNING (nnet3-train[5.5.810~1-76a979]:ReorthogonalizeRt1():natural-gradient-online.cc:241) Cholesky out of expected range, reorthogonalizing with Gram-Schmidt
WARNING (nnet3-train[5.5.810~1-76a979]:ReorthogonalizeRt1():natural-gradient-online.cc:241) Cholesky out of expected range, reorthogonalizing with Gram-Schmidt
ERROR (nnet3-train[5.5.810~1-76a979]:Cholesky():tp-matrix.cc:110) Cholesky decomposition failed. Maybe matrix is not positive definite.

[ Stack-Trace: ]
/data/working/nryant/dihard3/baseline/development/dihard3_baseline/tools/kaldi/src/lib/libkaldi-base.so(kaldi::MessageLogger::LogMessage() const+0xb42) [0x7f2c94214732]
nnet3-train(kaldi::MessageLogger::LogAndThrow::operator=(kaldi::MessageLogger const&)+0x21) [0x564d96c6b341]
/data/working/nryant/dihard3/baseline/development/dihard3_baseline/tools/kaldi/src/lib/libkaldi-matrix.so(kaldi::TpMatrix<float>::Cholesky(kaldi::SpMatrix<float> const&)+0x1ae) [0x7f2c9447eb42]
/data/working/nryant/dihard3/baseline/development/dihard3_baseline/tools/kaldi/src/lib/libkaldi-nnet3.so(kaldi::nnet3::OnlineNaturalGradient::ReorthogonalizeRt1(kaldi::VectorBase<float> const&, float, kaldi::CuMatrixBase<float>*, kaldi::CuMatrixBase<float>*, kaldi::CuMatrixBase<float>*)+0x461) [0x7f2c95feb5f3]
/data/working/nryant/dihard3/baseline/development/dihard3_baseline/tools/kaldi/src/lib/libkaldi-nnet3.so(kaldi::nnet3::OnlineNaturalGradient::PreconditionDirectionsInternal(float, float, bool, kaldi::Vector<float> const&, kaldi::CuMatrixBase<float>*, kaldi::CuMatrixBase<float>*)+0x103c) [0x7f2c95fecafe]
/data/working/nryant/dihard3/baseline/development/dihard3_baseline/tools/kaldi/src/lib/libkaldi-nnet3.so(kaldi::nnet3::OnlineNaturalGradient::PreconditionDirections(kaldi::CuMatrixBase<float>*, float*)+0x1e3) [0x7f2c95fed89b]
/data/working/nryant/dihard3/baseline/development/dihard3_baseline/tools/kaldi/src/lib/libkaldi-nnet3.so(kaldi::nnet3::OnlineNaturalGradient::Init(kaldi::CuMatrixBase<float> const&)+0xd0) [0x7f2c95fed5e6]
/data/working/nryant/dihard3/baseline/development/dihard3_baseline/tools/kaldi/src/lib/libkaldi-nnet3.so(kaldi::nnet3::OnlineNaturalGradient::PreconditionDirections(kaldi::CuMatrixBase<float>*, float*)+0x101) [0x7f2c95fed7b9]
/data/working/nryant/dihard3/baseline/development/dihard3_baseline/tools/kaldi/src/lib/libkaldi-nnet3.so(kaldi::nnet3::NaturalGradientAffineComponent::Update(std::__cxx11::basic_string<char, std::char_traits<char>, std::allocator<char> > const&, kaldi::CuMatrixBase<float> const&, kaldi::CuMatrixBase<float> const&)+0x222) [0x7f2c95fa5584]
/data/working/nryant/dihard3/baseline/development/dihard3_baseline/tools/kaldi/src/lib/libkaldi-nnet3.so(kaldi::nnet3::AffineComponent::Backprop(std::__cxx11::basic_string<char, std::char_traits<char>, std::allocator<char> > const&, kaldi::nnet3::ComponentPrecomputedIndexes const*, kaldi::CuMatrixBase<float> const&, kaldi::CuMatrixBase<float> const&, kaldi::CuMatrixBase<float> const&, void*, kaldi::nnet3::Component*, kaldi::CuMatrixBase<float>*) const+0x92) [0x7f2c95fa2b48]
/data/working/nryant/dihard3/baseline/development/dihard3_baseline/tools/kaldi/src/lib/libkaldi-nnet3.so(kaldi::nnet3::NnetComputer::ExecuteCommand()+0x8d5) [0x7f2c9603fd69]
/data/working/nryant/dihard3/baseline/development/dihard3_baseline/tools/kaldi/src/lib/libkaldi-nnet3.so(kaldi::nnet3::NnetComputer::Run()+0x178) [0x7f2c96040cba]
/data/working/nryant/dihard3/baseline/development/dihard3_baseline/tools/kaldi/src/lib/libkaldi-nnet3.so(kaldi::nnet3::NnetTrainer::TrainInternal(kaldi::nnet3::NnetExample const&, kaldi::nnet3::NnetComputation const&)+0x79) [0x7f2c96068bb5]
/data/working/nryant/dihard3/baseline/development/dihard3_baseline/tools/kaldi/src/lib/libkaldi-nnet3.so(kaldi::nnet3::NnetTrainer::Train(kaldi::nnet3::NnetExample const&)+0xc2) [0x7f2c96068f24]
nnet3-train(main+0x659) [0x564d96c6a593]
/lib/x86_64-linux-gnu/libc.so.6(__libc_start_main+0xe7) [0x7f2c93627b97]
nnet3-train(_start+0x2a) [0x564d96c69e5a]

WARNING (nnet3-train[5.5.810~1-76a979]:ReorthogonalizeRt1():natural-gradient-online.cc:248) Cholesky or Invert() failed while re-orthogonalizing R_t. Re-orthogonalizing on CPU.
LOG (nnet3-train[5.5.810~1-76a979]:UpdateNnetWithMaxChange():nnet-utils.cc:2205) Global max-change factor was 0.479069 with max-change=0.2.
LOG (nnet3-train[5.5.810~1-76a979]:UpdateNnetWithMaxChange():nnet-utils.cc:2205) Global max-change factor was 0.511284 with max-change=0.2.
LOG (nnet3-train[5.5.810~1-76a979]:UpdateNnetWithMaxChange():nnet-utils.cc:2205) Global max-change factor was 0.346483 with max-change=0.2.
LOG (nnet3-train[5.5.810~1-76a979]:UpdateNnetWithMaxChange():nnet-utils.cc:2205) Global max-change factor was 0.371318 with max-change=0.2.
LOG (nnet3-train[5.5.810~1-76a979]:UpdateNnetWithMaxChange():nnet-utils.cc:2205) Global max-change factor was 0.417403 with max-change=0.2.
LOG (nnet3-train[5.5.810~1-76a979]:UpdateNnetWithMaxChange():nnet-utils.cc:2205) Global max-change factor was 0.404663 with max-change=0.2.
LOG (nnet3-train[5.5.810~1-76a979]:UpdateNnetWithMaxChange():nnet-utils.cc:2205) Global max-change factor was 0.366284 with max-change=0.2.
LOG (nnet3-train[5.5.810~1-76a979]:UpdateNnetWithMaxChange():nnet-utils.cc:2205) Global max-change factor was 0.293991 with max-change=0.2.
LOG (nnet3-train[5.5.810~1-76a979]:UpdateNnetWithMaxChange():nnet-utils.cc:2205) Global max-change factor was 0.382462 with max-change=0.2.
LOG (nnet3-train[5.5.810~1-76a979]:UpdateNnetWithMaxChange():nnet-utils.cc:2205) Global max-change factor was 0.324737 with max-change=0.2.
LOG (nnet3-train[5.5.810~1-76a979]:PrintStatsForThisPhase():nnet-training.cc:278) Average objective function for 'output' for minibatches 0-9 is -0.166886 over 8960.05 frames.
LOG (nnet3-train[5.5.810~1-76a979]:UpdateNnetWithMaxChange():nnet-utils.cc:2205) Global max-change factor was 0.413277 with max-change=0.2.
LOG (nnet3-train[5.5.810~1-76a979]:UpdateNnetWithMaxChange():nnet-utils.cc:2205) Global max-change factor was 0.355688 with max-change=0.2.
LOG (nnet3-train[5.5.810~1-76a979]:UpdateNnetWithMaxChange():nnet-utils.cc:2205) Global max-change factor was 0.379673 with max-change=0.2.
LOG (nnet3-train[5.5.810~1-76a979]:UpdateNnetWithMaxChange():nnet-utils.cc:2205) Global max-change factor was 0.470246 with max-change=0.2.
LOG (nnet3-train[5.5.810~1-76a979]:UpdateNnetWithMaxChange():nnet-utils.cc:2205) Global max-change factor was 0.439306 with max-change=0.2.
LOG (nnet3-train[5.5.810~1-76a979]:UpdateNnetWithMaxChange():nnet-utils.cc:2205) Global max-change factor was 0.347783 with max-change=0.2.
LOG (nnet3-train[5.5.810~1-76a979]:UpdateNnetWithMaxChange():nnet-utils.cc:2205) Global max-change factor was 0.257571 with max-change=0.2.
LOG (nnet3-train[5.5.810~1-76a979]:UpdateNnetWithMaxChange():nnet-utils.cc:2205) Global max-change factor was 0.323993 with max-change=0.2.
LOG (nnet3-train[5.5.810~1-76a979]:UpdateNnetWithMaxChange():nnet-utils.cc:2205) Global max-change factor was 0.29681 with max-change=0.2.
LOG (nnet3-train[5.5.810~1-76a979]:UpdateNnetWithMaxChange():nnet-utils.cc:2205) Global max-change factor was 0.464259 with max-change=0.2.
LOG (nnet3-train[5.5.810~1-76a979]:PrintStatsForThisPhase():nnet-training.cc:278) Average objective function for 'output' for minibatches 10-19 is -0.143228 over 8959.94 frames.
LOG (nnet3-train[5.5.810~1-76a979]:UpdateNnetWithMaxChange():nnet-utils.cc:2205) Global max-change factor was 0.359874 with max-change=0.2.
LOG (nnet3-train[5.5.810~1-76a979]:UpdateNnetWithMaxChange():nnet-utils.cc:2205) Global max-change factor was 0.466121 with max-change=0.2.
LOG (nnet3-train[5.5.810~1-76a979]:UpdateNnetWithMaxChange():nnet-utils.cc:2205) Global max-change factor was 0.458645 with max-change=0.2.
LOG (nnet3-train[5.5.810~1-76a979]:UpdateNnetWithMaxChange():nnet-utils.cc:2205) Global max-change factor was 0.337645 with max-change=0.2.
LOG (nnet3-train[5.5.810~1-76a979]:UpdateNnetWithMaxChange():nnet-utils.cc:2205) Global max-change factor was 0.304286 with max-change=0.2.
LOG (nnet3-train[5.5.810~1-76a979]:UpdateNnetWithMaxChange():nnet-utils.cc:2205) Global max-change factor was 0.333655 with max-change=0.2.
LOG (nnet3-train[5.5.810~1-76a979]:UpdateNnetWithMaxChange():nnet-utils.cc:2205) Global max-change factor was 0.409425 with max-change=0.2.
LOG (nnet3-train[5.5.810~1-76a979]:UpdateNnetWithMaxChange():nnet-utils.cc:2205) Global max-change factor was 0.431321 with max-change=0.2.
LOG (nnet3-train[5.5.810~1-76a979]:UpdateNnetWithMaxChange():nnet-utils.cc:2205) Global max-change factor was 0.308421 with max-change=0.2.
LOG (nnet3-train[5.5.810~1-76a979]:UpdateNnetWithMaxChange():nnet-utils.cc:2205) Global max-change factor was 0.343048 with max-change=0.2.
LOG (nnet3-train[5.5.810~1-76a979]:PrintStatsForThisPhase():nnet-training.cc:278) Average objective function for 'output' for minibatches 20-29 is -0.185781 over 8960.03 frames.
LOG (nnet3-train[5.5.810~1-76a979]:UpdateNnetWithMaxChange():nnet-utils.cc:2205) Global max-change factor was 0.508974 with max-change=0.2.
LOG (nnet3-train[5.5.810~1-76a979]:UpdateNnetWithMaxChange():nnet-utils.cc:2205) Global max-change factor was 0.561814 with max-change=0.2.
LOG (nnet3-train[5.5.810~1-76a979]:UpdateNnetWithMaxChange():nnet-utils.cc:2205) Global max-change factor was 0.54079 with max-change=0.2.
LOG (nnet3-train[5.5.810~1-76a979]:UpdateNnetWithMaxChange():nnet-utils.cc:2205) Global max-change factor was 0.445873 with max-change=0.2.
LOG (nnet3-train[5.5.810~1-76a979]:UpdateNnetWithMaxChange():nnet-utils.cc:2205) Global max-change factor was 0.611067 with max-change=0.2.
LOG (nnet3-train[5.5.810~1-76a979]:UpdateNnetWithMaxChange():nnet-utils.cc:2205) Global max-change factor was 0.448521 with max-change=0.2.
LOG (nnet3-train[5.5.810~1-76a979]:UpdateNnetWithMaxChange():nnet-utils.cc:2205) Global max-change factor was 0.286322 with max-change=0.2.
LOG (nnet3-train[5.5.810~1-76a979]:UpdateNnetWithMaxChange():nnet-utils.cc:2205) Global max-change factor was 0.290056 with max-change=0.2.
LOG (nnet3-train[5.5.810~1-76a979]:UpdateNnetWithMaxChange():nnet-utils.cc:2205) Global max-change factor was 0.346734 with max-change=0.2.
LOG (nnet3-train[5.5.810~1-76a979]:UpdateNnetWithMaxChange():nnet-utils.cc:2205) Global max-change factor was 0.400186 with max-change=0.2.
LOG (nnet3-train[5.5.810~1-76a979]:PrintStatsForThisPhase():nnet-training.cc:278) Average objective function for 'output' for minibatches 30-39 is -0.135326 over 8959.98 frames.
LOG (nnet3-train[5.5.810~1-76a979]:UpdateNnetWithMaxChange():nnet-utils.cc:2205) Global max-change factor was 0.375108 with max-change=0.2.
LOG (nnet3-train[5.5.810~1-76a979]:UpdateNnetWithMaxChange():nnet-utils.cc:2205) Global max-change factor was 0.485069 with max-change=0.2.
LOG (nnet3-train[5.5.810~1-76a979]:UpdateNnetWithMaxChange():nnet-utils.cc:2205) Global max-change factor was 0.270269 with max-change=0.2.
LOG (nnet3-train[5.5.810~1-76a979]:UpdateNnetWithMaxChange():nnet-utils.cc:2205) Global max-change factor was 0.361913 with max-change=0.2.
LOG (nnet3-train[5.5.810~1-76a979]:UpdateNnetWithMaxChange():nnet-utils.cc:2205) Global max-change factor was 0.514662 with max-change=0.2.
LOG (nnet3-train[5.5.810~1-76a979]:UpdateNnetWithMaxChange():nnet-utils.cc:2205) Global max-change factor was 0.564991 with max-change=0.2.
LOG (nnet3-train[5.5.810~1-76a979]:UpdateNnetWithMaxChange():nnet-utils.cc:2205) Global max-change factor was 0.587107 with max-change=0.2.
LOG (nnet3-train[5.5.810~1-76a979]:UpdateNnetWithMaxChange():nnet-utils.cc:2205) Global max-change factor was 0.536948 with max-change=0.2.
LOG (nnet3-train[5.5.810~1-76a979]:UpdateNnetWithMaxChange():nnet-utils.cc:2205) Global max-change factor was 0.600996 with max-change=0.2.
LOG (nnet3-train[5.5.810~1-76a979]:UpdateNnetWithMaxChange():nnet-utils.cc:2205) Global max-change factor was 0.329105 with max-change=0.2.
LOG (nnet3-train[5.5.810~1-76a979]:PrintStatsForThisPhase():nnet-training.cc:278) Average objective function for 'output' for minibatches 40-49 is -0.132145 over 8959.98 frames.
LOG (nnet3-train[5.5.810~1-76a979]:UpdateNnetWithMaxChange():nnet-utils.cc:2205) Global max-change factor was 0.466325 with max-change=0.2.
LOG (nnet3-train[5.5.810~1-76a979]:UpdateNnetWithMaxChange():nnet-utils.cc:2205) Global max-change factor was 0.291601 with max-change=0.2.
LOG (nnet3-train[5.5.810~1-76a979]:UpdateNnetWithMaxChange():nnet-utils.cc:2205) Global max-change factor was 0.428388 with max-change=0.2.
LOG (nnet3-train[5.5.810~1-76a979]:UpdateNnetWithMaxChange():nnet-utils.cc:2205) Global max-change factor was 0.326276 with max-change=0.2.
LOG (nnet3-train[5.5.810~1-76a979]:UpdateNnetWithMaxChange():nnet-utils.cc:2205) Global max-change factor was 0.291046 with max-change=0.2.
LOG (nnet3-train[5.5.810~1-76a979]:UpdateNnetWithMaxChange():nnet-utils.cc:2205) Global max-change factor was 0.373669 with max-change=0.2.
LOG (nnet3-train[5.5.810~1-76a979]:UpdateNnetWithMaxChange():nnet-utils.cc:2205) Global max-change factor was 0.35708 with max-change=0.2.
LOG (nnet3-train[5.5.810~1-76a979]:UpdateNnetWithMaxChange():nnet-utils.cc:2205) Global max-change factor was 0.368509 with max-change=0.2.
LOG (nnet3-train[5.5.810~1-76a979]:UpdateNnetWithMaxChange():nnet-utils.cc:2205) Global max-change factor was 0.263402 with max-change=0.2.
LOG (nnet3-train[5.5.810~1-76a979]:UpdateNnetWithMaxChange():nnet-utils.cc:2205) Global max-change factor was 0.430354 with max-change=0.2.
LOG (nnet3-train[5.5.810~1-76a979]:PrintStatsForThisPhase():nnet-training.cc:278) Average objective function for 'output' for minibatches 50-59 is -0.144944 over 8960.01 frames.
LOG (nnet3-train[5.5.810~1-76a979]:UpdateNnetWithMaxChange():nnet-utils.cc:2205) Global max-change factor was 0.385942 with max-change=0.2.
LOG (nnet3-train[5.5.810~1-76a979]:UpdateNnetWithMaxChange():nnet-utils.cc:2205) Global max-change factor was 0.322301 with max-change=0.2.
LOG (nnet3-train[5.5.810~1-76a979]:UpdateNnetWithMaxChange():nnet-utils.cc:2205) Global max-change factor was 0.347887 with max-change=0.2.
LOG (nnet3-train[5.5.810~1-76a979]:UpdateNnetWithMaxChange():nnet-utils.cc:2205) Per-component max-change active on 1 / 6 Updatable Components. (Smallest factor=0.975228 on tdnn2.affine with max-change=0.75). Global max-change factor was 0.22142 with max-change=0.2.
LOG (nnet3-train[5.5.810~1-76a979]:UpdateNnetWithMaxChange():nnet-utils.cc:2205) Global max-change factor was 0.296104 with max-change=0.2.
LOG (nnet3-train[5.5.810~1-76a979]:UpdateNnetWithMaxChange():nnet-utils.cc:2205) Global max-change factor was 0.283011 with max-change=0.2.
LOG (nnet3-train[5.5.810~1-76a979]:UpdateNnetWithMaxChange():nnet-utils.cc:2205) Global max-change factor was 0.317927 with max-change=0.2.
LOG (nnet3-train[5.5.810~1-76a979]:UpdateNnetWithMaxChange():nnet-utils.cc:2205) Global max-change factor was 0.337943 with max-change=0.2.
LOG (nnet3-train[5.5.810~1-76a979]:UpdateNnetWithMaxChange():nnet-utils.cc:2205) Global max-change factor was 0.35496 with max-change=0.2.
LOG (nnet3-train[5.5.810~1-76a979]:UpdateNnetWithMaxChange():nnet-utils.cc:2205) Global max-change factor was 0.336362 with max-change=0.2.
LOG (nnet3-train[5.5.810~1-76a979]:PrintStatsForThisPhase():nnet-training.cc:278) Average objective function for 'output' for minibatches 60-69 is -0.173036 over 8960.02 frames.
LOG (nnet3-train[5.5.810~1-76a979]:UpdateNnetWithMaxChange():nnet-utils.cc:2205) Global max-change factor was 0.388336 with max-change=0.2.
LOG (nnet3-train[5.5.810~1-76a979]:UpdateNnetWithMaxChange():nnet-utils.cc:2205) Global max-change factor was 0.38382 with max-change=0.2.
LOG (nnet3-train[5.5.810~1-76a979]:UpdateNnetWithMaxChange():nnet-utils.cc:2205) Global max-change factor was 0.426551 with max-change=0.2.
LOG (nnet3-train[5.5.810~1-76a979]:UpdateNnetWithMaxChange():nnet-utils.cc:2205) Global max-change factor was 0.370431 with max-change=0.2.
LOG (nnet3-train[5.5.810~1-76a979]:UpdateNnetWithMaxChange():nnet-utils.cc:2205) Global max-change factor was 0.402742 with max-change=0.2.
LOG (nnet3-train[5.5.810~1-76a979]:UpdateNnetWithMaxChange():nnet-utils.cc:2205) Global max-change factor was 0.401211 with max-change=0.2.
LOG (nnet3-train[5.5.810~1-76a979]:UpdateNnetWithMaxChange():nnet-utils.cc:2205) Global max-change factor was 0.242368 with max-change=0.2.
LOG (nnet3-train[5.5.810~1-76a979]:UpdateNnetWithMaxChange():nnet-utils.cc:2205) Global max-change factor was 0.305378 with max-change=0.2.
LOG (nnet3-train[5.5.810~1-76a979]:UpdateNnetWithMaxChange():nnet-utils.cc:2205) Global max-change factor was 0.353774 with max-change=0.2.
LOG (nnet3-train[5.5.810~1-76a979]:UpdateNnetWithMaxChange():nnet-utils.cc:2205) Global max-change factor was 0.300724 with max-change=0.2.
LOG (nnet3-train[5.5.810~1-76a979]:PrintStatsForThisPhase():nnet-training.cc:278) Average objective function for 'output' for minibatches 70-79 is -0.161678 over 8960.02 frames.
LOG (nnet3-train[5.5.810~1-76a979]:UpdateNnetWithMaxChange():nnet-utils.cc:2205) Global max-change factor was 0.387031 with max-change=0.2.
LOG (nnet3-train[5.5.810~1-76a979]:UpdateNnetWithMaxChange():nnet-utils.cc:2205) Global max-change factor was 0.472204 with max-change=0.2.
LOG (nnet3-train[5.5.810~1-76a979]:UpdateNnetWithMaxChange():nnet-utils.cc:2205) Global max-change factor was 0.357296 with max-change=0.2.
LOG (nnet3-train[5.5.810~1-76a979]:UpdateNnetWithMaxChange():nnet-utils.cc:2205) Global max-change factor was 0.37366 with max-change=0.2.
LOG (nnet3-train[5.5.810~1-76a979]:UpdateNnetWithMaxChange():nnet-utils.cc:2205) Global max-change factor was 0.298931 with max-change=0.2.
LOG (nnet3-train[5.5.810~1-76a979]:UpdateNnetWithMaxChange():nnet-utils.cc:2205) Global max-change factor was 0.266388 with max-change=0.2.
LOG (nnet3-train[5.5.810~1-76a979]:UpdateNnetWithMaxChange():nnet-utils.cc:2205) Global max-change factor was 0.248739 with max-change=0.2.
LOG (nnet3-train[5.5.810~1-76a979]:UpdateNnetWithMaxChange():nnet-utils.cc:2205) Global max-change factor was 0.377377 with max-change=0.2.
LOG (nnet3-train[5.5.810~1-76a979]:UpdateNnetWithMaxChange():nnet-utils.cc:2205) Global max-change factor was 0.365873 with max-change=0.2.
LOG (nnet3-train[5.5.810~1-76a979]:UpdateNnetWithMaxChange():nnet-utils.cc:2205) Global max-change factor was 0.37907 with max-change=0.2.
LOG (nnet3-train[5.5.810~1-76a979]:PrintStatsForThisPhase():nnet-training.cc:278) Average objective function for 'output' for minibatches 80-89 is -0.162317 over 8959.97 frames.
LOG (nnet3-train[5.5.810~1-76a979]:UpdateNnetWithMaxChange():nnet-utils.cc:2205) Global max-change factor was 0.301194 with max-change=0.2.
LOG (nnet3-train[5.5.810~1-76a979]:UpdateNnetWithMaxChange():nnet-utils.cc:2205) Global max-change factor was 0.407801 with max-change=0.2.
LOG (nnet3-train[5.5.810~1-76a979]:UpdateNnetWithMaxChange():nnet-utils.cc:2205) Global max-change factor was 0.301415 with max-change=0.2.
LOG (nnet3-train[5.5.810~1-76a979]:UpdateNnetWithMaxChange():nnet-utils.cc:2205) Global max-change factor was 0.404158 with max-change=0.2.
LOG (nnet3-train[5.5.810~1-76a979]:UpdateNnetWithMaxChange():nnet-utils.cc:2205) Global max-change factor was 0.32739 with max-change=0.2.
LOG (nnet3-train[5.5.810~1-76a979]:UpdateNnetWithMaxChange():nnet-utils.cc:2205) Global max-change factor was 0.415862 with max-change=0.2.
LOG (nnet3-train[5.5.810~1-76a979]:UpdateNnetWithMaxChange():nnet-utils.cc:2205) Global max-change factor was 0.242135 with max-change=0.2.
LOG (nnet3-train[5.5.810~1-76a979]:UpdateNnetWithMaxChange():nnet-utils.cc:2205) Global max-change factor was 0.289308 with max-change=0.2.
LOG (nnet3-train[5.5.810~1-76a979]:UpdateNnetWithMaxChange():nnet-utils.cc:2205) Global max-change factor was 0.369926 with max-change=0.2.
LOG (nnet3-train[5.5.810~1-76a979]:UpdateNnetWithMaxChange():nnet-utils.cc:2205) Global max-change factor was 0.422109 with max-change=0.2.
LOG (nnet3-train[5.5.810~1-76a979]:PrintStatsForThisPhase():nnet-training.cc:278) Average objective function for 'output' for minibatches 90-99 is -0.165247 over 8960.02 frames.
LOG (nnet3-train[5.5.810~1-76a979]:UpdateNnetWithMaxChange():nnet-utils.cc:2205) Global max-change factor was 0.359524 with max-change=0.2.
LOG (nnet3-train[5.5.810~1-76a979]:UpdateNnetWithMaxChange():nnet-utils.cc:2205) Global max-change factor was 0.418784 with max-change=0.2.
LOG (nnet3-train[5.5.810~1-76a979]:UpdateNnetWithMaxChange():nnet-utils.cc:2205) Global max-change factor was 0.429788 with max-change=0.2.
LOG (nnet3-train[5.5.810~1-76a979]:UpdateNnetWithMaxChange():nnet-utils.cc:2205) Global max-change factor was 0.415838 with max-change=0.2.
LOG (nnet3-train[5.5.810~1-76a979]:UpdateNnetWithMaxChange():nnet-utils.cc:2205) Global max-change factor was 0.257792 with max-change=0.2.
LOG (nnet3-copy-egs[5.5.810~1-76a979]:main():nnet3-copy-egs.cc:431) Read 18732 neural-network training examples, wrote 18732, 0 examples had errors.
LOG (nnet3-train[5.5.810~1-76a979]:UpdateNnetWithMaxChange():nnet-utils.cc:2205) Global max-change factor was 0.43505 with max-change=0.2.
LOG (nnet3-train[5.5.810~1-76a979]:UpdateNnetWithMaxChange():nnet-utils.cc:2205) Global max-change factor was 0.384177 with max-change=0.2.
LOG (nnet3-train[5.5.810~1-76a979]:UpdateNnetWithMaxChange():nnet-utils.cc:2205) Global max-change factor was 0.307391 with max-change=0.2.
LOG (nnet3-train[5.5.810~1-76a979]:UpdateNnetWithMaxChange():nnet-utils.cc:2205) Global max-change factor was 0.45001 with max-change=0.2.
LOG (nnet3-train[5.5.810~1-76a979]:UpdateNnetWithMaxChange():nnet-utils.cc:2205) Global max-change factor was 0.375858 with max-change=0.2.
LOG (nnet3-train[5.5.810~1-76a979]:PrintStatsForThisPhase():nnet-training.cc:278) Average objective function for 'output' for minibatches 100-109 is -0.169832 over 8959.98 frames.
LOG (nnet3-train[5.5.810~1-76a979]:UpdateNnetWithMaxChange():nnet-utils.cc:2205) Global max-change factor was 0.416591 with max-change=0.2.
LOG (nnet3-train[5.5.810~1-76a979]:UpdateNnetWithMaxChange():nnet-utils.cc:2205) Global max-change factor was 0.416783 with max-change=0.2.
LOG (nnet3-train[5.5.810~1-76a979]:UpdateNnetWithMaxChange():nnet-utils.cc:2205) Global max-change factor was 0.39799 with max-change=0.2.
LOG (nnet3-train[5.5.810~1-76a979]:UpdateNnetWithMaxChange():nnet-utils.cc:2205) Global max-change factor was 0.333639 with max-change=0.2.
LOG (nnet3-train[5.5.810~1-76a979]:UpdateNnetWithMaxChange():nnet-utils.cc:2205) Global max-change factor was 0.394059 with max-change=0.2.
LOG (nnet3-train[5.5.810~1-76a979]:UpdateNnetWithMaxChange():nnet-utils.cc:2205) Global max-change factor was 0.28119 with max-change=0.2.
LOG (nnet3-train[5.5.810~1-76a979]:UpdateNnetWithMaxChange():nnet-utils.cc:2205) Global max-change factor was 0.352176 with max-change=0.2.
LOG (nnet3-train[5.5.810~1-76a979]:UpdateNnetWithMaxChange():nnet-utils.cc:2205) Global max-change factor was 0.406613 with max-change=0.2.
LOG (nnet3-train[5.5.810~1-76a979]:UpdateNnetWithMaxChange():nnet-utils.cc:2205) Global max-change factor was 0.345497 with max-change=0.2.
LOG (nnet3-train[5.5.810~1-76a979]:UpdateNnetWithMaxChange():nnet-utils.cc:2205) Global max-change factor was 0.378484 with max-change=0.2.
LOG (nnet3-train[5.5.810~1-76a979]:PrintStatsForThisPhase():nnet-training.cc:278) Average objective function for 'output' for minibatches 110-119 is -0.153098 over 8960.01 frames.
LOG (nnet3-train[5.5.810~1-76a979]:UpdateNnetWithMaxChange():nnet-utils.cc:2205) Global max-change factor was 0.369921 with max-change=0.2.
LOG (nnet3-train[5.5.810~1-76a979]:UpdateNnetWithMaxChange():nnet-utils.cc:2205) Global max-change factor was 0.383827 with max-change=0.2.
LOG (nnet3-train[5.5.810~1-76a979]:UpdateNnetWithMaxChange():nnet-utils.cc:2205) Global max-change factor was 0.440031 with max-change=0.2.
LOG (nnet3-train[5.5.810~1-76a979]:UpdateNnetWithMaxChange():nnet-utils.cc:2205) Global max-change factor was 0.380388 with max-change=0.2.
LOG (nnet3-train[5.5.810~1-76a979]:UpdateNnetWithMaxChange():nnet-utils.cc:2205) Global max-change factor was 0.426219 with max-change=0.2.
LOG (nnet3-train[5.5.810~1-76a979]:UpdateNnetWithMaxChange():nnet-utils.cc:2205) Global max-change factor was 0.494133 with max-change=0.2.
LOG (nnet3-train[5.5.810~1-76a979]:UpdateNnetWithMaxChange():nnet-utils.cc:2205) Global max-change factor was 0.356903 with max-change=0.2.
LOG (nnet3-train[5.5.810~1-76a979]:UpdateNnetWithMaxChange():nnet-utils.cc:2205) Global max-change factor was 0.488503 with max-change=0.2.
LOG (nnet3-train[5.5.810~1-76a979]:UpdateNnetWithMaxChange():nnet-utils.cc:2205) Global max-change factor was 0.308667 with max-change=0.2.
LOG (nnet3-train[5.5.810~1-76a979]:UpdateNnetWithMaxChange():nnet-utils.cc:2205) Global max-change factor was 0.40174 with max-change=0.2.
LOG (nnet3-train[5.5.810~1-76a979]:PrintStatsForThisPhase():nnet-training.cc:278) Average objective function for 'output' for minibatches 120-129 is -0.162125 over 8960.05 frames.
LOG (nnet3-train[5.5.810~1-76a979]:UpdateNnetWithMaxChange():nnet-utils.cc:2205) Global max-change factor was 0.518456 with max-change=0.2.
LOG (nnet3-train[5.5.810~1-76a979]:UpdateNnetWithMaxChange():nnet-utils.cc:2205) Global max-change factor was 0.47076 with max-change=0.2.
LOG (nnet3-train[5.5.810~1-76a979]:UpdateNnetWithMaxChange():nnet-utils.cc:2205) Global max-change factor was 0.304502 with max-change=0.2.
LOG (nnet3-train[5.5.810~1-76a979]:UpdateNnetWithMaxChange():nnet-utils.cc:2205) Global max-change factor was 0.305141 with max-change=0.2.
LOG (nnet3-train[5.5.810~1-76a979]:UpdateNnetWithMaxChange():nnet-utils.cc:2205) Global max-change factor was 0.376969 with max-change=0.2.
LOG (nnet3-train[5.5.810~1-76a979]:UpdateNnetWithMaxChange():nnet-utils.cc:2205) Global max-change factor was 0.5683 with max-change=0.2.
LOG (nnet3-train[5.5.810~1-76a979]:UpdateNnetWithMaxChange():nnet-utils.cc:2205) Global max-change factor was 0.404244 with max-change=0.2.
LOG (nnet3-train[5.5.810~1-76a979]:UpdateNnetWithMaxChange():nnet-utils.cc:2205) Global max-change factor was 0.425641 with max-change=0.2.
LOG (nnet3-train[5.5.810~1-76a979]:UpdateNnetWithMaxChange():nnet-utils.cc:2205) Global max-change factor was 0.391578 with max-change=0.2.
LOG (nnet3-train[5.5.810~1-76a979]:UpdateNnetWithMaxChange():nnet-utils.cc:2205) Global max-change factor was 0.393305 with max-change=0.2.
LOG (nnet3-train[5.5.810~1-76a979]:PrintStatsForThisPhase():nnet-training.cc:278) Average objective function for 'output' for minibatches 130-139 is -0.148568 over 8960.05 frames.
LOG (nnet3-train[5.5.810~1-76a979]:UpdateNnetWithMaxChange():nnet-utils.cc:2205) Global max-change factor was 0.602226 with max-change=0.2.
LOG (nnet3-train[5.5.810~1-76a979]:UpdateNnetWithMaxChange():nnet-utils.cc:2205) Global max-change factor was 0.508174 with max-change=0.2.
LOG (nnet3-train[5.5.810~1-76a979]:UpdateNnetWithMaxChange():nnet-utils.cc:2205) Global max-change factor was 0.462743 with max-change=0.2.
LOG (nnet3-train[5.5.810~1-76a979]:UpdateNnetWithMaxChange():nnet-utils.cc:2205) Global max-change factor was 0.280902 with max-change=0.2.
LOG (nnet3-shuffle-egs[5.5.810~1-76a979]:main():nnet3-shuffle-egs.cc:103) Shuffled order of 18732 neural-network training examples using a buffer (partial randomization)
LOG (nnet3-merge-egs[5.5.810~1-76a979]:PrintSpecificStats():nnet-example-utils.cc:1159) Merged specific eg types as follows [format: <eg-size1>={<mb-size1>-><num-minibatches1>,<mbsize2>-><num-minibatches2>.../d=<num-discarded>},<egs-size2>={...},... (note,egs-size == number of input frames including context).
LOG (nnet3-merge-egs[5.5.810~1-76a979]:PrintSpecificStats():nnet-example-utils.cc:1189) 112={,d=8},170={,d=8},191={128->146,d=28}
LOG (nnet3-merge-egs[5.5.810~1-76a979]:PrintAggregateStats():nnet-example-utils.cc:1155) Processed 18732 egs of avg. size 191 into 146 minibatches, discarding 0.2349% of egs.  Avg minibatch size was 128, #distinct types of egs/minibatches was 3/1
LOG (nnet3-train[5.5.810~1-76a979]:UpdateNnetWithMaxChange():nnet-utils.cc:2205) Global max-change factor was 0.293944 with max-change=0.2.
LOG (nnet3-train[5.5.810~1-76a979]:UpdateNnetWithMaxChange():nnet-utils.cc:2205) Global max-change factor was 0.244087 with max-change=0.2.
LOG (nnet3-train[5.5.810~1-76a979]:PrintTotalStats():nnet-training.cc:317) Overall average objective function for 'output' is -0.156471 over 130816 frames.
LOG (nnet3-train[5.5.810~1-76a979]:PrintTotalStats():nnet-training.cc:324) [this line is to be parsed by a script:] log-prob-per-frame=-0.156471
LOG (nnet3-train[5.5.810~1-76a979]:Print():nnet-utils.cc:2311) For tdnn2.affine, per-component max-change was enforced 0.684932 % of the time.
LOG (nnet3-train[5.5.810~1-76a979]:Print():nnet-utils.cc:2320) The global max-change was enforced 100 % of the time.
LOG (nnet3-train[5.5.810~1-76a979]:main():nnet3-train.cc:91) Wrote model to exp/dihard3_sad_tdnn_stats/10.3.raw
LOG (nnet3-train[5.5.810~1-76a979]:~CachingOptimizingCompiler():nnet-optimize.cc:710) 0.00851 seconds taken in nnet3 compilation total (breakdown: 0 compilation, 0 optimization, 0 shortcut expansion, 0 checking, 0 computing indexes, 0.00851 misc.) + 0.0211 I/O.
# Accounting: time=7 threads=1
# Ended (code 0) at Sat Nov 28 18:25:18 EST 2020, elapsed time 7 seconds
