# nnet3-train --use-gpu=yes --read-cache=exp/dihard3_sad_tdnn_stats/cache.116 --print-interval=10 --momentum=0.5 --max-param-change=0.2 --backstitch-training-scale=0.0 --l2-regularize-factor=0.2 --backstitch-training-interval=1 --srand=116 --optimization.min-deriv-time=-34 --optimization.max-deriv-time-relative=56 "nnet3-copy --learning-rate=0.0005732569432395395 --scale=1.0 exp/dihard3_sad_tdnn_stats/116.raw - |" "ark,bg:nnet3-copy-egs               ark:exp/dihard3_sad_tdnn_stats/egs/egs.26.ark ark:- |             nnet3-shuffle-egs --buffer-size=5000             --srand=116 ark:- ark:- |              nnet3-merge-egs --minibatch-size=128,64 ark:- ark:- |" exp/dihard3_sad_tdnn_stats/117.4.raw 
# Started at Sat Nov 28 18:37:49 EST 2020
#
nnet3-train --use-gpu=yes --read-cache=exp/dihard3_sad_tdnn_stats/cache.116 --print-interval=10 --momentum=0.5 --max-param-change=0.2 --backstitch-training-scale=0.0 --l2-regularize-factor=0.2 --backstitch-training-interval=1 --srand=116 --optimization.min-deriv-time=-34 --optimization.max-deriv-time-relative=56 'nnet3-copy --learning-rate=0.0005732569432395395 --scale=1.0 exp/dihard3_sad_tdnn_stats/116.raw - |' 'ark,bg:nnet3-copy-egs               ark:exp/dihard3_sad_tdnn_stats/egs/egs.26.ark ark:- |             nnet3-shuffle-egs --buffer-size=5000             --srand=116 ark:- ark:- |              nnet3-merge-egs --minibatch-size=128,64 ark:- ark:- |' exp/dihard3_sad_tdnn_stats/117.4.raw 
LOG (nnet3-train[5.5.810~1-76a979]:SelectGpuId():cu-device.cc:223) CUDA setup operating under Compute Exclusive Mode.
LOG (nnet3-train[5.5.810~1-76a979]:FinalizeActiveGpu():cu-device.cc:308) The active GPU is [3]: GeForce GTX 1080	free:7856M, used:262M, total:8119M, free/total:0.967617 version 6.1
nnet3-copy --learning-rate=0.0005732569432395395 --scale=1.0 exp/dihard3_sad_tdnn_stats/116.raw - 
LOG (nnet3-copy[5.5.810~1-76a979]:main():nnet3-copy.cc:114) Copied raw neural net from exp/dihard3_sad_tdnn_stats/116.raw to -
LOG (nnet3-train[5.5.810~1-76a979]:NnetTrainer():nnet-training.cc:48) Read computation cache from exp/dihard3_sad_tdnn_stats/cache.116
nnet3-shuffle-egs --buffer-size=5000 --srand=116 ark:- ark:- 
nnet3-merge-egs --minibatch-size=128,64 ark:- ark:- 
nnet3-copy-egs ark:exp/dihard3_sad_tdnn_stats/egs/egs.26.ark ark:- 
ERROR (nnet3-train[5.5.810~1-76a979]:Cholesky():tp-matrix.cc:110) Cholesky decomposition failed. Maybe matrix is not positive definite.

[ Stack-Trace: ]
/data/working/nryant/dihard3/baseline/development/dihard3_baseline/tools/kaldi/src/lib/libkaldi-base.so(kaldi::MessageLogger::LogMessage() const+0xb42) [0x7efdee671732]
nnet3-train(kaldi::MessageLogger::LogAndThrow::operator=(kaldi::MessageLogger const&)+0x21) [0x562e7abe5341]
/data/working/nryant/dihard3/baseline/development/dihard3_baseline/tools/kaldi/src/lib/libkaldi-matrix.so(kaldi::TpMatrix<float>::Cholesky(kaldi::SpMatrix<float> const&)+0x1ae) [0x7efdee8dbb42]
/data/working/nryant/dihard3/baseline/development/dihard3_baseline/tools/kaldi/src/lib/libkaldi-nnet3.so(kaldi::nnet3::OnlineNaturalGradient::ReorthogonalizeRt1(kaldi::VectorBase<float> const&, float, kaldi::CuMatrixBase<float>*, kaldi::CuMatrixBase<float>*, kaldi::CuMatrixBase<float>*)+0x461) [0x7efdf04485f3]
/data/working/nryant/dihard3/baseline/development/dihard3_baseline/tools/kaldi/src/lib/libkaldi-nnet3.so(kaldi::nnet3::OnlineNaturalGradient::PreconditionDirectionsInternal(float, float, bool, kaldi::Vector<float> const&, kaldi::CuMatrixBase<float>*, kaldi::CuMatrixBase<float>*)+0x103c) [0x7efdf0449afe]
/data/working/nryant/dihard3/baseline/development/dihard3_baseline/tools/kaldi/src/lib/libkaldi-nnet3.so(kaldi::nnet3::OnlineNaturalGradient::PreconditionDirections(kaldi::CuMatrixBase<float>*, float*)+0x1e3) [0x7efdf044a89b]
/data/working/nryant/dihard3/baseline/development/dihard3_baseline/tools/kaldi/src/lib/libkaldi-nnet3.so(kaldi::nnet3::OnlineNaturalGradient::Init(kaldi::CuMatrixBase<float> const&)+0xd0) [0x7efdf044a5e6]
/data/working/nryant/dihard3/baseline/development/dihard3_baseline/tools/kaldi/src/lib/libkaldi-nnet3.so(kaldi::nnet3::OnlineNaturalGradient::PreconditionDirections(kaldi::CuMatrixBase<float>*, float*)+0x101) [0x7efdf044a7b9]
/data/working/nryant/dihard3/baseline/development/dihard3_baseline/tools/kaldi/src/lib/libkaldi-nnet3.so(kaldi::nnet3::NaturalGradientAffineComponent::Update(std::__cxx11::basic_string<char, std::char_traits<char>, std::allocator<char> > const&, kaldi::CuMatrixBase<float> const&, kaldi::CuMatrixBase<float> const&)+0x222) [0x7efdf0402584]
/data/working/nryant/dihard3/baseline/development/dihard3_baseline/tools/kaldi/src/lib/libkaldi-nnet3.so(kaldi::nnet3::AffineComponent::Backprop(std::__cxx11::basic_string<char, std::char_traits<char>, std::allocator<char> > const&, kaldi::nnet3::ComponentPrecomputedIndexes const*, kaldi::CuMatrixBase<float> const&, kaldi::CuMatrixBase<float> const&, kaldi::CuMatrixBase<float> const&, void*, kaldi::nnet3::Component*, kaldi::CuMatrixBase<float>*) const+0x92) [0x7efdf03ffb48]
/data/working/nryant/dihard3/baseline/development/dihard3_baseline/tools/kaldi/src/lib/libkaldi-nnet3.so(kaldi::nnet3::NnetComputer::ExecuteCommand()+0x8d5) [0x7efdf049cd69]
/data/working/nryant/dihard3/baseline/development/dihard3_baseline/tools/kaldi/src/lib/libkaldi-nnet3.so(kaldi::nnet3::NnetComputer::Run()+0x178) [0x7efdf049dcba]
/data/working/nryant/dihard3/baseline/development/dihard3_baseline/tools/kaldi/src/lib/libkaldi-nnet3.so(kaldi::nnet3::NnetTrainer::TrainInternal(kaldi::nnet3::NnetExample const&, kaldi::nnet3::NnetComputation const&)+0x79) [0x7efdf04c5bb5]
/data/working/nryant/dihard3/baseline/development/dihard3_baseline/tools/kaldi/src/lib/libkaldi-nnet3.so(kaldi::nnet3::NnetTrainer::Train(kaldi::nnet3::NnetExample const&)+0xc2) [0x7efdf04c5f24]
nnet3-train(main+0x659) [0x562e7abe4593]
/lib/x86_64-linux-gnu/libc.so.6(__libc_start_main+0xe7) [0x7efdeda84b97]
nnet3-train(_start+0x2a) [0x562e7abe3e5a]

WARNING (nnet3-train[5.5.810~1-76a979]:ReorthogonalizeRt1():natural-gradient-online.cc:248) Cholesky or Invert() failed while re-orthogonalizing R_t. Re-orthogonalizing on CPU.
LOG (nnet3-train[5.5.810~1-76a979]:PrintStatsForThisPhase():nnet-training.cc:278) Average objective function for 'output' for minibatches 0-9 is -0.076842 over 8959.98 frames.
LOG (nnet3-train[5.5.810~1-76a979]:UpdateNnetWithMaxChange():nnet-utils.cc:2205) Global max-change factor was 0.991768 with max-change=0.2.
LOG (nnet3-train[5.5.810~1-76a979]:PrintStatsForThisPhase():nnet-training.cc:278) Average objective function for 'output' for minibatches 10-19 is -0.0868954 over 8959.98 frames.
LOG (nnet3-train[5.5.810~1-76a979]:PrintStatsForThisPhase():nnet-training.cc:278) Average objective function for 'output' for minibatches 20-29 is -0.0911509 over 8959.99 frames.
LOG (nnet3-train[5.5.810~1-76a979]:PrintStatsForThisPhase():nnet-training.cc:278) Average objective function for 'output' for minibatches 30-39 is -0.0793906 over 8960 frames.
LOG (nnet3-train[5.5.810~1-76a979]:PrintStatsForThisPhase():nnet-training.cc:278) Average objective function for 'output' for minibatches 40-49 is -0.0831405 over 8959.99 frames.
LOG (nnet3-train[5.5.810~1-76a979]:UpdateNnetWithMaxChange():nnet-utils.cc:2205) Global max-change factor was 0.934677 with max-change=0.2.
LOG (nnet3-train[5.5.810~1-76a979]:PrintStatsForThisPhase():nnet-training.cc:278) Average objective function for 'output' for minibatches 50-59 is -0.0903354 over 8959.97 frames.
LOG (nnet3-train[5.5.810~1-76a979]:UpdateNnetWithMaxChange():nnet-utils.cc:2205) Global max-change factor was 0.974471 with max-change=0.2.
LOG (nnet3-train[5.5.810~1-76a979]:PrintStatsForThisPhase():nnet-training.cc:278) Average objective function for 'output' for minibatches 60-69 is -0.0974676 over 8960.01 frames.
LOG (nnet3-train[5.5.810~1-76a979]:PrintStatsForThisPhase():nnet-training.cc:278) Average objective function for 'output' for minibatches 70-79 is -0.0892033 over 8960.08 frames.
LOG (nnet3-train[5.5.810~1-76a979]:PrintStatsForThisPhase():nnet-training.cc:278) Average objective function for 'output' for minibatches 80-89 is -0.0950178 over 8960.03 frames.
LOG (nnet3-train[5.5.810~1-76a979]:UpdateNnetWithMaxChange():nnet-utils.cc:2205) Global max-change factor was 0.969287 with max-change=0.2.
LOG (nnet3-train[5.5.810~1-76a979]:PrintStatsForThisPhase():nnet-training.cc:278) Average objective function for 'output' for minibatches 90-99 is -0.0964629 over 8959.98 frames.
LOG (nnet3-train[5.5.810~1-76a979]:UpdateNnetWithMaxChange():nnet-utils.cc:2205) Global max-change factor was 0.966611 with max-change=0.2.
LOG (nnet3-copy-egs[5.5.810~1-76a979]:main():nnet3-copy-egs.cc:431) Read 19123 neural-network training examples, wrote 19123, 0 examples had errors.
LOG (nnet3-train[5.5.810~1-76a979]:PrintStatsForThisPhase():nnet-training.cc:278) Average objective function for 'output' for minibatches 100-109 is -0.090398 over 8959.91 frames.
LOG (nnet3-train[5.5.810~1-76a979]:UpdateNnetWithMaxChange():nnet-utils.cc:2205) Global max-change factor was 0.955174 with max-change=0.2.
LOG (nnet3-train[5.5.810~1-76a979]:UpdateNnetWithMaxChange():nnet-utils.cc:2205) Global max-change factor was 0.961933 with max-change=0.2.
LOG (nnet3-train[5.5.810~1-76a979]:PrintStatsForThisPhase():nnet-training.cc:278) Average objective function for 'output' for minibatches 110-119 is -0.11082 over 8960.05 frames.
LOG (nnet3-train[5.5.810~1-76a979]:PrintStatsForThisPhase():nnet-training.cc:278) Average objective function for 'output' for minibatches 120-129 is -0.0866462 over 8959.99 frames.
LOG (nnet3-train[5.5.810~1-76a979]:PrintStatsForThisPhase():nnet-training.cc:278) Average objective function for 'output' for minibatches 130-139 is -0.0819169 over 8959.98 frames.
LOG (nnet3-shuffle-egs[5.5.810~1-76a979]:main():nnet3-shuffle-egs.cc:103) Shuffled order of 19123 neural-network training examples using a buffer (partial randomization)
LOG (nnet3-merge-egs[5.5.810~1-76a979]:PrintSpecificStats():nnet-example-utils.cc:1159) Merged specific eg types as follows [format: <eg-size1>={<mb-size1>-><num-minibatches1>,<mbsize2>-><num-minibatches2>.../d=<num-discarded>},<egs-size2>={...},... (note,egs-size == number of input frames including context).
LOG (nnet3-merge-egs[5.5.810~1-76a979]:PrintSpecificStats():nnet-example-utils.cc:1189) 112={,d=10},170={,d=8},191={128->149,d=33}
LOG (nnet3-merge-egs[5.5.810~1-76a979]:PrintAggregateStats():nnet-example-utils.cc:1155) Processed 19123 egs of avg. size 190.9 into 149 minibatches, discarding 0.2667% of egs.  Avg minibatch size was 128, #distinct types of egs/minibatches was 3/1
LOG (nnet3-train[5.5.810~1-76a979]:PrintTotalStats():nnet-training.cc:317) Overall average objective function for 'output' is -0.0888639 over 133504 frames.
LOG (nnet3-train[5.5.810~1-76a979]:PrintTotalStats():nnet-training.cc:324) [this line is to be parsed by a script:] log-prob-per-frame=-0.0888639
LOG (nnet3-train[5.5.810~1-76a979]:Print():nnet-utils.cc:2320) The global max-change was enforced 4.69799 % of the time.
LOG (nnet3-train[5.5.810~1-76a979]:main():nnet3-train.cc:91) Wrote model to exp/dihard3_sad_tdnn_stats/117.4.raw
LOG (nnet3-train[5.5.810~1-76a979]:~CachingOptimizingCompiler():nnet-optimize.cc:710) 0.00901 seconds taken in nnet3 compilation total (breakdown: 0 compilation, 0 optimization, 0 shortcut expansion, 0 checking, 0 computing indexes, 0.00901 misc.) + 0.0256 I/O.
# Accounting: time=7 threads=1
# Ended (code 0) at Sat Nov 28 18:37:56 EST 2020, elapsed time 7 seconds
